---------------------------------------------
Log C:\TCAFiles\Users\admin\1\instance\crash_2023-03-03_03-06-26.log started at 03.03. 03:09:32



------------------------------------
SERVER-EPSILON, 03.03 2023 03:09:32
[Object::GetMaxHealth] :: [Land_Wreck_sed01_aban2_police:0] :: No DamageSystemData or not initialized yet.

Runtime mode
CLI params: ip 192.168.1.90 port 2302 mod @Server_Information_Panel;@Autorun_mod;@CF;@VPPAdminTools;@BasicSpawnSelect;@ZenNotes;@ZenLeftovers;@ZenOpenCansRock;@ZenGunMoveSounds;@Zen's Fire Fuel Mod;@Zen's Firewood Piles;@Zen's Immersive Login;@Zen's Persistent Trees;@ZenCatchRain;@ZenCauseOfDeath;@EpsilonCommunity Armbands;@BaseBuildingItemStackandRepair;@BaseBuildingPlus;@Basic Map;@Basic Territories;@BBPItemPack;@BuildEverywhere;@BulletStacksPlusPlus;@Notifications;@SchanaModCompass;@SchanaModParty;@Barrel Fix-Carry Barrels Containing Items config serverdz.cfg bepath C:\TCAFiles\Users\admin\1\Battleye storage C:\TCAFiles\Users\admin\1\storage profiles C:\TCAFiles\Users\admin\1\instance autoinit  noFilePatching  


------------------------------------
SERVER-EPSILON, 03.03 2023 03:09:59
[Object::GetMaxHealth] :: [Land_Wreck_sed01_aban1_police:0] :: No DamageSystemData or not initialized yet.

Runtime mode
CLI params: ip 192.168.1.90 port 2302 mod @Server_Information_Panel;@Autorun_mod;@CF;@VPPAdminTools;@BasicSpawnSelect;@ZenNotes;@ZenLeftovers;@ZenOpenCansRock;@ZenGunMoveSounds;@Zen's Fire Fuel Mod;@Zen's Firewood Piles;@Zen's Immersive Login;@Zen's Persistent Trees;@ZenCatchRain;@ZenCauseOfDeath;@EpsilonCommunity Armbands;@BaseBuildingItemStackandRepair;@BaseBuildingPlus;@Basic Map;@Basic Territories;@BBPItemPack;@BuildEverywhere;@BulletStacksPlusPlus;@Notifications;@SchanaModCompass;@SchanaModParty;@Barrel Fix-Carry Barrels Containing Items config serverdz.cfg bepath C:\TCAFiles\Users\admin\1\Battleye storage C:\TCAFiles\Users\admin\1\storage profiles C:\TCAFiles\Users\admin\1\instance autoinit  noFilePatching  


------------------------------------
SERVER-EPSILON, 03.03 2023 03:10:26
[Object::GetMaxHealth] :: [Land_Wreck_hb01_aban2_police:0] :: No DamageSystemData or not initialized yet.

Runtime mode
CLI params: ip 192.168.1.90 port 2302 mod @Server_Information_Panel;@Autorun_mod;@CF;@VPPAdminTools;@BasicSpawnSelect;@ZenNotes;@ZenLeftovers;@ZenOpenCansRock;@ZenGunMoveSounds;@Zen's Fire Fuel Mod;@Zen's Firewood Piles;@Zen's Immersive Login;@Zen's Persistent Trees;@ZenCatchRain;@ZenCauseOfDeath;@EpsilonCommunity Armbands;@BaseBuildingItemStackandRepair;@BaseBuildingPlus;@Basic Map;@Basic Territories;@BBPItemPack;@BuildEverywhere;@BulletStacksPlusPlus;@Notifications;@SchanaModCompass;@SchanaModParty;@Barrel Fix-Carry Barrels Containing Items config serverdz.cfg bepath C:\TCAFiles\Users\admin\1\Battleye storage C:\TCAFiles\Users\admin\1\storage profiles C:\TCAFiles\Users\admin\1\instance autoinit  noFilePatching  


------------------------------------
SERVER-EPSILON, 03.03 2023 03:10:26
[Object::GetMaxHealth] :: [Land_Wreck_hb01_aban1_police:0] :: No DamageSystemData or not initialized yet.

Runtime mode
CLI params: ip 192.168.1.90 port 2302 mod @Server_Information_Panel;@Autorun_mod;@CF;@VPPAdminTools;@BasicSpawnSelect;@ZenNotes;@ZenLeftovers;@ZenOpenCansRock;@ZenGunMoveSounds;@Zen's Fire Fuel Mod;@Zen's Firewood Piles;@Zen's Immersive Login;@Zen's Persistent Trees;@ZenCatchRain;@ZenCauseOfDeath;@EpsilonCommunity Armbands;@BaseBuildingItemStackandRepair;@BaseBuildingPlus;@Basic Map;@Basic Territories;@BBPItemPack;@BuildEverywhere;@BulletStacksPlusPlus;@Notifications;@SchanaModCompass;@SchanaModParty;@Barrel Fix-Carry Barrels Containing Items config serverdz.cfg bepath C:\TCAFiles\Users\admin\1\Battleye storage C:\TCAFiles\Users\admin\1\storage profiles C:\TCAFiles\Users\admin\1\instance autoinit  noFilePatching  


------------------------------------
SERVER-EPSILON, 03.03 2023 03:11:20
[Object::GetMaxHealth] :: [Land_Wreck_Volha_Police:0] :: No DamageSystemData or not initialized yet.

Runtime mode
CLI params: ip 192.168.1.90 port 2302 mod @Server_Information_Panel;@Autorun_mod;@CF;@VPPAdminTools;@BasicSpawnSelect;@ZenNotes;@ZenLeftovers;@ZenOpenCansRock;@ZenGunMoveSounds;@Zen's Fire Fuel Mod;@Zen's Firewood Piles;@Zen's Immersive Login;@Zen's Persistent Trees;@ZenCatchRain;@ZenCauseOfDeath;@EpsilonCommunity Armbands;@BaseBuildingItemStackandRepair;@BaseBuildingPlus;@Basic Map;@Basic Territories;@BBPItemPack;@BuildEverywhere;@BulletStacksPlusPlus;@Notifications;@SchanaModCompass;@SchanaModParty;@Barrel Fix-Carry Barrels Containing Items config serverdz.cfg bepath C:\TCAFiles\Users\admin\1\Battleye storage C:\TCAFiles\Users\admin\1\storage profiles C:\TCAFiles\Users\admin\1\instance autoinit  noFilePatching  
