---------------------------------------------
Log C:\Program Files (x86)\Steam\steamapps\common\DayZServer\profiles\crash_2023-02-28_13-16-40.log started at 28.02. 13:17:56



------------------------------------
EPSILON-SERVER, 28.02 2023 13:17:56
[Object::GetMaxHealth] :: [Land_Wreck_sed01_aban2_police:0] :: No DamageSystemData or not initialized yet.

Runtime mode
CLI params: limitFPS 60 cpuCount 4 freezeCheck  netLog  adminLog  doLogs  port 2302 profiles C:\Program Files (x86)\Steam\steamapps\common\DayZServer\profiles config serverDZ.cfg mod @CF;@VPPAdminTools;@BasicSpawnSelect;@ZenNotes;@ZenLeftovers;@ZenOpenCansRock;@ZenGunMoveSounds;@Zen's Fire Fuel Mod;@Zen's Firewood Piles;@Zen's Immersive Login;@Zen's Persistent Trees;@ZenCatchRain;@ZenCauseOfDeath;@Trader;@TraderFixesAndFeatures;@EpsilonCommunity Armbands;@BaseBuildingItemStackandRepair;@BaseBuildingPlus;@Basic Map;@Basic Territories;@BBPItemPack;@BuildEverywhere;@BulletStacksPlusPlus;@Notifications;@SchanaModCompass;@SchanaModParty;@Barrel Fix-Carry Barrels Containing Items 


------------------------------------
EPSILON-SERVER, 28.02 2023 13:18:28
[Object::GetMaxHealth] :: [Land_Wreck_sed01_aban1_police:0] :: No DamageSystemData or not initialized yet.

Runtime mode
CLI params: limitFPS 60 cpuCount 4 freezeCheck  netLog  adminLog  doLogs  port 2302 profiles C:\Program Files (x86)\Steam\steamapps\common\DayZServer\profiles config serverDZ.cfg mod @CF;@VPPAdminTools;@BasicSpawnSelect;@ZenNotes;@ZenLeftovers;@ZenOpenCansRock;@ZenGunMoveSounds;@Zen's Fire Fuel Mod;@Zen's Firewood Piles;@Zen's Immersive Login;@Zen's Persistent Trees;@ZenCatchRain;@ZenCauseOfDeath;@Trader;@TraderFixesAndFeatures;@EpsilonCommunity Armbands;@BaseBuildingItemStackandRepair;@BaseBuildingPlus;@Basic Map;@Basic Territories;@BBPItemPack;@BuildEverywhere;@BulletStacksPlusPlus;@Notifications;@SchanaModCompass;@SchanaModParty;@Barrel Fix-Carry Barrels Containing Items 


------------------------------------
EPSILON-SERVER, 28.02 2023 13:19:01
[Object::GetMaxHealth] :: [Land_Wreck_hb01_aban2_police:0] :: No DamageSystemData or not initialized yet.

Runtime mode
CLI params: limitFPS 60 cpuCount 4 freezeCheck  netLog  adminLog  doLogs  port 2302 profiles C:\Program Files (x86)\Steam\steamapps\common\DayZServer\profiles config serverDZ.cfg mod @CF;@VPPAdminTools;@BasicSpawnSelect;@ZenNotes;@ZenLeftovers;@ZenOpenCansRock;@ZenGunMoveSounds;@Zen's Fire Fuel Mod;@Zen's Firewood Piles;@Zen's Immersive Login;@Zen's Persistent Trees;@ZenCatchRain;@ZenCauseOfDeath;@Trader;@TraderFixesAndFeatures;@EpsilonCommunity Armbands;@BaseBuildingItemStackandRepair;@BaseBuildingPlus;@Basic Map;@Basic Territories;@BBPItemPack;@BuildEverywhere;@BulletStacksPlusPlus;@Notifications;@SchanaModCompass;@SchanaModParty;@Barrel Fix-Carry Barrels Containing Items 


------------------------------------
EPSILON-SERVER, 28.02 2023 13:19:02
[Object::GetMaxHealth] :: [Land_Wreck_hb01_aban1_police:0] :: No DamageSystemData or not initialized yet.

Runtime mode
CLI params: limitFPS 60 cpuCount 4 freezeCheck  netLog  adminLog  doLogs  port 2302 profiles C:\Program Files (x86)\Steam\steamapps\common\DayZServer\profiles config serverDZ.cfg mod @CF;@VPPAdminTools;@BasicSpawnSelect;@ZenNotes;@ZenLeftovers;@ZenOpenCansRock;@ZenGunMoveSounds;@Zen's Fire Fuel Mod;@Zen's Firewood Piles;@Zen's Immersive Login;@Zen's Persistent Trees;@ZenCatchRain;@ZenCauseOfDeath;@Trader;@TraderFixesAndFeatures;@EpsilonCommunity Armbands;@BaseBuildingItemStackandRepair;@BaseBuildingPlus;@Basic Map;@Basic Territories;@BBPItemPack;@BuildEverywhere;@BulletStacksPlusPlus;@Notifications;@SchanaModCompass;@SchanaModParty;@Barrel Fix-Carry Barrels Containing Items 


------------------------------------
EPSILON-SERVER, 28.02 2023 13:20:08
[Object::GetMaxHealth] :: [Land_Wreck_Volha_Police:0] :: No DamageSystemData or not initialized yet.

Runtime mode
CLI params: limitFPS 60 cpuCount 4 freezeCheck  netLog  adminLog  doLogs  port 2302 profiles C:\Program Files (x86)\Steam\steamapps\common\DayZServer\profiles config serverDZ.cfg mod @CF;@VPPAdminTools;@BasicSpawnSelect;@ZenNotes;@ZenLeftovers;@ZenOpenCansRock;@ZenGunMoveSounds;@Zen's Fire Fuel Mod;@Zen's Firewood Piles;@Zen's Immersive Login;@Zen's Persistent Trees;@ZenCatchRain;@ZenCauseOfDeath;@Trader;@TraderFixesAndFeatures;@EpsilonCommunity Armbands;@BaseBuildingItemStackandRepair;@BaseBuildingPlus;@Basic Map;@Basic Territories;@BBPItemPack;@BuildEverywhere;@BulletStacksPlusPlus;@Notifications;@SchanaModCompass;@SchanaModParty;@Barrel Fix-Carry Barrels Containing Items 


------------------------------------
EPSILON-SERVER, 28.02 2023 13:50:29
NULL pointer to instance
Class:      'ActionPlaceObject'
Function: 'RemoveTheBasicMapMarker'
Stack trace:
BasicTerritories/scripts/4_World/actions\actiondeployobject.c:73
BasicTerritories/scripts/4_World/actions\actiondeployobject.c:12

Runtime mode
CLI params: limitFPS 60 cpuCount 4 freezeCheck  netLog  adminLog  doLogs  port 2302 profiles C:\Program Files (x86)\Steam\steamapps\common\DayZServer\profiles config serverDZ.cfg mod @CF;@VPPAdminTools;@BasicSpawnSelect;@ZenNotes;@ZenLeftovers;@ZenOpenCansRock;@ZenGunMoveSounds;@Zen's Fire Fuel Mod;@Zen's Firewood Piles;@Zen's Immersive Login;@Zen's Persistent Trees;@ZenCatchRain;@ZenCauseOfDeath;@Trader;@TraderFixesAndFeatures;@EpsilonCommunity Armbands;@BaseBuildingItemStackandRepair;@BaseBuildingPlus;@Basic Map;@Basic Territories;@BBPItemPack;@BuildEverywhere;@BulletStacksPlusPlus;@Notifications;@SchanaModCompass;@SchanaModParty;@Barrel Fix-Carry Barrels Containing Items 


------------------------------------
EPSILON-SERVER, 28.02 2023 13:50:29
NULL pointer to instance
Class:      'ActionDeployObject'
Function: 'RemoveTheBasicMapMarker'
Stack trace:
BasicTerritories/scripts/4_World/actions\actiondeployobject.c:73
BasicTerritories/scripts/4_World/actions\actiondeployobject.c:12

Runtime mode
CLI params: limitFPS 60 cpuCount 4 freezeCheck  netLog  adminLog  doLogs  port 2302 profiles C:\Program Files (x86)\Steam\steamapps\common\DayZServer\profiles config serverDZ.cfg mod @CF;@VPPAdminTools;@BasicSpawnSelect;@ZenNotes;@ZenLeftovers;@ZenOpenCansRock;@ZenGunMoveSounds;@Zen's Fire Fuel Mod;@Zen's Firewood Piles;@Zen's Immersive Login;@Zen's Persistent Trees;@ZenCatchRain;@ZenCauseOfDeath;@Trader;@TraderFixesAndFeatures;@EpsilonCommunity Armbands;@BaseBuildingItemStackandRepair;@BaseBuildingPlus;@Basic Map;@Basic Territories;@BBPItemPack;@BuildEverywhere;@BulletStacksPlusPlus;@Notifications;@SchanaModCompass;@SchanaModParty;@Barrel Fix-Carry Barrels Containing Items 


------------------------------------
EPSILON-SERVER, 28.02 2023 13:50:29
NULL pointer to instance
Class:      'ActionDigGardenPlot'
Function: 'RemoveTheBasicMapMarker'
Stack trace:
BasicTerritories/scripts/4_World/actions\actiondeployobject.c:73
BasicTerritories/scripts/4_World/actions\actiondeployobject.c:12

Runtime mode
CLI params: limitFPS 60 cpuCount 4 freezeCheck  netLog  adminLog  doLogs  port 2302 profiles C:\Program Files (x86)\Steam\steamapps\common\DayZServer\profiles config serverDZ.cfg mod @CF;@VPPAdminTools;@BasicSpawnSelect;@ZenNotes;@ZenLeftovers;@ZenOpenCansRock;@ZenGunMoveSounds;@Zen's Fire Fuel Mod;@Zen's Firewood Piles;@Zen's Immersive Login;@Zen's Persistent Trees;@ZenCatchRain;@ZenCauseOfDeath;@Trader;@TraderFixesAndFeatures;@EpsilonCommunity Armbands;@BaseBuildingItemStackandRepair;@BaseBuildingPlus;@Basic Map;@Basic Territories;@BBPItemPack;@BuildEverywhere;@BulletStacksPlusPlus;@Notifications;@SchanaModCompass;@SchanaModParty;@Barrel Fix-Carry Barrels Containing Items 


------------------------------------
EPSILON-SERVER, 28.02 2023 13:50:31
NULL pointer to instance
Class:      'SchanaPartyManagerServer'
Function: '~SchanaPartyManagerServer'
Stack trace:
SchanaModParty/Game/schana_party_manager_server.c:31

Runtime mode
CLI params: limitFPS 60 cpuCount 4 freezeCheck  netLog  adminLog  doLogs  port 2302 profiles C:\Program Files (x86)\Steam\steamapps\common\DayZServer\profiles config serverDZ.cfg mod @CF;@VPPAdminTools;@BasicSpawnSelect;@ZenNotes;@ZenLeftovers;@ZenOpenCansRock;@ZenGunMoveSounds;@Zen's Fire Fuel Mod;@Zen's Firewood Piles;@Zen's Immersive Login;@Zen's Persistent Trees;@ZenCatchRain;@ZenCauseOfDeath;@Trader;@TraderFixesAndFeatures;@EpsilonCommunity Armbands;@BaseBuildingItemStackandRepair;@BaseBuildingPlus;@Basic Map;@Basic Territories;@BBPItemPack;@BuildEverywhere;@BulletStacksPlusPlus;@Notifications;@SchanaModCompass;@SchanaModParty;@Barrel Fix-Carry Barrels Containing Items 


------------------------------------
EPSILON-SERVER, 28.02 2023 13:50:31
NULL pointer to instance
Class:      'SchanaPartyMarkerManagerServer'
Function: '~SchanaPartyMarkerManagerServer'
Stack trace:
SchanaModParty/Game/schana_party_marker_manager_server.c:14

Runtime mode
CLI params: limitFPS 60 cpuCount 4 freezeCheck  netLog  adminLog  doLogs  port 2302 profiles C:\Program Files (x86)\Steam\steamapps\common\DayZServer\profiles config serverDZ.cfg mod @CF;@VPPAdminTools;@BasicSpawnSelect;@ZenNotes;@ZenLeftovers;@ZenOpenCansRock;@ZenGunMoveSounds;@Zen's Fire Fuel Mod;@Zen's Firewood Piles;@Zen's Immersive Login;@Zen's Persistent Trees;@ZenCatchRain;@ZenCauseOfDeath;@Trader;@TraderFixesAndFeatures;@EpsilonCommunity Armbands;@BaseBuildingItemStackandRepair;@BaseBuildingPlus;@Basic Map;@Basic Territories;@BBPItemPack;@BuildEverywhere;@BulletStacksPlusPlus;@Notifications;@SchanaModCompass;@SchanaModParty;@Barrel Fix-Carry Barrels Containing Items 


------------------------------------
EPSILON-SERVER, 28.02 2023 13:50:31
NULL pointer to instance
Class:      'SchanaPartyBasicMapAPI'
Function: '~SchanaPartyBasicMapAPI'
Stack trace:
SchanaModParty/Game/basicmapintegration\schanapartybasicmapapi.c:45

Runtime mode
CLI params: limitFPS 60 cpuCount 4 freezeCheck  netLog  adminLog  doLogs  port 2302 profiles C:\Program Files (x86)\Steam\steamapps\common\DayZServer\profiles config serverDZ.cfg mod @CF;@VPPAdminTools;@BasicSpawnSelect;@ZenNotes;@ZenLeftovers;@ZenOpenCansRock;@ZenGunMoveSounds;@Zen's Fire Fuel Mod;@Zen's Firewood Piles;@Zen's Immersive Login;@Zen's Persistent Trees;@ZenCatchRain;@ZenCauseOfDeath;@Trader;@TraderFixesAndFeatures;@EpsilonCommunity Armbands;@BaseBuildingItemStackandRepair;@BaseBuildingPlus;@Basic Map;@Basic Territories;@BBPItemPack;@BuildEverywhere;@BulletStacksPlusPlus;@Notifications;@SchanaModCompass;@SchanaModParty;@Barrel Fix-Carry Barrels Containing Items 
