---------------------------------------------
Log C:\Program Files (x86)\Steam\steamapps\common\DayZServer\profiles\crash_2023-02-27_19-52-30.log started at 27.02. 19:53:55



------------------------------------
EPSILON-SERVER, 27.02 2023 19:53:55
[Object::GetMaxHealth] :: [Land_Wreck_sed01_aban2_police:0] :: No DamageSystemData or not initialized yet.

Runtime mode
CLI params: limitFPS 60 cpuCount 4 freezeCheck  netLog  adminLog  doLogs  port 2302 profiles C:\Program Files (x86)\Steam\steamapps\common\DayZServer\profiles config serverDZ.cfg mod @CF;@VPPAdminTools;@BasicSpawnSelect;@VanillaPlusPlusMap;@ZenNotes;@ZenLeftovers;@ZenOpenCansRock;@ZenGunMoveSounds;@Zen's Fire Fuel Mod;@Zen's Firewood Piles;@Zen's Immersive Login;@Zen's Persistent Trees;@ZenCatchRain;@ZenCauseOfDeath;@Trader;@TraderFixesAndFeatures;@EpsilonCommunity Armbands 


------------------------------------
EPSILON-SERVER, 27.02 2023 19:54:27
[Object::GetMaxHealth] :: [Land_Wreck_sed01_aban1_police:0] :: No DamageSystemData or not initialized yet.

Runtime mode
CLI params: limitFPS 60 cpuCount 4 freezeCheck  netLog  adminLog  doLogs  port 2302 profiles C:\Program Files (x86)\Steam\steamapps\common\DayZServer\profiles config serverDZ.cfg mod @CF;@VPPAdminTools;@BasicSpawnSelect;@VanillaPlusPlusMap;@ZenNotes;@ZenLeftovers;@ZenOpenCansRock;@ZenGunMoveSounds;@Zen's Fire Fuel Mod;@Zen's Firewood Piles;@Zen's Immersive Login;@Zen's Persistent Trees;@ZenCatchRain;@ZenCauseOfDeath;@Trader;@TraderFixesAndFeatures;@EpsilonCommunity Armbands 


------------------------------------
EPSILON-SERVER, 27.02 2023 19:55:00
[Object::GetMaxHealth] :: [Land_Wreck_hb01_aban1_police:0] :: No DamageSystemData or not initialized yet.

Runtime mode
CLI params: limitFPS 60 cpuCount 4 freezeCheck  netLog  adminLog  doLogs  port 2302 profiles C:\Program Files (x86)\Steam\steamapps\common\DayZServer\profiles config serverDZ.cfg mod @CF;@VPPAdminTools;@BasicSpawnSelect;@VanillaPlusPlusMap;@ZenNotes;@ZenLeftovers;@ZenOpenCansRock;@ZenGunMoveSounds;@Zen's Fire Fuel Mod;@Zen's Firewood Piles;@Zen's Immersive Login;@Zen's Persistent Trees;@ZenCatchRain;@ZenCauseOfDeath;@Trader;@TraderFixesAndFeatures;@EpsilonCommunity Armbands 


------------------------------------
EPSILON-SERVER, 27.02 2023 19:56:06
[Object::GetMaxHealth] :: [Land_Wreck_hb01_aban2_police:0] :: No DamageSystemData or not initialized yet.

Runtime mode
CLI params: limitFPS 60 cpuCount 4 freezeCheck  netLog  adminLog  doLogs  port 2302 profiles C:\Program Files (x86)\Steam\steamapps\common\DayZServer\profiles config serverDZ.cfg mod @CF;@VPPAdminTools;@BasicSpawnSelect;@VanillaPlusPlusMap;@ZenNotes;@ZenLeftovers;@ZenOpenCansRock;@ZenGunMoveSounds;@Zen's Fire Fuel Mod;@Zen's Firewood Piles;@Zen's Immersive Login;@Zen's Persistent Trees;@ZenCatchRain;@ZenCauseOfDeath;@Trader;@TraderFixesAndFeatures;@EpsilonCommunity Armbands 


------------------------------------
EPSILON-SERVER, 27.02 2023 19:56:07
[Object::GetMaxHealth] :: [Land_Wreck_Volha_Police:0] :: No DamageSystemData or not initialized yet.

Runtime mode
CLI params: limitFPS 60 cpuCount 4 freezeCheck  netLog  adminLog  doLogs  port 2302 profiles C:\Program Files (x86)\Steam\steamapps\common\DayZServer\profiles config serverDZ.cfg mod @CF;@VPPAdminTools;@BasicSpawnSelect;@VanillaPlusPlusMap;@ZenNotes;@ZenLeftovers;@ZenOpenCansRock;@ZenGunMoveSounds;@Zen's Fire Fuel Mod;@Zen's Firewood Piles;@Zen's Immersive Login;@Zen's Persistent Trees;@ZenCatchRain;@ZenCauseOfDeath;@Trader;@TraderFixesAndFeatures;@EpsilonCommunity Armbands 


------------------------------------
EPSILON-SERVER, 27.02 2023 23:04:32
NULL pointer to instance
Function: 'BuildList'
Stack trace:
VPPAdminTools/3_Game/vppadmintools\playerlist\playerlist.c:254
VPPAdminTools/3_Game/vppadmintools\playerlist\playerlist.c:297
VPPAdminTools/3_Game/vppadmintools\playerlist\playerlist.c:225
VPPAdminTools/5_Mission/vppadmintools\missionserver.c:482
VPPAdminTools/5_Mission/vppadmintools\missionserver.c:264
scripts/5_Mission/mission\missionserver.c:243
scripts/5_Mission/mission\missionserver.c:96
JM/CF/Scripts/5_Mission/communityframework\mission\missionserver.c:58
TM/Trader/scripts/5_Mission/mission\missionserver.c:80
scripts/3_Game/dayzgame.c:2454
JM/CF/Scripts/3_Game/communityframework\game\dayzgame.c:23
VPPAdminTools/3_Game/vppadmintools\vanillaplusplus.c:211

Runtime mode
CLI params: limitFPS 60 cpuCount 4 freezeCheck  netLog  adminLog  doLogs  port 2302 profiles C:\Program Files (x86)\Steam\steamapps\common\DayZServer\profiles config serverDZ.cfg mod @CF;@VPPAdminTools;@BasicSpawnSelect;@VanillaPlusPlusMap;@ZenNotes;@ZenLeftovers;@ZenOpenCansRock;@ZenGunMoveSounds;@Zen's Fire Fuel Mod;@Zen's Firewood Piles;@Zen's Immersive Login;@Zen's Persistent Trees;@ZenCatchRain;@ZenCauseOfDeath;@Trader;@TraderFixesAndFeatures;@EpsilonCommunity Armbands 
