---------------------------------------------
Log C:\TCAFiles\Users\admin\1\instance\crash_2023-03-01_21-34-00.log started at 01.03. 22:20:37



------------------------------------
SERVER-EPSILON, 01.03 2023 22:20:37
[Object::GetMaxHealth] :: [Land_Wreck_sed01_aban2_police:0] :: No DamageSystemData or not initialized yet.

Runtime mode
CLI params: ip 192.168.1.90 port 2302 mod @Server_Information_Panel;@Autorun_mod;@CF;@VPPAdminTools;@BasicSpawnSelect;@ZenNotes;@ZenLeftovers;@ZenOpenCansRock;@ZenGunMoveSounds;@Zen's Fire Fuel Mod;@Zen's Firewood Piles;@Zen's Immersive Login;@Zen's Persistent Trees;@ZenCatchRain;@ZenCauseOfDeath;@Trader;@TraderFixesAndFeatures;@EpsilonCommunity Armbands;@BaseBuildingItemStackandRepair;@BaseBuildingPlus;@Basic Map;@Basic Territories;@BBPItemPack;@BuildEverywhere;@BulletStacksPlusPlus;@Notifications;@SchanaModCompass;@SchanaModParty;@Barrel Fix-Carry Barrels Containing Items config serverdz.cfg bepath C:\TCAFiles\Users\admin\1\Battleye profiles C:\TCAFiles\Users\admin\1\instance autoinit  noFilePatching  


------------------------------------
SERVER-EPSILON, 01.03 2023 22:21:04
[Object::GetMaxHealth] :: [Land_Wreck_sed01_aban1_police:0] :: No DamageSystemData or not initialized yet.

Runtime mode
CLI params: ip 192.168.1.90 port 2302 mod @Server_Information_Panel;@Autorun_mod;@CF;@VPPAdminTools;@BasicSpawnSelect;@ZenNotes;@ZenLeftovers;@ZenOpenCansRock;@ZenGunMoveSounds;@Zen's Fire Fuel Mod;@Zen's Firewood Piles;@Zen's Immersive Login;@Zen's Persistent Trees;@ZenCatchRain;@ZenCauseOfDeath;@Trader;@TraderFixesAndFeatures;@EpsilonCommunity Armbands;@BaseBuildingItemStackandRepair;@BaseBuildingPlus;@Basic Map;@Basic Territories;@BBPItemPack;@BuildEverywhere;@BulletStacksPlusPlus;@Notifications;@SchanaModCompass;@SchanaModParty;@Barrel Fix-Carry Barrels Containing Items config serverdz.cfg bepath C:\TCAFiles\Users\admin\1\Battleye profiles C:\TCAFiles\Users\admin\1\instance autoinit  noFilePatching  


------------------------------------
SERVER-EPSILON, 01.03 2023 22:21:31
[Object::GetMaxHealth] :: [Land_Wreck_hb01_aban2_police:0] :: No DamageSystemData or not initialized yet.

Runtime mode
CLI params: ip 192.168.1.90 port 2302 mod @Server_Information_Panel;@Autorun_mod;@CF;@VPPAdminTools;@BasicSpawnSelect;@ZenNotes;@ZenLeftovers;@ZenOpenCansRock;@ZenGunMoveSounds;@Zen's Fire Fuel Mod;@Zen's Firewood Piles;@Zen's Immersive Login;@Zen's Persistent Trees;@ZenCatchRain;@ZenCauseOfDeath;@Trader;@TraderFixesAndFeatures;@EpsilonCommunity Armbands;@BaseBuildingItemStackandRepair;@BaseBuildingPlus;@Basic Map;@Basic Territories;@BBPItemPack;@BuildEverywhere;@BulletStacksPlusPlus;@Notifications;@SchanaModCompass;@SchanaModParty;@Barrel Fix-Carry Barrels Containing Items config serverdz.cfg bepath C:\TCAFiles\Users\admin\1\Battleye profiles C:\TCAFiles\Users\admin\1\instance autoinit  noFilePatching  


------------------------------------
SERVER-EPSILON, 01.03 2023 22:21:32
[Object::GetMaxHealth] :: [Land_Wreck_hb01_aban1_police:0] :: No DamageSystemData or not initialized yet.

Runtime mode
CLI params: ip 192.168.1.90 port 2302 mod @Server_Information_Panel;@Autorun_mod;@CF;@VPPAdminTools;@BasicSpawnSelect;@ZenNotes;@ZenLeftovers;@ZenOpenCansRock;@ZenGunMoveSounds;@Zen's Fire Fuel Mod;@Zen's Firewood Piles;@Zen's Immersive Login;@Zen's Persistent Trees;@ZenCatchRain;@ZenCauseOfDeath;@Trader;@TraderFixesAndFeatures;@EpsilonCommunity Armbands;@BaseBuildingItemStackandRepair;@BaseBuildingPlus;@Basic Map;@Basic Territories;@BBPItemPack;@BuildEverywhere;@BulletStacksPlusPlus;@Notifications;@SchanaModCompass;@SchanaModParty;@Barrel Fix-Carry Barrels Containing Items config serverdz.cfg bepath C:\TCAFiles\Users\admin\1\Battleye profiles C:\TCAFiles\Users\admin\1\instance autoinit  noFilePatching  


------------------------------------
SERVER-EPSILON, 01.03 2023 22:22:25
[Object::GetMaxHealth] :: [Land_Wreck_Volha_Police:0] :: No DamageSystemData or not initialized yet.

Runtime mode
CLI params: ip 192.168.1.90 port 2302 mod @Server_Information_Panel;@Autorun_mod;@CF;@VPPAdminTools;@BasicSpawnSelect;@ZenNotes;@ZenLeftovers;@ZenOpenCansRock;@ZenGunMoveSounds;@Zen's Fire Fuel Mod;@Zen's Firewood Piles;@Zen's Immersive Login;@Zen's Persistent Trees;@ZenCatchRain;@ZenCauseOfDeath;@Trader;@TraderFixesAndFeatures;@EpsilonCommunity Armbands;@BaseBuildingItemStackandRepair;@BaseBuildingPlus;@Basic Map;@Basic Territories;@BBPItemPack;@BuildEverywhere;@BulletStacksPlusPlus;@Notifications;@SchanaModCompass;@SchanaModParty;@Barrel Fix-Carry Barrels Containing Items config serverdz.cfg bepath C:\TCAFiles\Users\admin\1\Battleye profiles C:\TCAFiles\Users\admin\1\instance autoinit  noFilePatching  
