---------------------------------------------
Log C:\TCAFiles\Users\admin\1\instance\crash_2023-03-01_02-35-17.log started at 01.03. 02:35:40



------------------------------------
SERVER-EPSILON, 01.03 2023 02:35:40
[EntityAI::OnStoreLoad] :: [WARNING] :: Scripted variables corrupted upon "ChernarusMap".
Entity will not be loaded correctly.
Function: 'main'
Stack trace:
$CurrentDir:mpmissions\dayzOffline.chernarusplus\init.c:6

Runtime mode
CLI params: ip 192.168.1.90 port 2302 mod @CF;@VPPAdminTools;@BasicSpawnSelect;@ZenNotes;@ZenLeftovers;@ZenOpenCansRock;@ZenGunMoveSounds;@Zen's Fire Fuel Mod;@Zen's Firewood Piles;@Zen's Immersive Login;@Zen's Persistent Trees;@ZenCatchRain;@ZenCauseOfDeath;@Trader;@TraderFixesAndFeatures;@EpsilonCommunity Armbands;@BaseBuildingItemStackandRepair;@BaseBuildingPlus;@Basic Map;@Basic Territories;@BBPItemPack;@BuildEverywhere;@BulletStacksPlusPlus;@Notifications;@SchanaModCompass;@SchanaModParty;@Barrel Fix-Carry Barrels Containing Items config serverdz.cfg bepath C:\TCAFiles\Users\admin\1\Battleye profiles C:\TCAFiles\Users\admin\1\instance autoinit  noFilePatching  


------------------------------------
SERVER-EPSILON, 01.03 2023 02:35:40
[EntityAI::OnStoreLoad] :: [WARNING] :: Scripted variables corrupted upon "ChernarusMap".
Entity will not be loaded correctly.
Function: 'main'
Stack trace:
$CurrentDir:mpmissions\dayzOffline.chernarusplus\init.c:6

Runtime mode
CLI params: ip 192.168.1.90 port 2302 mod @CF;@VPPAdminTools;@BasicSpawnSelect;@ZenNotes;@ZenLeftovers;@ZenOpenCansRock;@ZenGunMoveSounds;@Zen's Fire Fuel Mod;@Zen's Firewood Piles;@Zen's Immersive Login;@Zen's Persistent Trees;@ZenCatchRain;@ZenCauseOfDeath;@Trader;@TraderFixesAndFeatures;@EpsilonCommunity Armbands;@BaseBuildingItemStackandRepair;@BaseBuildingPlus;@Basic Map;@Basic Territories;@BBPItemPack;@BuildEverywhere;@BulletStacksPlusPlus;@Notifications;@SchanaModCompass;@SchanaModParty;@Barrel Fix-Carry Barrels Containing Items config serverdz.cfg bepath C:\TCAFiles\Users\admin\1\Battleye profiles C:\TCAFiles\Users\admin\1\instance autoinit  noFilePatching  


------------------------------------
SERVER-EPSILON, 01.03 2023 02:35:40
[EntityAI::OnStoreLoad] :: [WARNING] :: Scripted variables corrupted upon "ChernarusMap".
Entity will not be loaded correctly.
Function: 'main'
Stack trace:
$CurrentDir:mpmissions\dayzOffline.chernarusplus\init.c:6

Runtime mode
CLI params: ip 192.168.1.90 port 2302 mod @CF;@VPPAdminTools;@BasicSpawnSelect;@ZenNotes;@ZenLeftovers;@ZenOpenCansRock;@ZenGunMoveSounds;@Zen's Fire Fuel Mod;@Zen's Firewood Piles;@Zen's Immersive Login;@Zen's Persistent Trees;@ZenCatchRain;@ZenCauseOfDeath;@Trader;@TraderFixesAndFeatures;@EpsilonCommunity Armbands;@BaseBuildingItemStackandRepair;@BaseBuildingPlus;@Basic Map;@Basic Territories;@BBPItemPack;@BuildEverywhere;@BulletStacksPlusPlus;@Notifications;@SchanaModCompass;@SchanaModParty;@Barrel Fix-Carry Barrels Containing Items config serverdz.cfg bepath C:\TCAFiles\Users\admin\1\Battleye profiles C:\TCAFiles\Users\admin\1\instance autoinit  noFilePatching  


------------------------------------
SERVER-EPSILON, 01.03 2023 02:35:40
[EntityAI::OnStoreLoad] :: [WARNING] :: Scripted variables corrupted upon "ChernarusMap".
Entity will not be loaded correctly.
Function: 'main'
Stack trace:
$CurrentDir:mpmissions\dayzOffline.chernarusplus\init.c:6

Runtime mode
CLI params: ip 192.168.1.90 port 2302 mod @CF;@VPPAdminTools;@BasicSpawnSelect;@ZenNotes;@ZenLeftovers;@ZenOpenCansRock;@ZenGunMoveSounds;@Zen's Fire Fuel Mod;@Zen's Firewood Piles;@Zen's Immersive Login;@Zen's Persistent Trees;@ZenCatchRain;@ZenCauseOfDeath;@Trader;@TraderFixesAndFeatures;@EpsilonCommunity Armbands;@BaseBuildingItemStackandRepair;@BaseBuildingPlus;@Basic Map;@Basic Territories;@BBPItemPack;@BuildEverywhere;@BulletStacksPlusPlus;@Notifications;@SchanaModCompass;@SchanaModParty;@Barrel Fix-Carry Barrels Containing Items config serverdz.cfg bepath C:\TCAFiles\Users\admin\1\Battleye profiles C:\TCAFiles\Users\admin\1\instance autoinit  noFilePatching  


------------------------------------
SERVER-EPSILON, 01.03 2023 02:35:40
[EntityAI::OnStoreLoad] :: [WARNING] :: Scripted variables corrupted upon "ChernarusMap".
Entity will not be loaded correctly.
Function: 'main'
Stack trace:
$CurrentDir:mpmissions\dayzOffline.chernarusplus\init.c:6

Runtime mode
CLI params: ip 192.168.1.90 port 2302 mod @CF;@VPPAdminTools;@BasicSpawnSelect;@ZenNotes;@ZenLeftovers;@ZenOpenCansRock;@ZenGunMoveSounds;@Zen's Fire Fuel Mod;@Zen's Firewood Piles;@Zen's Immersive Login;@Zen's Persistent Trees;@ZenCatchRain;@ZenCauseOfDeath;@Trader;@TraderFixesAndFeatures;@EpsilonCommunity Armbands;@BaseBuildingItemStackandRepair;@BaseBuildingPlus;@Basic Map;@Basic Territories;@BBPItemPack;@BuildEverywhere;@BulletStacksPlusPlus;@Notifications;@SchanaModCompass;@SchanaModParty;@Barrel Fix-Carry Barrels Containing Items config serverdz.cfg bepath C:\TCAFiles\Users\admin\1\Battleye profiles C:\TCAFiles\Users\admin\1\instance autoinit  noFilePatching  


------------------------------------
SERVER-EPSILON, 01.03 2023 02:35:40
[EntityAI::OnStoreLoad] :: [WARNING] :: Scripted variables corrupted upon "ChernarusMap".
Entity will not be loaded correctly.
Function: 'main'
Stack trace:
$CurrentDir:mpmissions\dayzOffline.chernarusplus\init.c:6

Runtime mode
CLI params: ip 192.168.1.90 port 2302 mod @CF;@VPPAdminTools;@BasicSpawnSelect;@ZenNotes;@ZenLeftovers;@ZenOpenCansRock;@ZenGunMoveSounds;@Zen's Fire Fuel Mod;@Zen's Firewood Piles;@Zen's Immersive Login;@Zen's Persistent Trees;@ZenCatchRain;@ZenCauseOfDeath;@Trader;@TraderFixesAndFeatures;@EpsilonCommunity Armbands;@BaseBuildingItemStackandRepair;@BaseBuildingPlus;@Basic Map;@Basic Territories;@BBPItemPack;@BuildEverywhere;@BulletStacksPlusPlus;@Notifications;@SchanaModCompass;@SchanaModParty;@Barrel Fix-Carry Barrels Containing Items config serverdz.cfg bepath C:\TCAFiles\Users\admin\1\Battleye profiles C:\TCAFiles\Users\admin\1\instance autoinit  noFilePatching  


------------------------------------
SERVER-EPSILON, 01.03 2023 02:35:40
[EntityAI::OnStoreLoad] :: [WARNING] :: Scripted variables corrupted upon "ChernarusMap".
Entity will not be loaded correctly.
Function: 'main'
Stack trace:
$CurrentDir:mpmissions\dayzOffline.chernarusplus\init.c:6

Runtime mode
CLI params: ip 192.168.1.90 port 2302 mod @CF;@VPPAdminTools;@BasicSpawnSelect;@ZenNotes;@ZenLeftovers;@ZenOpenCansRock;@ZenGunMoveSounds;@Zen's Fire Fuel Mod;@Zen's Firewood Piles;@Zen's Immersive Login;@Zen's Persistent Trees;@ZenCatchRain;@ZenCauseOfDeath;@Trader;@TraderFixesAndFeatures;@EpsilonCommunity Armbands;@BaseBuildingItemStackandRepair;@BaseBuildingPlus;@Basic Map;@Basic Territories;@BBPItemPack;@BuildEverywhere;@BulletStacksPlusPlus;@Notifications;@SchanaModCompass;@SchanaModParty;@Barrel Fix-Carry Barrels Containing Items config serverdz.cfg bepath C:\TCAFiles\Users\admin\1\Battleye profiles C:\TCAFiles\Users\admin\1\instance autoinit  noFilePatching  


------------------------------------
SERVER-EPSILON, 01.03 2023 02:35:40
[EntityAI::OnStoreLoad] :: [WARNING] :: Scripted variables corrupted upon "ChernarusMap".
Entity will not be loaded correctly.
Function: 'main'
Stack trace:
$CurrentDir:mpmissions\dayzOffline.chernarusplus\init.c:6

Runtime mode
CLI params: ip 192.168.1.90 port 2302 mod @CF;@VPPAdminTools;@BasicSpawnSelect;@ZenNotes;@ZenLeftovers;@ZenOpenCansRock;@ZenGunMoveSounds;@Zen's Fire Fuel Mod;@Zen's Firewood Piles;@Zen's Immersive Login;@Zen's Persistent Trees;@ZenCatchRain;@ZenCauseOfDeath;@Trader;@TraderFixesAndFeatures;@EpsilonCommunity Armbands;@BaseBuildingItemStackandRepair;@BaseBuildingPlus;@Basic Map;@Basic Territories;@BBPItemPack;@BuildEverywhere;@BulletStacksPlusPlus;@Notifications;@SchanaModCompass;@SchanaModParty;@Barrel Fix-Carry Barrels Containing Items config serverdz.cfg bepath C:\TCAFiles\Users\admin\1\Battleye profiles C:\TCAFiles\Users\admin\1\instance autoinit  noFilePatching  


------------------------------------
SERVER-EPSILON, 01.03 2023 02:35:40
[EntityAI::OnStoreLoad] :: [WARNING] :: Scripted variables corrupted upon "ChernarusMap".
Entity will not be loaded correctly.
Function: 'main'
Stack trace:
$CurrentDir:mpmissions\dayzOffline.chernarusplus\init.c:6

Runtime mode
CLI params: ip 192.168.1.90 port 2302 mod @CF;@VPPAdminTools;@BasicSpawnSelect;@ZenNotes;@ZenLeftovers;@ZenOpenCansRock;@ZenGunMoveSounds;@Zen's Fire Fuel Mod;@Zen's Firewood Piles;@Zen's Immersive Login;@Zen's Persistent Trees;@ZenCatchRain;@ZenCauseOfDeath;@Trader;@TraderFixesAndFeatures;@EpsilonCommunity Armbands;@BaseBuildingItemStackandRepair;@BaseBuildingPlus;@Basic Map;@Basic Territories;@BBPItemPack;@BuildEverywhere;@BulletStacksPlusPlus;@Notifications;@SchanaModCompass;@SchanaModParty;@Barrel Fix-Carry Barrels Containing Items config serverdz.cfg bepath C:\TCAFiles\Users\admin\1\Battleye profiles C:\TCAFiles\Users\admin\1\instance autoinit  noFilePatching  


------------------------------------
SERVER-EPSILON, 01.03 2023 02:35:40
[EntityAI::OnStoreLoad] :: [WARNING] :: Scripted variables corrupted upon "ChernarusMap".
Entity will not be loaded correctly.
Function: 'main'
Stack trace:
$CurrentDir:mpmissions\dayzOffline.chernarusplus\init.c:6

Runtime mode
CLI params: ip 192.168.1.90 port 2302 mod @CF;@VPPAdminTools;@BasicSpawnSelect;@ZenNotes;@ZenLeftovers;@ZenOpenCansRock;@ZenGunMoveSounds;@Zen's Fire Fuel Mod;@Zen's Firewood Piles;@Zen's Immersive Login;@Zen's Persistent Trees;@ZenCatchRain;@ZenCauseOfDeath;@Trader;@TraderFixesAndFeatures;@EpsilonCommunity Armbands;@BaseBuildingItemStackandRepair;@BaseBuildingPlus;@Basic Map;@Basic Territories;@BBPItemPack;@BuildEverywhere;@BulletStacksPlusPlus;@Notifications;@SchanaModCompass;@SchanaModParty;@Barrel Fix-Carry Barrels Containing Items config serverdz.cfg bepath C:\TCAFiles\Users\admin\1\Battleye profiles C:\TCAFiles\Users\admin\1\instance autoinit  noFilePatching  


------------------------------------
SERVER-EPSILON, 01.03 2023 02:35:40
[EntityAI::OnStoreLoad] :: [WARNING] :: Scripted variables corrupted upon "ChernarusMap".
Entity will not be loaded correctly.
Function: 'main'
Stack trace:
$CurrentDir:mpmissions\dayzOffline.chernarusplus\init.c:6

Runtime mode
CLI params: ip 192.168.1.90 port 2302 mod @CF;@VPPAdminTools;@BasicSpawnSelect;@ZenNotes;@ZenLeftovers;@ZenOpenCansRock;@ZenGunMoveSounds;@Zen's Fire Fuel Mod;@Zen's Firewood Piles;@Zen's Immersive Login;@Zen's Persistent Trees;@ZenCatchRain;@ZenCauseOfDeath;@Trader;@TraderFixesAndFeatures;@EpsilonCommunity Armbands;@BaseBuildingItemStackandRepair;@BaseBuildingPlus;@Basic Map;@Basic Territories;@BBPItemPack;@BuildEverywhere;@BulletStacksPlusPlus;@Notifications;@SchanaModCompass;@SchanaModParty;@Barrel Fix-Carry Barrels Containing Items config serverdz.cfg bepath C:\TCAFiles\Users\admin\1\Battleye profiles C:\TCAFiles\Users\admin\1\instance autoinit  noFilePatching  


------------------------------------
SERVER-EPSILON, 01.03 2023 02:35:40
[EntityAI::OnStoreLoad] :: [WARNING] :: Scripted variables corrupted upon "ChernarusMap".
Entity will not be loaded correctly.
Function: 'main'
Stack trace:
$CurrentDir:mpmissions\dayzOffline.chernarusplus\init.c:6

Runtime mode
CLI params: ip 192.168.1.90 port 2302 mod @CF;@VPPAdminTools;@BasicSpawnSelect;@ZenNotes;@ZenLeftovers;@ZenOpenCansRock;@ZenGunMoveSounds;@Zen's Fire Fuel Mod;@Zen's Firewood Piles;@Zen's Immersive Login;@Zen's Persistent Trees;@ZenCatchRain;@ZenCauseOfDeath;@Trader;@TraderFixesAndFeatures;@EpsilonCommunity Armbands;@BaseBuildingItemStackandRepair;@BaseBuildingPlus;@Basic Map;@Basic Territories;@BBPItemPack;@BuildEverywhere;@BulletStacksPlusPlus;@Notifications;@SchanaModCompass;@SchanaModParty;@Barrel Fix-Carry Barrels Containing Items config serverdz.cfg bepath C:\TCAFiles\Users\admin\1\Battleye profiles C:\TCAFiles\Users\admin\1\instance autoinit  noFilePatching  


------------------------------------
SERVER-EPSILON, 01.03 2023 02:35:41
[EntityAI::OnStoreLoad] :: [WARNING] :: Scripted variables corrupted upon "ChernarusMap".
Entity will not be loaded correctly.
Function: 'main'
Stack trace:
$CurrentDir:mpmissions\dayzOffline.chernarusplus\init.c:6

Runtime mode
CLI params: ip 192.168.1.90 port 2302 mod @CF;@VPPAdminTools;@BasicSpawnSelect;@ZenNotes;@ZenLeftovers;@ZenOpenCansRock;@ZenGunMoveSounds;@Zen's Fire Fuel Mod;@Zen's Firewood Piles;@Zen's Immersive Login;@Zen's Persistent Trees;@ZenCatchRain;@ZenCauseOfDeath;@Trader;@TraderFixesAndFeatures;@EpsilonCommunity Armbands;@BaseBuildingItemStackandRepair;@BaseBuildingPlus;@Basic Map;@Basic Territories;@BBPItemPack;@BuildEverywhere;@BulletStacksPlusPlus;@Notifications;@SchanaModCompass;@SchanaModParty;@Barrel Fix-Carry Barrels Containing Items config serverdz.cfg bepath C:\TCAFiles\Users\admin\1\Battleye profiles C:\TCAFiles\Users\admin\1\instance autoinit  noFilePatching  


------------------------------------
SERVER-EPSILON, 01.03 2023 02:35:41
[EntityAI::OnStoreLoad] :: [WARNING] :: Scripted variables corrupted upon "ChernarusMap".
Entity will not be loaded correctly.
Function: 'main'
Stack trace:
$CurrentDir:mpmissions\dayzOffline.chernarusplus\init.c:6

Runtime mode
CLI params: ip 192.168.1.90 port 2302 mod @CF;@VPPAdminTools;@BasicSpawnSelect;@ZenNotes;@ZenLeftovers;@ZenOpenCansRock;@ZenGunMoveSounds;@Zen's Fire Fuel Mod;@Zen's Firewood Piles;@Zen's Immersive Login;@Zen's Persistent Trees;@ZenCatchRain;@ZenCauseOfDeath;@Trader;@TraderFixesAndFeatures;@EpsilonCommunity Armbands;@BaseBuildingItemStackandRepair;@BaseBuildingPlus;@Basic Map;@Basic Territories;@BBPItemPack;@BuildEverywhere;@BulletStacksPlusPlus;@Notifications;@SchanaModCompass;@SchanaModParty;@Barrel Fix-Carry Barrels Containing Items config serverdz.cfg bepath C:\TCAFiles\Users\admin\1\Battleye profiles C:\TCAFiles\Users\admin\1\instance autoinit  noFilePatching  


------------------------------------
SERVER-EPSILON, 01.03 2023 02:35:41
[EntityAI::OnStoreLoad] :: [WARNING] :: Scripted variables corrupted upon "ChernarusMap".
Entity will not be loaded correctly.
Function: 'main'
Stack trace:
$CurrentDir:mpmissions\dayzOffline.chernarusplus\init.c:6

Runtime mode
CLI params: ip 192.168.1.90 port 2302 mod @CF;@VPPAdminTools;@BasicSpawnSelect;@ZenNotes;@ZenLeftovers;@ZenOpenCansRock;@ZenGunMoveSounds;@Zen's Fire Fuel Mod;@Zen's Firewood Piles;@Zen's Immersive Login;@Zen's Persistent Trees;@ZenCatchRain;@ZenCauseOfDeath;@Trader;@TraderFixesAndFeatures;@EpsilonCommunity Armbands;@BaseBuildingItemStackandRepair;@BaseBuildingPlus;@Basic Map;@Basic Territories;@BBPItemPack;@BuildEverywhere;@BulletStacksPlusPlus;@Notifications;@SchanaModCompass;@SchanaModParty;@Barrel Fix-Carry Barrels Containing Items config serverdz.cfg bepath C:\TCAFiles\Users\admin\1\Battleye profiles C:\TCAFiles\Users\admin\1\instance autoinit  noFilePatching  


------------------------------------
SERVER-EPSILON, 01.03 2023 02:35:41
[EntityAI::OnStoreLoad] :: [WARNING] :: Scripted variables corrupted upon "ChernarusMap".
Entity will not be loaded correctly.
Function: 'main'
Stack trace:
$CurrentDir:mpmissions\dayzOffline.chernarusplus\init.c:6

Runtime mode
CLI params: ip 192.168.1.90 port 2302 mod @CF;@VPPAdminTools;@BasicSpawnSelect;@ZenNotes;@ZenLeftovers;@ZenOpenCansRock;@ZenGunMoveSounds;@Zen's Fire Fuel Mod;@Zen's Firewood Piles;@Zen's Immersive Login;@Zen's Persistent Trees;@ZenCatchRain;@ZenCauseOfDeath;@Trader;@TraderFixesAndFeatures;@EpsilonCommunity Armbands;@BaseBuildingItemStackandRepair;@BaseBuildingPlus;@Basic Map;@Basic Territories;@BBPItemPack;@BuildEverywhere;@BulletStacksPlusPlus;@Notifications;@SchanaModCompass;@SchanaModParty;@Barrel Fix-Carry Barrels Containing Items config serverdz.cfg bepath C:\TCAFiles\Users\admin\1\Battleye profiles C:\TCAFiles\Users\admin\1\instance autoinit  noFilePatching  


------------------------------------
SERVER-EPSILON, 01.03 2023 02:35:41
[EntityAI::OnStoreLoad] :: [WARNING] :: Scripted variables corrupted upon "ChernarusMap".
Entity will not be loaded correctly.
Function: 'main'
Stack trace:
$CurrentDir:mpmissions\dayzOffline.chernarusplus\init.c:6

Runtime mode
CLI params: ip 192.168.1.90 port 2302 mod @CF;@VPPAdminTools;@BasicSpawnSelect;@ZenNotes;@ZenLeftovers;@ZenOpenCansRock;@ZenGunMoveSounds;@Zen's Fire Fuel Mod;@Zen's Firewood Piles;@Zen's Immersive Login;@Zen's Persistent Trees;@ZenCatchRain;@ZenCauseOfDeath;@Trader;@TraderFixesAndFeatures;@EpsilonCommunity Armbands;@BaseBuildingItemStackandRepair;@BaseBuildingPlus;@Basic Map;@Basic Territories;@BBPItemPack;@BuildEverywhere;@BulletStacksPlusPlus;@Notifications;@SchanaModCompass;@SchanaModParty;@Barrel Fix-Carry Barrels Containing Items config serverdz.cfg bepath C:\TCAFiles\Users\admin\1\Battleye profiles C:\TCAFiles\Users\admin\1\instance autoinit  noFilePatching  


------------------------------------
SERVER-EPSILON, 01.03 2023 02:35:41
[EntityAI::OnStoreLoad] :: [WARNING] :: Scripted variables corrupted upon "ChernarusMap".
Entity will not be loaded correctly.
Function: 'main'
Stack trace:
$CurrentDir:mpmissions\dayzOffline.chernarusplus\init.c:6

Runtime mode
CLI params: ip 192.168.1.90 port 2302 mod @CF;@VPPAdminTools;@BasicSpawnSelect;@ZenNotes;@ZenLeftovers;@ZenOpenCansRock;@ZenGunMoveSounds;@Zen's Fire Fuel Mod;@Zen's Firewood Piles;@Zen's Immersive Login;@Zen's Persistent Trees;@ZenCatchRain;@ZenCauseOfDeath;@Trader;@TraderFixesAndFeatures;@EpsilonCommunity Armbands;@BaseBuildingItemStackandRepair;@BaseBuildingPlus;@Basic Map;@Basic Territories;@BBPItemPack;@BuildEverywhere;@BulletStacksPlusPlus;@Notifications;@SchanaModCompass;@SchanaModParty;@Barrel Fix-Carry Barrels Containing Items config serverdz.cfg bepath C:\TCAFiles\Users\admin\1\Battleye profiles C:\TCAFiles\Users\admin\1\instance autoinit  noFilePatching  


------------------------------------
SERVER-EPSILON, 01.03 2023 02:35:42
[EntityAI::OnStoreLoad] :: [WARNING] :: Scripted variables corrupted upon "ChernarusMap".
Entity will not be loaded correctly.
Function: 'main'
Stack trace:
$CurrentDir:mpmissions\dayzOffline.chernarusplus\init.c:6

Runtime mode
CLI params: ip 192.168.1.90 port 2302 mod @CF;@VPPAdminTools;@BasicSpawnSelect;@ZenNotes;@ZenLeftovers;@ZenOpenCansRock;@ZenGunMoveSounds;@Zen's Fire Fuel Mod;@Zen's Firewood Piles;@Zen's Immersive Login;@Zen's Persistent Trees;@ZenCatchRain;@ZenCauseOfDeath;@Trader;@TraderFixesAndFeatures;@EpsilonCommunity Armbands;@BaseBuildingItemStackandRepair;@BaseBuildingPlus;@Basic Map;@Basic Territories;@BBPItemPack;@BuildEverywhere;@BulletStacksPlusPlus;@Notifications;@SchanaModCompass;@SchanaModParty;@Barrel Fix-Carry Barrels Containing Items config serverdz.cfg bepath C:\TCAFiles\Users\admin\1\Battleye profiles C:\TCAFiles\Users\admin\1\instance autoinit  noFilePatching  


------------------------------------
SERVER-EPSILON, 01.03 2023 02:35:42
[EntityAI::OnStoreLoad] :: [WARNING] :: Scripted variables corrupted upon "ChernarusMap".
Entity will not be loaded correctly.
Function: 'main'
Stack trace:
$CurrentDir:mpmissions\dayzOffline.chernarusplus\init.c:6

Runtime mode
CLI params: ip 192.168.1.90 port 2302 mod @CF;@VPPAdminTools;@BasicSpawnSelect;@ZenNotes;@ZenLeftovers;@ZenOpenCansRock;@ZenGunMoveSounds;@Zen's Fire Fuel Mod;@Zen's Firewood Piles;@Zen's Immersive Login;@Zen's Persistent Trees;@ZenCatchRain;@ZenCauseOfDeath;@Trader;@TraderFixesAndFeatures;@EpsilonCommunity Armbands;@BaseBuildingItemStackandRepair;@BaseBuildingPlus;@Basic Map;@Basic Territories;@BBPItemPack;@BuildEverywhere;@BulletStacksPlusPlus;@Notifications;@SchanaModCompass;@SchanaModParty;@Barrel Fix-Carry Barrels Containing Items config serverdz.cfg bepath C:\TCAFiles\Users\admin\1\Battleye profiles C:\TCAFiles\Users\admin\1\instance autoinit  noFilePatching  


------------------------------------
SERVER-EPSILON, 01.03 2023 02:35:42
[EntityAI::OnStoreLoad] :: [WARNING] :: Scripted variables corrupted upon "ChernarusMap".
Entity will not be loaded correctly.
Function: 'main'
Stack trace:
$CurrentDir:mpmissions\dayzOffline.chernarusplus\init.c:6

Runtime mode
CLI params: ip 192.168.1.90 port 2302 mod @CF;@VPPAdminTools;@BasicSpawnSelect;@ZenNotes;@ZenLeftovers;@ZenOpenCansRock;@ZenGunMoveSounds;@Zen's Fire Fuel Mod;@Zen's Firewood Piles;@Zen's Immersive Login;@Zen's Persistent Trees;@ZenCatchRain;@ZenCauseOfDeath;@Trader;@TraderFixesAndFeatures;@EpsilonCommunity Armbands;@BaseBuildingItemStackandRepair;@BaseBuildingPlus;@Basic Map;@Basic Territories;@BBPItemPack;@BuildEverywhere;@BulletStacksPlusPlus;@Notifications;@SchanaModCompass;@SchanaModParty;@Barrel Fix-Carry Barrels Containing Items config serverdz.cfg bepath C:\TCAFiles\Users\admin\1\Battleye profiles C:\TCAFiles\Users\admin\1\instance autoinit  noFilePatching  


------------------------------------
SERVER-EPSILON, 01.03 2023 02:35:42
[EntityAI::OnStoreLoad] :: [WARNING] :: Scripted variables corrupted upon "ChernarusMap".
Entity will not be loaded correctly.
Function: 'main'
Stack trace:
$CurrentDir:mpmissions\dayzOffline.chernarusplus\init.c:6

Runtime mode
CLI params: ip 192.168.1.90 port 2302 mod @CF;@VPPAdminTools;@BasicSpawnSelect;@ZenNotes;@ZenLeftovers;@ZenOpenCansRock;@ZenGunMoveSounds;@Zen's Fire Fuel Mod;@Zen's Firewood Piles;@Zen's Immersive Login;@Zen's Persistent Trees;@ZenCatchRain;@ZenCauseOfDeath;@Trader;@TraderFixesAndFeatures;@EpsilonCommunity Armbands;@BaseBuildingItemStackandRepair;@BaseBuildingPlus;@Basic Map;@Basic Territories;@BBPItemPack;@BuildEverywhere;@BulletStacksPlusPlus;@Notifications;@SchanaModCompass;@SchanaModParty;@Barrel Fix-Carry Barrels Containing Items config serverdz.cfg bepath C:\TCAFiles\Users\admin\1\Battleye profiles C:\TCAFiles\Users\admin\1\instance autoinit  noFilePatching  


------------------------------------
SERVER-EPSILON, 01.03 2023 02:35:42
[EntityAI::OnStoreLoad] :: [WARNING] :: Scripted variables corrupted upon "ChernarusMap".
Entity will not be loaded correctly.
Function: 'main'
Stack trace:
$CurrentDir:mpmissions\dayzOffline.chernarusplus\init.c:6

Runtime mode
CLI params: ip 192.168.1.90 port 2302 mod @CF;@VPPAdminTools;@BasicSpawnSelect;@ZenNotes;@ZenLeftovers;@ZenOpenCansRock;@ZenGunMoveSounds;@Zen's Fire Fuel Mod;@Zen's Firewood Piles;@Zen's Immersive Login;@Zen's Persistent Trees;@ZenCatchRain;@ZenCauseOfDeath;@Trader;@TraderFixesAndFeatures;@EpsilonCommunity Armbands;@BaseBuildingItemStackandRepair;@BaseBuildingPlus;@Basic Map;@Basic Territories;@BBPItemPack;@BuildEverywhere;@BulletStacksPlusPlus;@Notifications;@SchanaModCompass;@SchanaModParty;@Barrel Fix-Carry Barrels Containing Items config serverdz.cfg bepath C:\TCAFiles\Users\admin\1\Battleye profiles C:\TCAFiles\Users\admin\1\instance autoinit  noFilePatching  


------------------------------------
SERVER-EPSILON, 01.03 2023 02:35:42
[EntityAI::OnStoreLoad] :: [WARNING] :: Scripted variables corrupted upon "ChernarusMap".
Entity will not be loaded correctly.
Function: 'main'
Stack trace:
$CurrentDir:mpmissions\dayzOffline.chernarusplus\init.c:6

Runtime mode
CLI params: ip 192.168.1.90 port 2302 mod @CF;@VPPAdminTools;@BasicSpawnSelect;@ZenNotes;@ZenLeftovers;@ZenOpenCansRock;@ZenGunMoveSounds;@Zen's Fire Fuel Mod;@Zen's Firewood Piles;@Zen's Immersive Login;@Zen's Persistent Trees;@ZenCatchRain;@ZenCauseOfDeath;@Trader;@TraderFixesAndFeatures;@EpsilonCommunity Armbands;@BaseBuildingItemStackandRepair;@BaseBuildingPlus;@Basic Map;@Basic Territories;@BBPItemPack;@BuildEverywhere;@BulletStacksPlusPlus;@Notifications;@SchanaModCompass;@SchanaModParty;@Barrel Fix-Carry Barrels Containing Items config serverdz.cfg bepath C:\TCAFiles\Users\admin\1\Battleye profiles C:\TCAFiles\Users\admin\1\instance autoinit  noFilePatching  


------------------------------------
SERVER-EPSILON, 01.03 2023 02:35:42
[EntityAI::OnStoreLoad] :: [WARNING] :: Scripted variables corrupted upon "ChernarusMap".
Entity will not be loaded correctly.
Function: 'main'
Stack trace:
$CurrentDir:mpmissions\dayzOffline.chernarusplus\init.c:6

Runtime mode
CLI params: ip 192.168.1.90 port 2302 mod @CF;@VPPAdminTools;@BasicSpawnSelect;@ZenNotes;@ZenLeftovers;@ZenOpenCansRock;@ZenGunMoveSounds;@Zen's Fire Fuel Mod;@Zen's Firewood Piles;@Zen's Immersive Login;@Zen's Persistent Trees;@ZenCatchRain;@ZenCauseOfDeath;@Trader;@TraderFixesAndFeatures;@EpsilonCommunity Armbands;@BaseBuildingItemStackandRepair;@BaseBuildingPlus;@Basic Map;@Basic Territories;@BBPItemPack;@BuildEverywhere;@BulletStacksPlusPlus;@Notifications;@SchanaModCompass;@SchanaModParty;@Barrel Fix-Carry Barrels Containing Items config serverdz.cfg bepath C:\TCAFiles\Users\admin\1\Battleye profiles C:\TCAFiles\Users\admin\1\instance autoinit  noFilePatching  


------------------------------------
SERVER-EPSILON, 01.03 2023 02:35:42
[EntityAI::OnStoreLoad] :: [WARNING] :: Scripted variables corrupted upon "ChernarusMap".
Entity will not be loaded correctly.
Function: 'main'
Stack trace:
$CurrentDir:mpmissions\dayzOffline.chernarusplus\init.c:6

Runtime mode
CLI params: ip 192.168.1.90 port 2302 mod @CF;@VPPAdminTools;@BasicSpawnSelect;@ZenNotes;@ZenLeftovers;@ZenOpenCansRock;@ZenGunMoveSounds;@Zen's Fire Fuel Mod;@Zen's Firewood Piles;@Zen's Immersive Login;@Zen's Persistent Trees;@ZenCatchRain;@ZenCauseOfDeath;@Trader;@TraderFixesAndFeatures;@EpsilonCommunity Armbands;@BaseBuildingItemStackandRepair;@BaseBuildingPlus;@Basic Map;@Basic Territories;@BBPItemPack;@BuildEverywhere;@BulletStacksPlusPlus;@Notifications;@SchanaModCompass;@SchanaModParty;@Barrel Fix-Carry Barrels Containing Items config serverdz.cfg bepath C:\TCAFiles\Users\admin\1\Battleye profiles C:\TCAFiles\Users\admin\1\instance autoinit  noFilePatching  


------------------------------------
SERVER-EPSILON, 01.03 2023 02:35:42
[EntityAI::OnStoreLoad] :: [WARNING] :: Scripted variables corrupted upon "ChernarusMap".
Entity will not be loaded correctly.
Function: 'main'
Stack trace:
$CurrentDir:mpmissions\dayzOffline.chernarusplus\init.c:6

Runtime mode
CLI params: ip 192.168.1.90 port 2302 mod @CF;@VPPAdminTools;@BasicSpawnSelect;@ZenNotes;@ZenLeftovers;@ZenOpenCansRock;@ZenGunMoveSounds;@Zen's Fire Fuel Mod;@Zen's Firewood Piles;@Zen's Immersive Login;@Zen's Persistent Trees;@ZenCatchRain;@ZenCauseOfDeath;@Trader;@TraderFixesAndFeatures;@EpsilonCommunity Armbands;@BaseBuildingItemStackandRepair;@BaseBuildingPlus;@Basic Map;@Basic Territories;@BBPItemPack;@BuildEverywhere;@BulletStacksPlusPlus;@Notifications;@SchanaModCompass;@SchanaModParty;@Barrel Fix-Carry Barrels Containing Items config serverdz.cfg bepath C:\TCAFiles\Users\admin\1\Battleye profiles C:\TCAFiles\Users\admin\1\instance autoinit  noFilePatching  


------------------------------------
SERVER-EPSILON, 01.03 2023 02:35:42
[EntityAI::OnStoreLoad] :: [WARNING] :: Scripted variables corrupted upon "ChernarusMap".
Entity will not be loaded correctly.
Function: 'main'
Stack trace:
$CurrentDir:mpmissions\dayzOffline.chernarusplus\init.c:6

Runtime mode
CLI params: ip 192.168.1.90 port 2302 mod @CF;@VPPAdminTools;@BasicSpawnSelect;@ZenNotes;@ZenLeftovers;@ZenOpenCansRock;@ZenGunMoveSounds;@Zen's Fire Fuel Mod;@Zen's Firewood Piles;@Zen's Immersive Login;@Zen's Persistent Trees;@ZenCatchRain;@ZenCauseOfDeath;@Trader;@TraderFixesAndFeatures;@EpsilonCommunity Armbands;@BaseBuildingItemStackandRepair;@BaseBuildingPlus;@Basic Map;@Basic Territories;@BBPItemPack;@BuildEverywhere;@BulletStacksPlusPlus;@Notifications;@SchanaModCompass;@SchanaModParty;@Barrel Fix-Carry Barrels Containing Items config serverdz.cfg bepath C:\TCAFiles\Users\admin\1\Battleye profiles C:\TCAFiles\Users\admin\1\instance autoinit  noFilePatching  


------------------------------------
SERVER-EPSILON, 01.03 2023 02:35:43
[EntityAI::OnStoreLoad] :: [WARNING] :: Scripted variables corrupted upon "ChernarusMap".
Entity will not be loaded correctly.
Function: 'main'
Stack trace:
$CurrentDir:mpmissions\dayzOffline.chernarusplus\init.c:6

Runtime mode
CLI params: ip 192.168.1.90 port 2302 mod @CF;@VPPAdminTools;@BasicSpawnSelect;@ZenNotes;@ZenLeftovers;@ZenOpenCansRock;@ZenGunMoveSounds;@Zen's Fire Fuel Mod;@Zen's Firewood Piles;@Zen's Immersive Login;@Zen's Persistent Trees;@ZenCatchRain;@ZenCauseOfDeath;@Trader;@TraderFixesAndFeatures;@EpsilonCommunity Armbands;@BaseBuildingItemStackandRepair;@BaseBuildingPlus;@Basic Map;@Basic Territories;@BBPItemPack;@BuildEverywhere;@BulletStacksPlusPlus;@Notifications;@SchanaModCompass;@SchanaModParty;@Barrel Fix-Carry Barrels Containing Items config serverdz.cfg bepath C:\TCAFiles\Users\admin\1\Battleye profiles C:\TCAFiles\Users\admin\1\instance autoinit  noFilePatching  


------------------------------------
SERVER-EPSILON, 01.03 2023 02:35:43
[EntityAI::OnStoreLoad] :: [WARNING] :: Scripted variables corrupted upon "ChernarusMap".
Entity will not be loaded correctly.
Function: 'main'
Stack trace:
$CurrentDir:mpmissions\dayzOffline.chernarusplus\init.c:6

Runtime mode
CLI params: ip 192.168.1.90 port 2302 mod @CF;@VPPAdminTools;@BasicSpawnSelect;@ZenNotes;@ZenLeftovers;@ZenOpenCansRock;@ZenGunMoveSounds;@Zen's Fire Fuel Mod;@Zen's Firewood Piles;@Zen's Immersive Login;@Zen's Persistent Trees;@ZenCatchRain;@ZenCauseOfDeath;@Trader;@TraderFixesAndFeatures;@EpsilonCommunity Armbands;@BaseBuildingItemStackandRepair;@BaseBuildingPlus;@Basic Map;@Basic Territories;@BBPItemPack;@BuildEverywhere;@BulletStacksPlusPlus;@Notifications;@SchanaModCompass;@SchanaModParty;@Barrel Fix-Carry Barrels Containing Items config serverdz.cfg bepath C:\TCAFiles\Users\admin\1\Battleye profiles C:\TCAFiles\Users\admin\1\instance autoinit  noFilePatching  


------------------------------------
SERVER-EPSILON, 01.03 2023 02:35:43
[EntityAI::OnStoreLoad] :: [WARNING] :: Scripted variables corrupted upon "ChernarusMap".
Entity will not be loaded correctly.
Function: 'main'
Stack trace:
$CurrentDir:mpmissions\dayzOffline.chernarusplus\init.c:6

Runtime mode
CLI params: ip 192.168.1.90 port 2302 mod @CF;@VPPAdminTools;@BasicSpawnSelect;@ZenNotes;@ZenLeftovers;@ZenOpenCansRock;@ZenGunMoveSounds;@Zen's Fire Fuel Mod;@Zen's Firewood Piles;@Zen's Immersive Login;@Zen's Persistent Trees;@ZenCatchRain;@ZenCauseOfDeath;@Trader;@TraderFixesAndFeatures;@EpsilonCommunity Armbands;@BaseBuildingItemStackandRepair;@BaseBuildingPlus;@Basic Map;@Basic Territories;@BBPItemPack;@BuildEverywhere;@BulletStacksPlusPlus;@Notifications;@SchanaModCompass;@SchanaModParty;@Barrel Fix-Carry Barrels Containing Items config serverdz.cfg bepath C:\TCAFiles\Users\admin\1\Battleye profiles C:\TCAFiles\Users\admin\1\instance autoinit  noFilePatching  


------------------------------------
SERVER-EPSILON, 01.03 2023 02:35:43
[EntityAI::OnStoreLoad] :: [WARNING] :: Scripted variables corrupted upon "ChernarusMap".
Entity will not be loaded correctly.
Function: 'main'
Stack trace:
$CurrentDir:mpmissions\dayzOffline.chernarusplus\init.c:6

Runtime mode
CLI params: ip 192.168.1.90 port 2302 mod @CF;@VPPAdminTools;@BasicSpawnSelect;@ZenNotes;@ZenLeftovers;@ZenOpenCansRock;@ZenGunMoveSounds;@Zen's Fire Fuel Mod;@Zen's Firewood Piles;@Zen's Immersive Login;@Zen's Persistent Trees;@ZenCatchRain;@ZenCauseOfDeath;@Trader;@TraderFixesAndFeatures;@EpsilonCommunity Armbands;@BaseBuildingItemStackandRepair;@BaseBuildingPlus;@Basic Map;@Basic Territories;@BBPItemPack;@BuildEverywhere;@BulletStacksPlusPlus;@Notifications;@SchanaModCompass;@SchanaModParty;@Barrel Fix-Carry Barrels Containing Items config serverdz.cfg bepath C:\TCAFiles\Users\admin\1\Battleye profiles C:\TCAFiles\Users\admin\1\instance autoinit  noFilePatching  


------------------------------------
SERVER-EPSILON, 01.03 2023 02:35:43
[EntityAI::OnStoreLoad] :: [WARNING] :: Scripted variables corrupted upon "ChernarusMap".
Entity will not be loaded correctly.
Function: 'main'
Stack trace:
$CurrentDir:mpmissions\dayzOffline.chernarusplus\init.c:6

Runtime mode
CLI params: ip 192.168.1.90 port 2302 mod @CF;@VPPAdminTools;@BasicSpawnSelect;@ZenNotes;@ZenLeftovers;@ZenOpenCansRock;@ZenGunMoveSounds;@Zen's Fire Fuel Mod;@Zen's Firewood Piles;@Zen's Immersive Login;@Zen's Persistent Trees;@ZenCatchRain;@ZenCauseOfDeath;@Trader;@TraderFixesAndFeatures;@EpsilonCommunity Armbands;@BaseBuildingItemStackandRepair;@BaseBuildingPlus;@Basic Map;@Basic Territories;@BBPItemPack;@BuildEverywhere;@BulletStacksPlusPlus;@Notifications;@SchanaModCompass;@SchanaModParty;@Barrel Fix-Carry Barrels Containing Items config serverdz.cfg bepath C:\TCAFiles\Users\admin\1\Battleye profiles C:\TCAFiles\Users\admin\1\instance autoinit  noFilePatching  


------------------------------------
SERVER-EPSILON, 01.03 2023 02:35:43
[EntityAI::OnStoreLoad] :: [WARNING] :: Scripted variables corrupted upon "ChernarusMap".
Entity will not be loaded correctly.
Function: 'main'
Stack trace:
$CurrentDir:mpmissions\dayzOffline.chernarusplus\init.c:6

Runtime mode
CLI params: ip 192.168.1.90 port 2302 mod @CF;@VPPAdminTools;@BasicSpawnSelect;@ZenNotes;@ZenLeftovers;@ZenOpenCansRock;@ZenGunMoveSounds;@Zen's Fire Fuel Mod;@Zen's Firewood Piles;@Zen's Immersive Login;@Zen's Persistent Trees;@ZenCatchRain;@ZenCauseOfDeath;@Trader;@TraderFixesAndFeatures;@EpsilonCommunity Armbands;@BaseBuildingItemStackandRepair;@BaseBuildingPlus;@Basic Map;@Basic Territories;@BBPItemPack;@BuildEverywhere;@BulletStacksPlusPlus;@Notifications;@SchanaModCompass;@SchanaModParty;@Barrel Fix-Carry Barrels Containing Items config serverdz.cfg bepath C:\TCAFiles\Users\admin\1\Battleye profiles C:\TCAFiles\Users\admin\1\instance autoinit  noFilePatching  


------------------------------------
SERVER-EPSILON, 01.03 2023 02:35:44
[EntityAI::OnStoreLoad] :: [WARNING] :: Scripted variables corrupted upon "ChernarusMap".
Entity will not be loaded correctly.
Function: 'main'
Stack trace:
$CurrentDir:mpmissions\dayzOffline.chernarusplus\init.c:6

Runtime mode
CLI params: ip 192.168.1.90 port 2302 mod @CF;@VPPAdminTools;@BasicSpawnSelect;@ZenNotes;@ZenLeftovers;@ZenOpenCansRock;@ZenGunMoveSounds;@Zen's Fire Fuel Mod;@Zen's Firewood Piles;@Zen's Immersive Login;@Zen's Persistent Trees;@ZenCatchRain;@ZenCauseOfDeath;@Trader;@TraderFixesAndFeatures;@EpsilonCommunity Armbands;@BaseBuildingItemStackandRepair;@BaseBuildingPlus;@Basic Map;@Basic Territories;@BBPItemPack;@BuildEverywhere;@BulletStacksPlusPlus;@Notifications;@SchanaModCompass;@SchanaModParty;@Barrel Fix-Carry Barrels Containing Items config serverdz.cfg bepath C:\TCAFiles\Users\admin\1\Battleye profiles C:\TCAFiles\Users\admin\1\instance autoinit  noFilePatching  


------------------------------------
SERVER-EPSILON, 01.03 2023 02:35:44
[EntityAI::OnStoreLoad] :: [WARNING] :: Scripted variables corrupted upon "ChernarusMap".
Entity will not be loaded correctly.
Function: 'main'
Stack trace:
$CurrentDir:mpmissions\dayzOffline.chernarusplus\init.c:6

Runtime mode
CLI params: ip 192.168.1.90 port 2302 mod @CF;@VPPAdminTools;@BasicSpawnSelect;@ZenNotes;@ZenLeftovers;@ZenOpenCansRock;@ZenGunMoveSounds;@Zen's Fire Fuel Mod;@Zen's Firewood Piles;@Zen's Immersive Login;@Zen's Persistent Trees;@ZenCatchRain;@ZenCauseOfDeath;@Trader;@TraderFixesAndFeatures;@EpsilonCommunity Armbands;@BaseBuildingItemStackandRepair;@BaseBuildingPlus;@Basic Map;@Basic Territories;@BBPItemPack;@BuildEverywhere;@BulletStacksPlusPlus;@Notifications;@SchanaModCompass;@SchanaModParty;@Barrel Fix-Carry Barrels Containing Items config serverdz.cfg bepath C:\TCAFiles\Users\admin\1\Battleye profiles C:\TCAFiles\Users\admin\1\instance autoinit  noFilePatching  


------------------------------------
SERVER-EPSILON, 01.03 2023 02:35:44
[EntityAI::OnStoreLoad] :: [WARNING] :: Scripted variables corrupted upon "ChernarusMap".
Entity will not be loaded correctly.
Function: 'main'
Stack trace:
$CurrentDir:mpmissions\dayzOffline.chernarusplus\init.c:6

Runtime mode
CLI params: ip 192.168.1.90 port 2302 mod @CF;@VPPAdminTools;@BasicSpawnSelect;@ZenNotes;@ZenLeftovers;@ZenOpenCansRock;@ZenGunMoveSounds;@Zen's Fire Fuel Mod;@Zen's Firewood Piles;@Zen's Immersive Login;@Zen's Persistent Trees;@ZenCatchRain;@ZenCauseOfDeath;@Trader;@TraderFixesAndFeatures;@EpsilonCommunity Armbands;@BaseBuildingItemStackandRepair;@BaseBuildingPlus;@Basic Map;@Basic Territories;@BBPItemPack;@BuildEverywhere;@BulletStacksPlusPlus;@Notifications;@SchanaModCompass;@SchanaModParty;@Barrel Fix-Carry Barrels Containing Items config serverdz.cfg bepath C:\TCAFiles\Users\admin\1\Battleye profiles C:\TCAFiles\Users\admin\1\instance autoinit  noFilePatching  


------------------------------------
SERVER-EPSILON, 01.03 2023 02:35:44
[EntityAI::OnStoreLoad] :: [WARNING] :: Scripted variables corrupted upon "ChernarusMap".
Entity will not be loaded correctly.
Function: 'main'
Stack trace:
$CurrentDir:mpmissions\dayzOffline.chernarusplus\init.c:6

Runtime mode
CLI params: ip 192.168.1.90 port 2302 mod @CF;@VPPAdminTools;@BasicSpawnSelect;@ZenNotes;@ZenLeftovers;@ZenOpenCansRock;@ZenGunMoveSounds;@Zen's Fire Fuel Mod;@Zen's Firewood Piles;@Zen's Immersive Login;@Zen's Persistent Trees;@ZenCatchRain;@ZenCauseOfDeath;@Trader;@TraderFixesAndFeatures;@EpsilonCommunity Armbands;@BaseBuildingItemStackandRepair;@BaseBuildingPlus;@Basic Map;@Basic Territories;@BBPItemPack;@BuildEverywhere;@BulletStacksPlusPlus;@Notifications;@SchanaModCompass;@SchanaModParty;@Barrel Fix-Carry Barrels Containing Items config serverdz.cfg bepath C:\TCAFiles\Users\admin\1\Battleye profiles C:\TCAFiles\Users\admin\1\instance autoinit  noFilePatching  


------------------------------------
SERVER-EPSILON, 01.03 2023 02:35:45
[EntityAI::OnStoreLoad] :: [WARNING] :: Scripted variables corrupted upon "ChernarusMap".
Entity will not be loaded correctly.
Function: 'main'
Stack trace:
$CurrentDir:mpmissions\dayzOffline.chernarusplus\init.c:6

Runtime mode
CLI params: ip 192.168.1.90 port 2302 mod @CF;@VPPAdminTools;@BasicSpawnSelect;@ZenNotes;@ZenLeftovers;@ZenOpenCansRock;@ZenGunMoveSounds;@Zen's Fire Fuel Mod;@Zen's Firewood Piles;@Zen's Immersive Login;@Zen's Persistent Trees;@ZenCatchRain;@ZenCauseOfDeath;@Trader;@TraderFixesAndFeatures;@EpsilonCommunity Armbands;@BaseBuildingItemStackandRepair;@BaseBuildingPlus;@Basic Map;@Basic Territories;@BBPItemPack;@BuildEverywhere;@BulletStacksPlusPlus;@Notifications;@SchanaModCompass;@SchanaModParty;@Barrel Fix-Carry Barrels Containing Items config serverdz.cfg bepath C:\TCAFiles\Users\admin\1\Battleye profiles C:\TCAFiles\Users\admin\1\instance autoinit  noFilePatching  


------------------------------------
SERVER-EPSILON, 01.03 2023 02:35:45
[EntityAI::OnStoreLoad] :: [WARNING] :: Scripted variables corrupted upon "ChernarusMap".
Entity will not be loaded correctly.
Function: 'main'
Stack trace:
$CurrentDir:mpmissions\dayzOffline.chernarusplus\init.c:6

Runtime mode
CLI params: ip 192.168.1.90 port 2302 mod @CF;@VPPAdminTools;@BasicSpawnSelect;@ZenNotes;@ZenLeftovers;@ZenOpenCansRock;@ZenGunMoveSounds;@Zen's Fire Fuel Mod;@Zen's Firewood Piles;@Zen's Immersive Login;@Zen's Persistent Trees;@ZenCatchRain;@ZenCauseOfDeath;@Trader;@TraderFixesAndFeatures;@EpsilonCommunity Armbands;@BaseBuildingItemStackandRepair;@BaseBuildingPlus;@Basic Map;@Basic Territories;@BBPItemPack;@BuildEverywhere;@BulletStacksPlusPlus;@Notifications;@SchanaModCompass;@SchanaModParty;@Barrel Fix-Carry Barrels Containing Items config serverdz.cfg bepath C:\TCAFiles\Users\admin\1\Battleye profiles C:\TCAFiles\Users\admin\1\instance autoinit  noFilePatching  


------------------------------------
SERVER-EPSILON, 01.03 2023 02:35:45
[EntityAI::OnStoreLoad] :: [WARNING] :: Scripted variables corrupted upon "ChernarusMap".
Entity will not be loaded correctly.
Function: 'main'
Stack trace:
$CurrentDir:mpmissions\dayzOffline.chernarusplus\init.c:6

Runtime mode
CLI params: ip 192.168.1.90 port 2302 mod @CF;@VPPAdminTools;@BasicSpawnSelect;@ZenNotes;@ZenLeftovers;@ZenOpenCansRock;@ZenGunMoveSounds;@Zen's Fire Fuel Mod;@Zen's Firewood Piles;@Zen's Immersive Login;@Zen's Persistent Trees;@ZenCatchRain;@ZenCauseOfDeath;@Trader;@TraderFixesAndFeatures;@EpsilonCommunity Armbands;@BaseBuildingItemStackandRepair;@BaseBuildingPlus;@Basic Map;@Basic Territories;@BBPItemPack;@BuildEverywhere;@BulletStacksPlusPlus;@Notifications;@SchanaModCompass;@SchanaModParty;@Barrel Fix-Carry Barrels Containing Items config serverdz.cfg bepath C:\TCAFiles\Users\admin\1\Battleye profiles C:\TCAFiles\Users\admin\1\instance autoinit  noFilePatching  


------------------------------------
SERVER-EPSILON, 01.03 2023 02:35:45
[EntityAI::OnStoreLoad] :: [WARNING] :: Scripted variables corrupted upon "ChernarusMap".
Entity will not be loaded correctly.
Function: 'main'
Stack trace:
$CurrentDir:mpmissions\dayzOffline.chernarusplus\init.c:6

Runtime mode
CLI params: ip 192.168.1.90 port 2302 mod @CF;@VPPAdminTools;@BasicSpawnSelect;@ZenNotes;@ZenLeftovers;@ZenOpenCansRock;@ZenGunMoveSounds;@Zen's Fire Fuel Mod;@Zen's Firewood Piles;@Zen's Immersive Login;@Zen's Persistent Trees;@ZenCatchRain;@ZenCauseOfDeath;@Trader;@TraderFixesAndFeatures;@EpsilonCommunity Armbands;@BaseBuildingItemStackandRepair;@BaseBuildingPlus;@Basic Map;@Basic Territories;@BBPItemPack;@BuildEverywhere;@BulletStacksPlusPlus;@Notifications;@SchanaModCompass;@SchanaModParty;@Barrel Fix-Carry Barrels Containing Items config serverdz.cfg bepath C:\TCAFiles\Users\admin\1\Battleye profiles C:\TCAFiles\Users\admin\1\instance autoinit  noFilePatching  


------------------------------------
SERVER-EPSILON, 01.03 2023 02:35:45
[EntityAI::OnStoreLoad] :: [WARNING] :: Scripted variables corrupted upon "ChernarusMap".
Entity will not be loaded correctly.
Function: 'main'
Stack trace:
$CurrentDir:mpmissions\dayzOffline.chernarusplus\init.c:6

Runtime mode
CLI params: ip 192.168.1.90 port 2302 mod @CF;@VPPAdminTools;@BasicSpawnSelect;@ZenNotes;@ZenLeftovers;@ZenOpenCansRock;@ZenGunMoveSounds;@Zen's Fire Fuel Mod;@Zen's Firewood Piles;@Zen's Immersive Login;@Zen's Persistent Trees;@ZenCatchRain;@ZenCauseOfDeath;@Trader;@TraderFixesAndFeatures;@EpsilonCommunity Armbands;@BaseBuildingItemStackandRepair;@BaseBuildingPlus;@Basic Map;@Basic Territories;@BBPItemPack;@BuildEverywhere;@BulletStacksPlusPlus;@Notifications;@SchanaModCompass;@SchanaModParty;@Barrel Fix-Carry Barrels Containing Items config serverdz.cfg bepath C:\TCAFiles\Users\admin\1\Battleye profiles C:\TCAFiles\Users\admin\1\instance autoinit  noFilePatching  


------------------------------------
SERVER-EPSILON, 01.03 2023 02:35:45
[EntityAI::OnStoreLoad] :: [WARNING] :: Scripted variables corrupted upon "ChernarusMap".
Entity will not be loaded correctly.
Function: 'main'
Stack trace:
$CurrentDir:mpmissions\dayzOffline.chernarusplus\init.c:6

Runtime mode
CLI params: ip 192.168.1.90 port 2302 mod @CF;@VPPAdminTools;@BasicSpawnSelect;@ZenNotes;@ZenLeftovers;@ZenOpenCansRock;@ZenGunMoveSounds;@Zen's Fire Fuel Mod;@Zen's Firewood Piles;@Zen's Immersive Login;@Zen's Persistent Trees;@ZenCatchRain;@ZenCauseOfDeath;@Trader;@TraderFixesAndFeatures;@EpsilonCommunity Armbands;@BaseBuildingItemStackandRepair;@BaseBuildingPlus;@Basic Map;@Basic Territories;@BBPItemPack;@BuildEverywhere;@BulletStacksPlusPlus;@Notifications;@SchanaModCompass;@SchanaModParty;@Barrel Fix-Carry Barrels Containing Items config serverdz.cfg bepath C:\TCAFiles\Users\admin\1\Battleye profiles C:\TCAFiles\Users\admin\1\instance autoinit  noFilePatching  


------------------------------------
SERVER-EPSILON, 01.03 2023 02:35:45
[EntityAI::OnStoreLoad] :: [WARNING] :: Scripted variables corrupted upon "ChernarusMap".
Entity will not be loaded correctly.
Function: 'main'
Stack trace:
$CurrentDir:mpmissions\dayzOffline.chernarusplus\init.c:6

Runtime mode
CLI params: ip 192.168.1.90 port 2302 mod @CF;@VPPAdminTools;@BasicSpawnSelect;@ZenNotes;@ZenLeftovers;@ZenOpenCansRock;@ZenGunMoveSounds;@Zen's Fire Fuel Mod;@Zen's Firewood Piles;@Zen's Immersive Login;@Zen's Persistent Trees;@ZenCatchRain;@ZenCauseOfDeath;@Trader;@TraderFixesAndFeatures;@EpsilonCommunity Armbands;@BaseBuildingItemStackandRepair;@BaseBuildingPlus;@Basic Map;@Basic Territories;@BBPItemPack;@BuildEverywhere;@BulletStacksPlusPlus;@Notifications;@SchanaModCompass;@SchanaModParty;@Barrel Fix-Carry Barrels Containing Items config serverdz.cfg bepath C:\TCAFiles\Users\admin\1\Battleye profiles C:\TCAFiles\Users\admin\1\instance autoinit  noFilePatching  


------------------------------------
SERVER-EPSILON, 01.03 2023 02:35:46
[EntityAI::OnStoreLoad] :: [WARNING] :: Scripted variables corrupted upon "ChernarusMap".
Entity will not be loaded correctly.
Function: 'main'
Stack trace:
$CurrentDir:mpmissions\dayzOffline.chernarusplus\init.c:6

Runtime mode
CLI params: ip 192.168.1.90 port 2302 mod @CF;@VPPAdminTools;@BasicSpawnSelect;@ZenNotes;@ZenLeftovers;@ZenOpenCansRock;@ZenGunMoveSounds;@Zen's Fire Fuel Mod;@Zen's Firewood Piles;@Zen's Immersive Login;@Zen's Persistent Trees;@ZenCatchRain;@ZenCauseOfDeath;@Trader;@TraderFixesAndFeatures;@EpsilonCommunity Armbands;@BaseBuildingItemStackandRepair;@BaseBuildingPlus;@Basic Map;@Basic Territories;@BBPItemPack;@BuildEverywhere;@BulletStacksPlusPlus;@Notifications;@SchanaModCompass;@SchanaModParty;@Barrel Fix-Carry Barrels Containing Items config serverdz.cfg bepath C:\TCAFiles\Users\admin\1\Battleye profiles C:\TCAFiles\Users\admin\1\instance autoinit  noFilePatching  


------------------------------------
SERVER-EPSILON, 01.03 2023 02:35:46
[EntityAI::OnStoreLoad] :: [WARNING] :: Scripted variables corrupted upon "ChernarusMap".
Entity will not be loaded correctly.
Function: 'main'
Stack trace:
$CurrentDir:mpmissions\dayzOffline.chernarusplus\init.c:6

Runtime mode
CLI params: ip 192.168.1.90 port 2302 mod @CF;@VPPAdminTools;@BasicSpawnSelect;@ZenNotes;@ZenLeftovers;@ZenOpenCansRock;@ZenGunMoveSounds;@Zen's Fire Fuel Mod;@Zen's Firewood Piles;@Zen's Immersive Login;@Zen's Persistent Trees;@ZenCatchRain;@ZenCauseOfDeath;@Trader;@TraderFixesAndFeatures;@EpsilonCommunity Armbands;@BaseBuildingItemStackandRepair;@BaseBuildingPlus;@Basic Map;@Basic Territories;@BBPItemPack;@BuildEverywhere;@BulletStacksPlusPlus;@Notifications;@SchanaModCompass;@SchanaModParty;@Barrel Fix-Carry Barrels Containing Items config serverdz.cfg bepath C:\TCAFiles\Users\admin\1\Battleye profiles C:\TCAFiles\Users\admin\1\instance autoinit  noFilePatching  


------------------------------------
SERVER-EPSILON, 01.03 2023 02:35:46
[EntityAI::OnStoreLoad] :: [WARNING] :: Scripted variables corrupted upon "ChernarusMap".
Entity will not be loaded correctly.
Function: 'main'
Stack trace:
$CurrentDir:mpmissions\dayzOffline.chernarusplus\init.c:6

Runtime mode
CLI params: ip 192.168.1.90 port 2302 mod @CF;@VPPAdminTools;@BasicSpawnSelect;@ZenNotes;@ZenLeftovers;@ZenOpenCansRock;@ZenGunMoveSounds;@Zen's Fire Fuel Mod;@Zen's Firewood Piles;@Zen's Immersive Login;@Zen's Persistent Trees;@ZenCatchRain;@ZenCauseOfDeath;@Trader;@TraderFixesAndFeatures;@EpsilonCommunity Armbands;@BaseBuildingItemStackandRepair;@BaseBuildingPlus;@Basic Map;@Basic Territories;@BBPItemPack;@BuildEverywhere;@BulletStacksPlusPlus;@Notifications;@SchanaModCompass;@SchanaModParty;@Barrel Fix-Carry Barrels Containing Items config serverdz.cfg bepath C:\TCAFiles\Users\admin\1\Battleye profiles C:\TCAFiles\Users\admin\1\instance autoinit  noFilePatching  


------------------------------------
SERVER-EPSILON, 01.03 2023 02:35:46
[EntityAI::OnStoreLoad] :: [WARNING] :: Scripted variables corrupted upon "ChernarusMap".
Entity will not be loaded correctly.
Function: 'main'
Stack trace:
$CurrentDir:mpmissions\dayzOffline.chernarusplus\init.c:6

Runtime mode
CLI params: ip 192.168.1.90 port 2302 mod @CF;@VPPAdminTools;@BasicSpawnSelect;@ZenNotes;@ZenLeftovers;@ZenOpenCansRock;@ZenGunMoveSounds;@Zen's Fire Fuel Mod;@Zen's Firewood Piles;@Zen's Immersive Login;@Zen's Persistent Trees;@ZenCatchRain;@ZenCauseOfDeath;@Trader;@TraderFixesAndFeatures;@EpsilonCommunity Armbands;@BaseBuildingItemStackandRepair;@BaseBuildingPlus;@Basic Map;@Basic Territories;@BBPItemPack;@BuildEverywhere;@BulletStacksPlusPlus;@Notifications;@SchanaModCompass;@SchanaModParty;@Barrel Fix-Carry Barrels Containing Items config serverdz.cfg bepath C:\TCAFiles\Users\admin\1\Battleye profiles C:\TCAFiles\Users\admin\1\instance autoinit  noFilePatching  


------------------------------------
SERVER-EPSILON, 01.03 2023 02:35:46
[EntityAI::OnStoreLoad] :: [WARNING] :: Scripted variables corrupted upon "ChernarusMap".
Entity will not be loaded correctly.
Function: 'main'
Stack trace:
$CurrentDir:mpmissions\dayzOffline.chernarusplus\init.c:6

Runtime mode
CLI params: ip 192.168.1.90 port 2302 mod @CF;@VPPAdminTools;@BasicSpawnSelect;@ZenNotes;@ZenLeftovers;@ZenOpenCansRock;@ZenGunMoveSounds;@Zen's Fire Fuel Mod;@Zen's Firewood Piles;@Zen's Immersive Login;@Zen's Persistent Trees;@ZenCatchRain;@ZenCauseOfDeath;@Trader;@TraderFixesAndFeatures;@EpsilonCommunity Armbands;@BaseBuildingItemStackandRepair;@BaseBuildingPlus;@Basic Map;@Basic Territories;@BBPItemPack;@BuildEverywhere;@BulletStacksPlusPlus;@Notifications;@SchanaModCompass;@SchanaModParty;@Barrel Fix-Carry Barrels Containing Items config serverdz.cfg bepath C:\TCAFiles\Users\admin\1\Battleye profiles C:\TCAFiles\Users\admin\1\instance autoinit  noFilePatching  


------------------------------------
SERVER-EPSILON, 01.03 2023 02:35:46
[EntityAI::OnStoreLoad] :: [WARNING] :: Scripted variables corrupted upon "CivilianSedan_Wine".
Entity will not be loaded correctly.
Function: 'main'
Stack trace:
$CurrentDir:mpmissions\dayzOffline.chernarusplus\init.c:6

Runtime mode
CLI params: ip 192.168.1.90 port 2302 mod @CF;@VPPAdminTools;@BasicSpawnSelect;@ZenNotes;@ZenLeftovers;@ZenOpenCansRock;@ZenGunMoveSounds;@Zen's Fire Fuel Mod;@Zen's Firewood Piles;@Zen's Immersive Login;@Zen's Persistent Trees;@ZenCatchRain;@ZenCauseOfDeath;@Trader;@TraderFixesAndFeatures;@EpsilonCommunity Armbands;@BaseBuildingItemStackandRepair;@BaseBuildingPlus;@Basic Map;@Basic Territories;@BBPItemPack;@BuildEverywhere;@BulletStacksPlusPlus;@Notifications;@SchanaModCompass;@SchanaModParty;@Barrel Fix-Carry Barrels Containing Items config serverdz.cfg bepath C:\TCAFiles\Users\admin\1\Battleye profiles C:\TCAFiles\Users\admin\1\instance autoinit  noFilePatching  


------------------------------------
SERVER-EPSILON, 01.03 2023 02:35:46
[EntityAI::OnStoreLoad] :: [WARNING] :: Scripted variables corrupted upon "CivilianSedan_Wine".
Entity will not be loaded correctly.
Function: 'main'
Stack trace:
$CurrentDir:mpmissions\dayzOffline.chernarusplus\init.c:6

Runtime mode
CLI params: ip 192.168.1.90 port 2302 mod @CF;@VPPAdminTools;@BasicSpawnSelect;@ZenNotes;@ZenLeftovers;@ZenOpenCansRock;@ZenGunMoveSounds;@Zen's Fire Fuel Mod;@Zen's Firewood Piles;@Zen's Immersive Login;@Zen's Persistent Trees;@ZenCatchRain;@ZenCauseOfDeath;@Trader;@TraderFixesAndFeatures;@EpsilonCommunity Armbands;@BaseBuildingItemStackandRepair;@BaseBuildingPlus;@Basic Map;@Basic Territories;@BBPItemPack;@BuildEverywhere;@BulletStacksPlusPlus;@Notifications;@SchanaModCompass;@SchanaModParty;@Barrel Fix-Carry Barrels Containing Items config serverdz.cfg bepath C:\TCAFiles\Users\admin\1\Battleye profiles C:\TCAFiles\Users\admin\1\instance autoinit  noFilePatching  


------------------------------------
SERVER-EPSILON, 01.03 2023 02:35:46
[EntityAI::OnStoreLoad] :: [WARNING] :: Scripted variables corrupted upon "CivilianSedan".
Entity will not be loaded correctly.
Function: 'main'
Stack trace:
$CurrentDir:mpmissions\dayzOffline.chernarusplus\init.c:6

Runtime mode
CLI params: ip 192.168.1.90 port 2302 mod @CF;@VPPAdminTools;@BasicSpawnSelect;@ZenNotes;@ZenLeftovers;@ZenOpenCansRock;@ZenGunMoveSounds;@Zen's Fire Fuel Mod;@Zen's Firewood Piles;@Zen's Immersive Login;@Zen's Persistent Trees;@ZenCatchRain;@ZenCauseOfDeath;@Trader;@TraderFixesAndFeatures;@EpsilonCommunity Armbands;@BaseBuildingItemStackandRepair;@BaseBuildingPlus;@Basic Map;@Basic Territories;@BBPItemPack;@BuildEverywhere;@BulletStacksPlusPlus;@Notifications;@SchanaModCompass;@SchanaModParty;@Barrel Fix-Carry Barrels Containing Items config serverdz.cfg bepath C:\TCAFiles\Users\admin\1\Battleye profiles C:\TCAFiles\Users\admin\1\instance autoinit  noFilePatching  


------------------------------------
SERVER-EPSILON, 01.03 2023 02:35:46
[EntityAI::OnStoreLoad] :: [WARNING] :: Scripted variables corrupted upon "CivilianSedan".
Entity will not be loaded correctly.
Function: 'main'
Stack trace:
$CurrentDir:mpmissions\dayzOffline.chernarusplus\init.c:6

Runtime mode
CLI params: ip 192.168.1.90 port 2302 mod @CF;@VPPAdminTools;@BasicSpawnSelect;@ZenNotes;@ZenLeftovers;@ZenOpenCansRock;@ZenGunMoveSounds;@Zen's Fire Fuel Mod;@Zen's Firewood Piles;@Zen's Immersive Login;@Zen's Persistent Trees;@ZenCatchRain;@ZenCauseOfDeath;@Trader;@TraderFixesAndFeatures;@EpsilonCommunity Armbands;@BaseBuildingItemStackandRepair;@BaseBuildingPlus;@Basic Map;@Basic Territories;@BBPItemPack;@BuildEverywhere;@BulletStacksPlusPlus;@Notifications;@SchanaModCompass;@SchanaModParty;@Barrel Fix-Carry Barrels Containing Items config serverdz.cfg bepath C:\TCAFiles\Users\admin\1\Battleye profiles C:\TCAFiles\Users\admin\1\instance autoinit  noFilePatching  


------------------------------------
SERVER-EPSILON, 01.03 2023 02:35:46
[EntityAI::OnStoreLoad] :: [WARNING] :: Scripted variables corrupted upon "CivilianSedan_Wine".
Entity will not be loaded correctly.
Function: 'main'
Stack trace:
$CurrentDir:mpmissions\dayzOffline.chernarusplus\init.c:6

Runtime mode
CLI params: ip 192.168.1.90 port 2302 mod @CF;@VPPAdminTools;@BasicSpawnSelect;@ZenNotes;@ZenLeftovers;@ZenOpenCansRock;@ZenGunMoveSounds;@Zen's Fire Fuel Mod;@Zen's Firewood Piles;@Zen's Immersive Login;@Zen's Persistent Trees;@ZenCatchRain;@ZenCauseOfDeath;@Trader;@TraderFixesAndFeatures;@EpsilonCommunity Armbands;@BaseBuildingItemStackandRepair;@BaseBuildingPlus;@Basic Map;@Basic Territories;@BBPItemPack;@BuildEverywhere;@BulletStacksPlusPlus;@Notifications;@SchanaModCompass;@SchanaModParty;@Barrel Fix-Carry Barrels Containing Items config serverdz.cfg bepath C:\TCAFiles\Users\admin\1\Battleye profiles C:\TCAFiles\Users\admin\1\instance autoinit  noFilePatching  


------------------------------------
SERVER-EPSILON, 01.03 2023 02:35:46
[EntityAI::OnStoreLoad] :: [WARNING] :: Scripted variables corrupted upon "CivilianSedan_Black".
Entity will not be loaded correctly.
Function: 'main'
Stack trace:
$CurrentDir:mpmissions\dayzOffline.chernarusplus\init.c:6

Runtime mode
CLI params: ip 192.168.1.90 port 2302 mod @CF;@VPPAdminTools;@BasicSpawnSelect;@ZenNotes;@ZenLeftovers;@ZenOpenCansRock;@ZenGunMoveSounds;@Zen's Fire Fuel Mod;@Zen's Firewood Piles;@Zen's Immersive Login;@Zen's Persistent Trees;@ZenCatchRain;@ZenCauseOfDeath;@Trader;@TraderFixesAndFeatures;@EpsilonCommunity Armbands;@BaseBuildingItemStackandRepair;@BaseBuildingPlus;@Basic Map;@Basic Territories;@BBPItemPack;@BuildEverywhere;@BulletStacksPlusPlus;@Notifications;@SchanaModCompass;@SchanaModParty;@Barrel Fix-Carry Barrels Containing Items config serverdz.cfg bepath C:\TCAFiles\Users\admin\1\Battleye profiles C:\TCAFiles\Users\admin\1\instance autoinit  noFilePatching  


------------------------------------
SERVER-EPSILON, 01.03 2023 02:35:46
[EntityAI::OnStoreLoad] :: [WARNING] :: Scripted variables corrupted upon "Hatchback_02".
Entity will not be loaded correctly.
Function: 'main'
Stack trace:
$CurrentDir:mpmissions\dayzOffline.chernarusplus\init.c:6

Runtime mode
CLI params: ip 192.168.1.90 port 2302 mod @CF;@VPPAdminTools;@BasicSpawnSelect;@ZenNotes;@ZenLeftovers;@ZenOpenCansRock;@ZenGunMoveSounds;@Zen's Fire Fuel Mod;@Zen's Firewood Piles;@Zen's Immersive Login;@Zen's Persistent Trees;@ZenCatchRain;@ZenCauseOfDeath;@Trader;@TraderFixesAndFeatures;@EpsilonCommunity Armbands;@BaseBuildingItemStackandRepair;@BaseBuildingPlus;@Basic Map;@Basic Territories;@BBPItemPack;@BuildEverywhere;@BulletStacksPlusPlus;@Notifications;@SchanaModCompass;@SchanaModParty;@Barrel Fix-Carry Barrels Containing Items config serverdz.cfg bepath C:\TCAFiles\Users\admin\1\Battleye profiles C:\TCAFiles\Users\admin\1\instance autoinit  noFilePatching  


------------------------------------
SERVER-EPSILON, 01.03 2023 02:35:46
[EntityAI::OnStoreLoad] :: [WARNING] :: Scripted variables corrupted upon "Hatchback_02_Blue".
Entity will not be loaded correctly.
Function: 'main'
Stack trace:
$CurrentDir:mpmissions\dayzOffline.chernarusplus\init.c:6

Runtime mode
CLI params: ip 192.168.1.90 port 2302 mod @CF;@VPPAdminTools;@BasicSpawnSelect;@ZenNotes;@ZenLeftovers;@ZenOpenCansRock;@ZenGunMoveSounds;@Zen's Fire Fuel Mod;@Zen's Firewood Piles;@Zen's Immersive Login;@Zen's Persistent Trees;@ZenCatchRain;@ZenCauseOfDeath;@Trader;@TraderFixesAndFeatures;@EpsilonCommunity Armbands;@BaseBuildingItemStackandRepair;@BaseBuildingPlus;@Basic Map;@Basic Territories;@BBPItemPack;@BuildEverywhere;@BulletStacksPlusPlus;@Notifications;@SchanaModCompass;@SchanaModParty;@Barrel Fix-Carry Barrels Containing Items config serverdz.cfg bepath C:\TCAFiles\Users\admin\1\Battleye profiles C:\TCAFiles\Users\admin\1\instance autoinit  noFilePatching  


------------------------------------
SERVER-EPSILON, 01.03 2023 02:35:46
[EntityAI::OnStoreLoad] :: [WARNING] :: Scripted variables corrupted upon "Hatchback_02_Black".
Entity will not be loaded correctly.
Function: 'main'
Stack trace:
$CurrentDir:mpmissions\dayzOffline.chernarusplus\init.c:6

Runtime mode
CLI params: ip 192.168.1.90 port 2302 mod @CF;@VPPAdminTools;@BasicSpawnSelect;@ZenNotes;@ZenLeftovers;@ZenOpenCansRock;@ZenGunMoveSounds;@Zen's Fire Fuel Mod;@Zen's Firewood Piles;@Zen's Immersive Login;@Zen's Persistent Trees;@ZenCatchRain;@ZenCauseOfDeath;@Trader;@TraderFixesAndFeatures;@EpsilonCommunity Armbands;@BaseBuildingItemStackandRepair;@BaseBuildingPlus;@Basic Map;@Basic Territories;@BBPItemPack;@BuildEverywhere;@BulletStacksPlusPlus;@Notifications;@SchanaModCompass;@SchanaModParty;@Barrel Fix-Carry Barrels Containing Items config serverdz.cfg bepath C:\TCAFiles\Users\admin\1\Battleye profiles C:\TCAFiles\Users\admin\1\instance autoinit  noFilePatching  


------------------------------------
SERVER-EPSILON, 01.03 2023 02:35:46
[EntityAI::OnStoreLoad] :: [WARNING] :: Scripted variables corrupted upon "Hatchback_02_Black".
Entity will not be loaded correctly.
Function: 'main'
Stack trace:
$CurrentDir:mpmissions\dayzOffline.chernarusplus\init.c:6

Runtime mode
CLI params: ip 192.168.1.90 port 2302 mod @CF;@VPPAdminTools;@BasicSpawnSelect;@ZenNotes;@ZenLeftovers;@ZenOpenCansRock;@ZenGunMoveSounds;@Zen's Fire Fuel Mod;@Zen's Firewood Piles;@Zen's Immersive Login;@Zen's Persistent Trees;@ZenCatchRain;@ZenCauseOfDeath;@Trader;@TraderFixesAndFeatures;@EpsilonCommunity Armbands;@BaseBuildingItemStackandRepair;@BaseBuildingPlus;@Basic Map;@Basic Territories;@BBPItemPack;@BuildEverywhere;@BulletStacksPlusPlus;@Notifications;@SchanaModCompass;@SchanaModParty;@Barrel Fix-Carry Barrels Containing Items config serverdz.cfg bepath C:\TCAFiles\Users\admin\1\Battleye profiles C:\TCAFiles\Users\admin\1\instance autoinit  noFilePatching  


------------------------------------
SERVER-EPSILON, 01.03 2023 02:35:46
[EntityAI::OnStoreLoad] :: [WARNING] :: Scripted variables corrupted upon "Hatchback_02".
Entity will not be loaded correctly.
Function: 'main'
Stack trace:
$CurrentDir:mpmissions\dayzOffline.chernarusplus\init.c:6

Runtime mode
CLI params: ip 192.168.1.90 port 2302 mod @CF;@VPPAdminTools;@BasicSpawnSelect;@ZenNotes;@ZenLeftovers;@ZenOpenCansRock;@ZenGunMoveSounds;@Zen's Fire Fuel Mod;@Zen's Firewood Piles;@Zen's Immersive Login;@Zen's Persistent Trees;@ZenCatchRain;@ZenCauseOfDeath;@Trader;@TraderFixesAndFeatures;@EpsilonCommunity Armbands;@BaseBuildingItemStackandRepair;@BaseBuildingPlus;@Basic Map;@Basic Territories;@BBPItemPack;@BuildEverywhere;@BulletStacksPlusPlus;@Notifications;@SchanaModCompass;@SchanaModParty;@Barrel Fix-Carry Barrels Containing Items config serverdz.cfg bepath C:\TCAFiles\Users\admin\1\Battleye profiles C:\TCAFiles\Users\admin\1\instance autoinit  noFilePatching  


------------------------------------
SERVER-EPSILON, 01.03 2023 02:35:46
[EntityAI::OnStoreLoad] :: [WARNING] :: Scripted variables corrupted upon "Hatchback_02_Blue".
Entity will not be loaded correctly.
Function: 'main'
Stack trace:
$CurrentDir:mpmissions\dayzOffline.chernarusplus\init.c:6

Runtime mode
CLI params: ip 192.168.1.90 port 2302 mod @CF;@VPPAdminTools;@BasicSpawnSelect;@ZenNotes;@ZenLeftovers;@ZenOpenCansRock;@ZenGunMoveSounds;@Zen's Fire Fuel Mod;@Zen's Firewood Piles;@Zen's Immersive Login;@Zen's Persistent Trees;@ZenCatchRain;@ZenCauseOfDeath;@Trader;@TraderFixesAndFeatures;@EpsilonCommunity Armbands;@BaseBuildingItemStackandRepair;@BaseBuildingPlus;@Basic Map;@Basic Territories;@BBPItemPack;@BuildEverywhere;@BulletStacksPlusPlus;@Notifications;@SchanaModCompass;@SchanaModParty;@Barrel Fix-Carry Barrels Containing Items config serverdz.cfg bepath C:\TCAFiles\Users\admin\1\Battleye profiles C:\TCAFiles\Users\admin\1\instance autoinit  noFilePatching  


------------------------------------
SERVER-EPSILON, 01.03 2023 02:35:46
[EntityAI::OnStoreLoad] :: [WARNING] :: Scripted variables corrupted upon "Offroad_02".
Entity will not be loaded correctly.
Function: 'main'
Stack trace:
$CurrentDir:mpmissions\dayzOffline.chernarusplus\init.c:6

Runtime mode
CLI params: ip 192.168.1.90 port 2302 mod @CF;@VPPAdminTools;@BasicSpawnSelect;@ZenNotes;@ZenLeftovers;@ZenOpenCansRock;@ZenGunMoveSounds;@Zen's Fire Fuel Mod;@Zen's Firewood Piles;@Zen's Immersive Login;@Zen's Persistent Trees;@ZenCatchRain;@ZenCauseOfDeath;@Trader;@TraderFixesAndFeatures;@EpsilonCommunity Armbands;@BaseBuildingItemStackandRepair;@BaseBuildingPlus;@Basic Map;@Basic Territories;@BBPItemPack;@BuildEverywhere;@BulletStacksPlusPlus;@Notifications;@SchanaModCompass;@SchanaModParty;@Barrel Fix-Carry Barrels Containing Items config serverdz.cfg bepath C:\TCAFiles\Users\admin\1\Battleye profiles C:\TCAFiles\Users\admin\1\instance autoinit  noFilePatching  


------------------------------------
SERVER-EPSILON, 01.03 2023 02:35:46
[EntityAI::OnStoreLoad] :: [WARNING] :: Scripted variables corrupted upon "Offroad_02".
Entity will not be loaded correctly.
Function: 'main'
Stack trace:
$CurrentDir:mpmissions\dayzOffline.chernarusplus\init.c:6

Runtime mode
CLI params: ip 192.168.1.90 port 2302 mod @CF;@VPPAdminTools;@BasicSpawnSelect;@ZenNotes;@ZenLeftovers;@ZenOpenCansRock;@ZenGunMoveSounds;@Zen's Fire Fuel Mod;@Zen's Firewood Piles;@Zen's Immersive Login;@Zen's Persistent Trees;@ZenCatchRain;@ZenCauseOfDeath;@Trader;@TraderFixesAndFeatures;@EpsilonCommunity Armbands;@BaseBuildingItemStackandRepair;@BaseBuildingPlus;@Basic Map;@Basic Territories;@BBPItemPack;@BuildEverywhere;@BulletStacksPlusPlus;@Notifications;@SchanaModCompass;@SchanaModParty;@Barrel Fix-Carry Barrels Containing Items config serverdz.cfg bepath C:\TCAFiles\Users\admin\1\Battleye profiles C:\TCAFiles\Users\admin\1\instance autoinit  noFilePatching  


------------------------------------
SERVER-EPSILON, 01.03 2023 02:35:46
[EntityAI::OnStoreLoad] :: [WARNING] :: Scripted variables corrupted upon "Offroad_02".
Entity will not be loaded correctly.
Function: 'main'
Stack trace:
$CurrentDir:mpmissions\dayzOffline.chernarusplus\init.c:6

Runtime mode
CLI params: ip 192.168.1.90 port 2302 mod @CF;@VPPAdminTools;@BasicSpawnSelect;@ZenNotes;@ZenLeftovers;@ZenOpenCansRock;@ZenGunMoveSounds;@Zen's Fire Fuel Mod;@Zen's Firewood Piles;@Zen's Immersive Login;@Zen's Persistent Trees;@ZenCatchRain;@ZenCauseOfDeath;@Trader;@TraderFixesAndFeatures;@EpsilonCommunity Armbands;@BaseBuildingItemStackandRepair;@BaseBuildingPlus;@Basic Map;@Basic Territories;@BBPItemPack;@BuildEverywhere;@BulletStacksPlusPlus;@Notifications;@SchanaModCompass;@SchanaModParty;@Barrel Fix-Carry Barrels Containing Items config serverdz.cfg bepath C:\TCAFiles\Users\admin\1\Battleye profiles C:\TCAFiles\Users\admin\1\instance autoinit  noFilePatching  


------------------------------------
SERVER-EPSILON, 01.03 2023 02:35:46
[EntityAI::OnStoreLoad] :: [WARNING] :: Scripted variables corrupted upon "OffroadHatchback_Blue".
Entity will not be loaded correctly.
Function: 'main'
Stack trace:
$CurrentDir:mpmissions\dayzOffline.chernarusplus\init.c:6

Runtime mode
CLI params: ip 192.168.1.90 port 2302 mod @CF;@VPPAdminTools;@BasicSpawnSelect;@ZenNotes;@ZenLeftovers;@ZenOpenCansRock;@ZenGunMoveSounds;@Zen's Fire Fuel Mod;@Zen's Firewood Piles;@Zen's Immersive Login;@Zen's Persistent Trees;@ZenCatchRain;@ZenCauseOfDeath;@Trader;@TraderFixesAndFeatures;@EpsilonCommunity Armbands;@BaseBuildingItemStackandRepair;@BaseBuildingPlus;@Basic Map;@Basic Territories;@BBPItemPack;@BuildEverywhere;@BulletStacksPlusPlus;@Notifications;@SchanaModCompass;@SchanaModParty;@Barrel Fix-Carry Barrels Containing Items config serverdz.cfg bepath C:\TCAFiles\Users\admin\1\Battleye profiles C:\TCAFiles\Users\admin\1\instance autoinit  noFilePatching  


------------------------------------
SERVER-EPSILON, 01.03 2023 02:35:46
[EntityAI::OnStoreLoad] :: [WARNING] :: Scripted variables corrupted upon "OffroadHatchback_Blue".
Entity will not be loaded correctly.
Function: 'main'
Stack trace:
$CurrentDir:mpmissions\dayzOffline.chernarusplus\init.c:6

Runtime mode
CLI params: ip 192.168.1.90 port 2302 mod @CF;@VPPAdminTools;@BasicSpawnSelect;@ZenNotes;@ZenLeftovers;@ZenOpenCansRock;@ZenGunMoveSounds;@Zen's Fire Fuel Mod;@Zen's Firewood Piles;@Zen's Immersive Login;@Zen's Persistent Trees;@ZenCatchRain;@ZenCauseOfDeath;@Trader;@TraderFixesAndFeatures;@EpsilonCommunity Armbands;@BaseBuildingItemStackandRepair;@BaseBuildingPlus;@Basic Map;@Basic Territories;@BBPItemPack;@BuildEverywhere;@BulletStacksPlusPlus;@Notifications;@SchanaModCompass;@SchanaModParty;@Barrel Fix-Carry Barrels Containing Items config serverdz.cfg bepath C:\TCAFiles\Users\admin\1\Battleye profiles C:\TCAFiles\Users\admin\1\instance autoinit  noFilePatching  


------------------------------------
SERVER-EPSILON, 01.03 2023 02:35:46
[EntityAI::OnStoreLoad] :: [WARNING] :: Scripted variables corrupted upon "OffroadHatchback".
Entity will not be loaded correctly.
Function: 'main'
Stack trace:
$CurrentDir:mpmissions\dayzOffline.chernarusplus\init.c:6

Runtime mode
CLI params: ip 192.168.1.90 port 2302 mod @CF;@VPPAdminTools;@BasicSpawnSelect;@ZenNotes;@ZenLeftovers;@ZenOpenCansRock;@ZenGunMoveSounds;@Zen's Fire Fuel Mod;@Zen's Firewood Piles;@Zen's Immersive Login;@Zen's Persistent Trees;@ZenCatchRain;@ZenCauseOfDeath;@Trader;@TraderFixesAndFeatures;@EpsilonCommunity Armbands;@BaseBuildingItemStackandRepair;@BaseBuildingPlus;@Basic Map;@Basic Territories;@BBPItemPack;@BuildEverywhere;@BulletStacksPlusPlus;@Notifications;@SchanaModCompass;@SchanaModParty;@Barrel Fix-Carry Barrels Containing Items config serverdz.cfg bepath C:\TCAFiles\Users\admin\1\Battleye profiles C:\TCAFiles\Users\admin\1\instance autoinit  noFilePatching  


------------------------------------
SERVER-EPSILON, 01.03 2023 02:35:46
[EntityAI::OnStoreLoad] :: [WARNING] :: Scripted variables corrupted upon "OffroadHatchback".
Entity will not be loaded correctly.
Function: 'main'
Stack trace:
$CurrentDir:mpmissions\dayzOffline.chernarusplus\init.c:6

Runtime mode
CLI params: ip 192.168.1.90 port 2302 mod @CF;@VPPAdminTools;@BasicSpawnSelect;@ZenNotes;@ZenLeftovers;@ZenOpenCansRock;@ZenGunMoveSounds;@Zen's Fire Fuel Mod;@Zen's Firewood Piles;@Zen's Immersive Login;@Zen's Persistent Trees;@ZenCatchRain;@ZenCauseOfDeath;@Trader;@TraderFixesAndFeatures;@EpsilonCommunity Armbands;@BaseBuildingItemStackandRepair;@BaseBuildingPlus;@Basic Map;@Basic Territories;@BBPItemPack;@BuildEverywhere;@BulletStacksPlusPlus;@Notifications;@SchanaModCompass;@SchanaModParty;@Barrel Fix-Carry Barrels Containing Items config serverdz.cfg bepath C:\TCAFiles\Users\admin\1\Battleye profiles C:\TCAFiles\Users\admin\1\instance autoinit  noFilePatching  


------------------------------------
SERVER-EPSILON, 01.03 2023 02:35:46
[EntityAI::OnStoreLoad] :: [WARNING] :: Scripted variables corrupted upon "OffroadHatchback".
Entity will not be loaded correctly.
Function: 'main'
Stack trace:
$CurrentDir:mpmissions\dayzOffline.chernarusplus\init.c:6

Runtime mode
CLI params: ip 192.168.1.90 port 2302 mod @CF;@VPPAdminTools;@BasicSpawnSelect;@ZenNotes;@ZenLeftovers;@ZenOpenCansRock;@ZenGunMoveSounds;@Zen's Fire Fuel Mod;@Zen's Firewood Piles;@Zen's Immersive Login;@Zen's Persistent Trees;@ZenCatchRain;@ZenCauseOfDeath;@Trader;@TraderFixesAndFeatures;@EpsilonCommunity Armbands;@BaseBuildingItemStackandRepair;@BaseBuildingPlus;@Basic Map;@Basic Territories;@BBPItemPack;@BuildEverywhere;@BulletStacksPlusPlus;@Notifications;@SchanaModCompass;@SchanaModParty;@Barrel Fix-Carry Barrels Containing Items config serverdz.cfg bepath C:\TCAFiles\Users\admin\1\Battleye profiles C:\TCAFiles\Users\admin\1\instance autoinit  noFilePatching  


------------------------------------
SERVER-EPSILON, 01.03 2023 02:35:46
[EntityAI::OnStoreLoad] :: [WARNING] :: Scripted variables corrupted upon "OffroadHatchback".
Entity will not be loaded correctly.
Function: 'main'
Stack trace:
$CurrentDir:mpmissions\dayzOffline.chernarusplus\init.c:6

Runtime mode
CLI params: ip 192.168.1.90 port 2302 mod @CF;@VPPAdminTools;@BasicSpawnSelect;@ZenNotes;@ZenLeftovers;@ZenOpenCansRock;@ZenGunMoveSounds;@Zen's Fire Fuel Mod;@Zen's Firewood Piles;@Zen's Immersive Login;@Zen's Persistent Trees;@ZenCatchRain;@ZenCauseOfDeath;@Trader;@TraderFixesAndFeatures;@EpsilonCommunity Armbands;@BaseBuildingItemStackandRepair;@BaseBuildingPlus;@Basic Map;@Basic Territories;@BBPItemPack;@BuildEverywhere;@BulletStacksPlusPlus;@Notifications;@SchanaModCompass;@SchanaModParty;@Barrel Fix-Carry Barrels Containing Items config serverdz.cfg bepath C:\TCAFiles\Users\admin\1\Battleye profiles C:\TCAFiles\Users\admin\1\instance autoinit  noFilePatching  


------------------------------------
SERVER-EPSILON, 01.03 2023 02:35:46
[EntityAI::OnStoreLoad] :: [WARNING] :: Scripted variables corrupted upon "OffroadHatchback".
Entity will not be loaded correctly.
Function: 'main'
Stack trace:
$CurrentDir:mpmissions\dayzOffline.chernarusplus\init.c:6

Runtime mode
CLI params: ip 192.168.1.90 port 2302 mod @CF;@VPPAdminTools;@BasicSpawnSelect;@ZenNotes;@ZenLeftovers;@ZenOpenCansRock;@ZenGunMoveSounds;@Zen's Fire Fuel Mod;@Zen's Firewood Piles;@Zen's Immersive Login;@Zen's Persistent Trees;@ZenCatchRain;@ZenCauseOfDeath;@Trader;@TraderFixesAndFeatures;@EpsilonCommunity Armbands;@BaseBuildingItemStackandRepair;@BaseBuildingPlus;@Basic Map;@Basic Territories;@BBPItemPack;@BuildEverywhere;@BulletStacksPlusPlus;@Notifications;@SchanaModCompass;@SchanaModParty;@Barrel Fix-Carry Barrels Containing Items config serverdz.cfg bepath C:\TCAFiles\Users\admin\1\Battleye profiles C:\TCAFiles\Users\admin\1\instance autoinit  noFilePatching  


------------------------------------
SERVER-EPSILON, 01.03 2023 02:35:46
[EntityAI::OnStoreLoad] :: [WARNING] :: Scripted variables corrupted upon "OffroadHatchback_White".
Entity will not be loaded correctly.
Function: 'main'
Stack trace:
$CurrentDir:mpmissions\dayzOffline.chernarusplus\init.c:6

Runtime mode
CLI params: ip 192.168.1.90 port 2302 mod @CF;@VPPAdminTools;@BasicSpawnSelect;@ZenNotes;@ZenLeftovers;@ZenOpenCansRock;@ZenGunMoveSounds;@Zen's Fire Fuel Mod;@Zen's Firewood Piles;@Zen's Immersive Login;@Zen's Persistent Trees;@ZenCatchRain;@ZenCauseOfDeath;@Trader;@TraderFixesAndFeatures;@EpsilonCommunity Armbands;@BaseBuildingItemStackandRepair;@BaseBuildingPlus;@Basic Map;@Basic Territories;@BBPItemPack;@BuildEverywhere;@BulletStacksPlusPlus;@Notifications;@SchanaModCompass;@SchanaModParty;@Barrel Fix-Carry Barrels Containing Items config serverdz.cfg bepath C:\TCAFiles\Users\admin\1\Battleye profiles C:\TCAFiles\Users\admin\1\instance autoinit  noFilePatching  


------------------------------------
SERVER-EPSILON, 01.03 2023 02:35:46
[EntityAI::OnStoreLoad] :: [WARNING] :: Scripted variables corrupted upon "Sedan_02_Red".
Entity will not be loaded correctly.
Function: 'main'
Stack trace:
$CurrentDir:mpmissions\dayzOffline.chernarusplus\init.c:6

Runtime mode
CLI params: ip 192.168.1.90 port 2302 mod @CF;@VPPAdminTools;@BasicSpawnSelect;@ZenNotes;@ZenLeftovers;@ZenOpenCansRock;@ZenGunMoveSounds;@Zen's Fire Fuel Mod;@Zen's Firewood Piles;@Zen's Immersive Login;@Zen's Persistent Trees;@ZenCatchRain;@ZenCauseOfDeath;@Trader;@TraderFixesAndFeatures;@EpsilonCommunity Armbands;@BaseBuildingItemStackandRepair;@BaseBuildingPlus;@Basic Map;@Basic Territories;@BBPItemPack;@BuildEverywhere;@BulletStacksPlusPlus;@Notifications;@SchanaModCompass;@SchanaModParty;@Barrel Fix-Carry Barrels Containing Items config serverdz.cfg bepath C:\TCAFiles\Users\admin\1\Battleye profiles C:\TCAFiles\Users\admin\1\instance autoinit  noFilePatching  


------------------------------------
SERVER-EPSILON, 01.03 2023 02:35:46
[EntityAI::OnStoreLoad] :: [WARNING] :: Scripted variables corrupted upon "Sedan_02_Red".
Entity will not be loaded correctly.
Function: 'main'
Stack trace:
$CurrentDir:mpmissions\dayzOffline.chernarusplus\init.c:6

Runtime mode
CLI params: ip 192.168.1.90 port 2302 mod @CF;@VPPAdminTools;@BasicSpawnSelect;@ZenNotes;@ZenLeftovers;@ZenOpenCansRock;@ZenGunMoveSounds;@Zen's Fire Fuel Mod;@Zen's Firewood Piles;@Zen's Immersive Login;@Zen's Persistent Trees;@ZenCatchRain;@ZenCauseOfDeath;@Trader;@TraderFixesAndFeatures;@EpsilonCommunity Armbands;@BaseBuildingItemStackandRepair;@BaseBuildingPlus;@Basic Map;@Basic Territories;@BBPItemPack;@BuildEverywhere;@BulletStacksPlusPlus;@Notifications;@SchanaModCompass;@SchanaModParty;@Barrel Fix-Carry Barrels Containing Items config serverdz.cfg bepath C:\TCAFiles\Users\admin\1\Battleye profiles C:\TCAFiles\Users\admin\1\instance autoinit  noFilePatching  


------------------------------------
SERVER-EPSILON, 01.03 2023 02:35:46
[EntityAI::OnStoreLoad] :: [WARNING] :: Scripted variables corrupted upon "Sedan_02_Red".
Entity will not be loaded correctly.
Function: 'main'
Stack trace:
$CurrentDir:mpmissions\dayzOffline.chernarusplus\init.c:6

Runtime mode
CLI params: ip 192.168.1.90 port 2302 mod @CF;@VPPAdminTools;@BasicSpawnSelect;@ZenNotes;@ZenLeftovers;@ZenOpenCansRock;@ZenGunMoveSounds;@Zen's Fire Fuel Mod;@Zen's Firewood Piles;@Zen's Immersive Login;@Zen's Persistent Trees;@ZenCatchRain;@ZenCauseOfDeath;@Trader;@TraderFixesAndFeatures;@EpsilonCommunity Armbands;@BaseBuildingItemStackandRepair;@BaseBuildingPlus;@Basic Map;@Basic Territories;@BBPItemPack;@BuildEverywhere;@BulletStacksPlusPlus;@Notifications;@SchanaModCompass;@SchanaModParty;@Barrel Fix-Carry Barrels Containing Items config serverdz.cfg bepath C:\TCAFiles\Users\admin\1\Battleye profiles C:\TCAFiles\Users\admin\1\instance autoinit  noFilePatching  


------------------------------------
SERVER-EPSILON, 01.03 2023 02:35:46
[EntityAI::OnStoreLoad] :: [WARNING] :: Scripted variables corrupted upon "Sedan_02".
Entity will not be loaded correctly.
Function: 'main'
Stack trace:
$CurrentDir:mpmissions\dayzOffline.chernarusplus\init.c:6

Runtime mode
CLI params: ip 192.168.1.90 port 2302 mod @CF;@VPPAdminTools;@BasicSpawnSelect;@ZenNotes;@ZenLeftovers;@ZenOpenCansRock;@ZenGunMoveSounds;@Zen's Fire Fuel Mod;@Zen's Firewood Piles;@Zen's Immersive Login;@Zen's Persistent Trees;@ZenCatchRain;@ZenCauseOfDeath;@Trader;@TraderFixesAndFeatures;@EpsilonCommunity Armbands;@BaseBuildingItemStackandRepair;@BaseBuildingPlus;@Basic Map;@Basic Territories;@BBPItemPack;@BuildEverywhere;@BulletStacksPlusPlus;@Notifications;@SchanaModCompass;@SchanaModParty;@Barrel Fix-Carry Barrels Containing Items config serverdz.cfg bepath C:\TCAFiles\Users\admin\1\Battleye profiles C:\TCAFiles\Users\admin\1\instance autoinit  noFilePatching  


------------------------------------
SERVER-EPSILON, 01.03 2023 02:35:46
[EntityAI::OnStoreLoad] :: [WARNING] :: Scripted variables corrupted upon "Sedan_02".
Entity will not be loaded correctly.
Function: 'main'
Stack trace:
$CurrentDir:mpmissions\dayzOffline.chernarusplus\init.c:6

Runtime mode
CLI params: ip 192.168.1.90 port 2302 mod @CF;@VPPAdminTools;@BasicSpawnSelect;@ZenNotes;@ZenLeftovers;@ZenOpenCansRock;@ZenGunMoveSounds;@Zen's Fire Fuel Mod;@Zen's Firewood Piles;@Zen's Immersive Login;@Zen's Persistent Trees;@ZenCatchRain;@ZenCauseOfDeath;@Trader;@TraderFixesAndFeatures;@EpsilonCommunity Armbands;@BaseBuildingItemStackandRepair;@BaseBuildingPlus;@Basic Map;@Basic Territories;@BBPItemPack;@BuildEverywhere;@BulletStacksPlusPlus;@Notifications;@SchanaModCompass;@SchanaModParty;@Barrel Fix-Carry Barrels Containing Items config serverdz.cfg bepath C:\TCAFiles\Users\admin\1\Battleye profiles C:\TCAFiles\Users\admin\1\instance autoinit  noFilePatching  


------------------------------------
SERVER-EPSILON, 01.03 2023 02:35:46
[EntityAI::OnStoreLoad] :: [WARNING] :: Scripted variables corrupted upon "Sedan_02_Grey".
Entity will not be loaded correctly.
Function: 'main'
Stack trace:
$CurrentDir:mpmissions\dayzOffline.chernarusplus\init.c:6

Runtime mode
CLI params: ip 192.168.1.90 port 2302 mod @CF;@VPPAdminTools;@BasicSpawnSelect;@ZenNotes;@ZenLeftovers;@ZenOpenCansRock;@ZenGunMoveSounds;@Zen's Fire Fuel Mod;@Zen's Firewood Piles;@Zen's Immersive Login;@Zen's Persistent Trees;@ZenCatchRain;@ZenCauseOfDeath;@Trader;@TraderFixesAndFeatures;@EpsilonCommunity Armbands;@BaseBuildingItemStackandRepair;@BaseBuildingPlus;@Basic Map;@Basic Territories;@BBPItemPack;@BuildEverywhere;@BulletStacksPlusPlus;@Notifications;@SchanaModCompass;@SchanaModParty;@Barrel Fix-Carry Barrels Containing Items config serverdz.cfg bepath C:\TCAFiles\Users\admin\1\Battleye profiles C:\TCAFiles\Users\admin\1\instance autoinit  noFilePatching  


------------------------------------
SERVER-EPSILON, 01.03 2023 02:35:46
[EntityAI::OnStoreLoad] :: [WARNING] :: Scripted variables corrupted upon "Truck_01_Covered_Orange".
Entity will not be loaded correctly.
Function: 'main'
Stack trace:
$CurrentDir:mpmissions\dayzOffline.chernarusplus\init.c:6

Runtime mode
CLI params: ip 192.168.1.90 port 2302 mod @CF;@VPPAdminTools;@BasicSpawnSelect;@ZenNotes;@ZenLeftovers;@ZenOpenCansRock;@ZenGunMoveSounds;@Zen's Fire Fuel Mod;@Zen's Firewood Piles;@Zen's Immersive Login;@Zen's Persistent Trees;@ZenCatchRain;@ZenCauseOfDeath;@Trader;@TraderFixesAndFeatures;@EpsilonCommunity Armbands;@BaseBuildingItemStackandRepair;@BaseBuildingPlus;@Basic Map;@Basic Territories;@BBPItemPack;@BuildEverywhere;@BulletStacksPlusPlus;@Notifications;@SchanaModCompass;@SchanaModParty;@Barrel Fix-Carry Barrels Containing Items config serverdz.cfg bepath C:\TCAFiles\Users\admin\1\Battleye profiles C:\TCAFiles\Users\admin\1\instance autoinit  noFilePatching  


------------------------------------
SERVER-EPSILON, 01.03 2023 02:35:46
[EntityAI::OnStoreLoad] :: [WARNING] :: Scripted variables corrupted upon "Truck_01_Covered".
Entity will not be loaded correctly.
Function: 'main'
Stack trace:
$CurrentDir:mpmissions\dayzOffline.chernarusplus\init.c:6

Runtime mode
CLI params: ip 192.168.1.90 port 2302 mod @CF;@VPPAdminTools;@BasicSpawnSelect;@ZenNotes;@ZenLeftovers;@ZenOpenCansRock;@ZenGunMoveSounds;@Zen's Fire Fuel Mod;@Zen's Firewood Piles;@Zen's Immersive Login;@Zen's Persistent Trees;@ZenCatchRain;@ZenCauseOfDeath;@Trader;@TraderFixesAndFeatures;@EpsilonCommunity Armbands;@BaseBuildingItemStackandRepair;@BaseBuildingPlus;@Basic Map;@Basic Territories;@BBPItemPack;@BuildEverywhere;@BulletStacksPlusPlus;@Notifications;@SchanaModCompass;@SchanaModParty;@Barrel Fix-Carry Barrels Containing Items config serverdz.cfg bepath C:\TCAFiles\Users\admin\1\Battleye profiles C:\TCAFiles\Users\admin\1\instance autoinit  noFilePatching  


------------------------------------
SERVER-EPSILON, 01.03 2023 02:35:46
[EntityAI::OnStoreLoad] :: [WARNING] :: Scripted variables corrupted upon "Truck_01_Covered_Blue".
Entity will not be loaded correctly.
Function: 'main'
Stack trace:
$CurrentDir:mpmissions\dayzOffline.chernarusplus\init.c:6

Runtime mode
CLI params: ip 192.168.1.90 port 2302 mod @CF;@VPPAdminTools;@BasicSpawnSelect;@ZenNotes;@ZenLeftovers;@ZenOpenCansRock;@ZenGunMoveSounds;@Zen's Fire Fuel Mod;@Zen's Firewood Piles;@Zen's Immersive Login;@Zen's Persistent Trees;@ZenCatchRain;@ZenCauseOfDeath;@Trader;@TraderFixesAndFeatures;@EpsilonCommunity Armbands;@BaseBuildingItemStackandRepair;@BaseBuildingPlus;@Basic Map;@Basic Territories;@BBPItemPack;@BuildEverywhere;@BulletStacksPlusPlus;@Notifications;@SchanaModCompass;@SchanaModParty;@Barrel Fix-Carry Barrels Containing Items config serverdz.cfg bepath C:\TCAFiles\Users\admin\1\Battleye profiles C:\TCAFiles\Users\admin\1\instance autoinit  noFilePatching  


------------------------------------
SERVER-EPSILON, 01.03 2023 02:35:46
[EntityAI::OnStoreLoad] :: [WARNING] :: Scripted variables corrupted upon "Truck_01_Covered_Blue".
Entity will not be loaded correctly.
Function: 'main'
Stack trace:
$CurrentDir:mpmissions\dayzOffline.chernarusplus\init.c:6

Runtime mode
CLI params: ip 192.168.1.90 port 2302 mod @CF;@VPPAdminTools;@BasicSpawnSelect;@ZenNotes;@ZenLeftovers;@ZenOpenCansRock;@ZenGunMoveSounds;@Zen's Fire Fuel Mod;@Zen's Firewood Piles;@Zen's Immersive Login;@Zen's Persistent Trees;@ZenCatchRain;@ZenCauseOfDeath;@Trader;@TraderFixesAndFeatures;@EpsilonCommunity Armbands;@BaseBuildingItemStackandRepair;@BaseBuildingPlus;@Basic Map;@Basic Territories;@BBPItemPack;@BuildEverywhere;@BulletStacksPlusPlus;@Notifications;@SchanaModCompass;@SchanaModParty;@Barrel Fix-Carry Barrels Containing Items config serverdz.cfg bepath C:\TCAFiles\Users\admin\1\Battleye profiles C:\TCAFiles\Users\admin\1\instance autoinit  noFilePatching  


------------------------------------
SERVER-EPSILON, 01.03 2023 02:35:46
[EntityAI::OnStoreLoad] :: [WARNING] :: Scripted variables corrupted upon "Truck_01_Covered".
Entity will not be loaded correctly.
Function: 'main'
Stack trace:
$CurrentDir:mpmissions\dayzOffline.chernarusplus\init.c:6

Runtime mode
CLI params: ip 192.168.1.90 port 2302 mod @CF;@VPPAdminTools;@BasicSpawnSelect;@ZenNotes;@ZenLeftovers;@ZenOpenCansRock;@ZenGunMoveSounds;@Zen's Fire Fuel Mod;@Zen's Firewood Piles;@Zen's Immersive Login;@Zen's Persistent Trees;@ZenCatchRain;@ZenCauseOfDeath;@Trader;@TraderFixesAndFeatures;@EpsilonCommunity Armbands;@BaseBuildingItemStackandRepair;@BaseBuildingPlus;@Basic Map;@Basic Territories;@BBPItemPack;@BuildEverywhere;@BulletStacksPlusPlus;@Notifications;@SchanaModCompass;@SchanaModParty;@Barrel Fix-Carry Barrels Containing Items config serverdz.cfg bepath C:\TCAFiles\Users\admin\1\Battleye profiles C:\TCAFiles\Users\admin\1\instance autoinit  noFilePatching  


------------------------------------
SERVER-EPSILON, 01.03 2023 02:35:46
[EntityAI::OnStoreLoad] :: [WARNING] :: Scripted variables corrupted upon "Truck_01_Covered_Blue".
Entity will not be loaded correctly.
Function: 'main'
Stack trace:
$CurrentDir:mpmissions\dayzOffline.chernarusplus\init.c:6

Runtime mode
CLI params: ip 192.168.1.90 port 2302 mod @CF;@VPPAdminTools;@BasicSpawnSelect;@ZenNotes;@ZenLeftovers;@ZenOpenCansRock;@ZenGunMoveSounds;@Zen's Fire Fuel Mod;@Zen's Firewood Piles;@Zen's Immersive Login;@Zen's Persistent Trees;@ZenCatchRain;@ZenCauseOfDeath;@Trader;@TraderFixesAndFeatures;@EpsilonCommunity Armbands;@BaseBuildingItemStackandRepair;@BaseBuildingPlus;@Basic Map;@Basic Territories;@BBPItemPack;@BuildEverywhere;@BulletStacksPlusPlus;@Notifications;@SchanaModCompass;@SchanaModParty;@Barrel Fix-Carry Barrels Containing Items config serverdz.cfg bepath C:\TCAFiles\Users\admin\1\Battleye profiles C:\TCAFiles\Users\admin\1\instance autoinit  noFilePatching  


------------------------------------
SERVER-EPSILON, 01.03 2023 02:35:46
[EntityAI::OnStoreLoad] :: [WARNING] :: Scripted variables corrupted upon "Truck_01_Covered_Orange".
Entity will not be loaded correctly.
Function: 'main'
Stack trace:
$CurrentDir:mpmissions\dayzOffline.chernarusplus\init.c:6

Runtime mode
CLI params: ip 192.168.1.90 port 2302 mod @CF;@VPPAdminTools;@BasicSpawnSelect;@ZenNotes;@ZenLeftovers;@ZenOpenCansRock;@ZenGunMoveSounds;@Zen's Fire Fuel Mod;@Zen's Firewood Piles;@Zen's Immersive Login;@Zen's Persistent Trees;@ZenCatchRain;@ZenCauseOfDeath;@Trader;@TraderFixesAndFeatures;@EpsilonCommunity Armbands;@BaseBuildingItemStackandRepair;@BaseBuildingPlus;@Basic Map;@Basic Territories;@BBPItemPack;@BuildEverywhere;@BulletStacksPlusPlus;@Notifications;@SchanaModCompass;@SchanaModParty;@Barrel Fix-Carry Barrels Containing Items config serverdz.cfg bepath C:\TCAFiles\Users\admin\1\Battleye profiles C:\TCAFiles\Users\admin\1\instance autoinit  noFilePatching  


------------------------------------
SERVER-EPSILON, 01.03 2023 02:35:46
[EntityAI::OnStoreLoad] :: [WARNING] :: Scripted variables corrupted upon "CivilianSedan".
Entity will not be loaded correctly.
Function: 'main'
Stack trace:
$CurrentDir:mpmissions\dayzOffline.chernarusplus\init.c:6

Runtime mode
CLI params: ip 192.168.1.90 port 2302 mod @CF;@VPPAdminTools;@BasicSpawnSelect;@ZenNotes;@ZenLeftovers;@ZenOpenCansRock;@ZenGunMoveSounds;@Zen's Fire Fuel Mod;@Zen's Firewood Piles;@Zen's Immersive Login;@Zen's Persistent Trees;@ZenCatchRain;@ZenCauseOfDeath;@Trader;@TraderFixesAndFeatures;@EpsilonCommunity Armbands;@BaseBuildingItemStackandRepair;@BaseBuildingPlus;@Basic Map;@Basic Territories;@BBPItemPack;@BuildEverywhere;@BulletStacksPlusPlus;@Notifications;@SchanaModCompass;@SchanaModParty;@Barrel Fix-Carry Barrels Containing Items config serverdz.cfg bepath C:\TCAFiles\Users\admin\1\Battleye profiles C:\TCAFiles\Users\admin\1\instance autoinit  noFilePatching  


------------------------------------
SERVER-EPSILON, 01.03 2023 02:35:46
[EntityAI::OnStoreLoad] :: [WARNING] :: Scripted variables corrupted upon "CivilianSedan_Black".
Entity will not be loaded correctly.
Function: 'main'
Stack trace:
$CurrentDir:mpmissions\dayzOffline.chernarusplus\init.c:6

Runtime mode
CLI params: ip 192.168.1.90 port 2302 mod @CF;@VPPAdminTools;@BasicSpawnSelect;@ZenNotes;@ZenLeftovers;@ZenOpenCansRock;@ZenGunMoveSounds;@Zen's Fire Fuel Mod;@Zen's Firewood Piles;@Zen's Immersive Login;@Zen's Persistent Trees;@ZenCatchRain;@ZenCauseOfDeath;@Trader;@TraderFixesAndFeatures;@EpsilonCommunity Armbands;@BaseBuildingItemStackandRepair;@BaseBuildingPlus;@Basic Map;@Basic Territories;@BBPItemPack;@BuildEverywhere;@BulletStacksPlusPlus;@Notifications;@SchanaModCompass;@SchanaModParty;@Barrel Fix-Carry Barrels Containing Items config serverdz.cfg bepath C:\TCAFiles\Users\admin\1\Battleye profiles C:\TCAFiles\Users\admin\1\instance autoinit  noFilePatching  


------------------------------------
SERVER-EPSILON, 01.03 2023 02:35:46
[EntityAI::OnStoreLoad] :: [WARNING] :: Scripted variables corrupted upon "Hatchback_02".
Entity will not be loaded correctly.
Function: 'main'
Stack trace:
$CurrentDir:mpmissions\dayzOffline.chernarusplus\init.c:6

Runtime mode
CLI params: ip 192.168.1.90 port 2302 mod @CF;@VPPAdminTools;@BasicSpawnSelect;@ZenNotes;@ZenLeftovers;@ZenOpenCansRock;@ZenGunMoveSounds;@Zen's Fire Fuel Mod;@Zen's Firewood Piles;@Zen's Immersive Login;@Zen's Persistent Trees;@ZenCatchRain;@ZenCauseOfDeath;@Trader;@TraderFixesAndFeatures;@EpsilonCommunity Armbands;@BaseBuildingItemStackandRepair;@BaseBuildingPlus;@Basic Map;@Basic Territories;@BBPItemPack;@BuildEverywhere;@BulletStacksPlusPlus;@Notifications;@SchanaModCompass;@SchanaModParty;@Barrel Fix-Carry Barrels Containing Items config serverdz.cfg bepath C:\TCAFiles\Users\admin\1\Battleye profiles C:\TCAFiles\Users\admin\1\instance autoinit  noFilePatching  


------------------------------------
SERVER-EPSILON, 01.03 2023 02:35:46
[EntityAI::OnStoreLoad] :: [WARNING] :: Scripted variables corrupted upon "Hatchback_02".
Entity will not be loaded correctly.
Function: 'main'
Stack trace:
$CurrentDir:mpmissions\dayzOffline.chernarusplus\init.c:6

Runtime mode
CLI params: ip 192.168.1.90 port 2302 mod @CF;@VPPAdminTools;@BasicSpawnSelect;@ZenNotes;@ZenLeftovers;@ZenOpenCansRock;@ZenGunMoveSounds;@Zen's Fire Fuel Mod;@Zen's Firewood Piles;@Zen's Immersive Login;@Zen's Persistent Trees;@ZenCatchRain;@ZenCauseOfDeath;@Trader;@TraderFixesAndFeatures;@EpsilonCommunity Armbands;@BaseBuildingItemStackandRepair;@BaseBuildingPlus;@Basic Map;@Basic Territories;@BBPItemPack;@BuildEverywhere;@BulletStacksPlusPlus;@Notifications;@SchanaModCompass;@SchanaModParty;@Barrel Fix-Carry Barrels Containing Items config serverdz.cfg bepath C:\TCAFiles\Users\admin\1\Battleye profiles C:\TCAFiles\Users\admin\1\instance autoinit  noFilePatching  


------------------------------------
SERVER-EPSILON, 01.03 2023 02:35:46
[EntityAI::OnStoreLoad] :: [WARNING] :: Scripted variables corrupted upon "Sedan_02_Red".
Entity will not be loaded correctly.
Function: 'main'
Stack trace:
$CurrentDir:mpmissions\dayzOffline.chernarusplus\init.c:6

Runtime mode
CLI params: ip 192.168.1.90 port 2302 mod @CF;@VPPAdminTools;@BasicSpawnSelect;@ZenNotes;@ZenLeftovers;@ZenOpenCansRock;@ZenGunMoveSounds;@Zen's Fire Fuel Mod;@Zen's Firewood Piles;@Zen's Immersive Login;@Zen's Persistent Trees;@ZenCatchRain;@ZenCauseOfDeath;@Trader;@TraderFixesAndFeatures;@EpsilonCommunity Armbands;@BaseBuildingItemStackandRepair;@BaseBuildingPlus;@Basic Map;@Basic Territories;@BBPItemPack;@BuildEverywhere;@BulletStacksPlusPlus;@Notifications;@SchanaModCompass;@SchanaModParty;@Barrel Fix-Carry Barrels Containing Items config serverdz.cfg bepath C:\TCAFiles\Users\admin\1\Battleye profiles C:\TCAFiles\Users\admin\1\instance autoinit  noFilePatching  


------------------------------------
SERVER-EPSILON, 01.03 2023 02:35:46
[EntityAI::OnStoreLoad] :: [WARNING] :: Scripted variables corrupted upon "Sedan_02_Red".
Entity will not be loaded correctly.
Function: 'main'
Stack trace:
$CurrentDir:mpmissions\dayzOffline.chernarusplus\init.c:6

Runtime mode
CLI params: ip 192.168.1.90 port 2302 mod @CF;@VPPAdminTools;@BasicSpawnSelect;@ZenNotes;@ZenLeftovers;@ZenOpenCansRock;@ZenGunMoveSounds;@Zen's Fire Fuel Mod;@Zen's Firewood Piles;@Zen's Immersive Login;@Zen's Persistent Trees;@ZenCatchRain;@ZenCauseOfDeath;@Trader;@TraderFixesAndFeatures;@EpsilonCommunity Armbands;@BaseBuildingItemStackandRepair;@BaseBuildingPlus;@Basic Map;@Basic Territories;@BBPItemPack;@BuildEverywhere;@BulletStacksPlusPlus;@Notifications;@SchanaModCompass;@SchanaModParty;@Barrel Fix-Carry Barrels Containing Items config serverdz.cfg bepath C:\TCAFiles\Users\admin\1\Battleye profiles C:\TCAFiles\Users\admin\1\instance autoinit  noFilePatching  


------------------------------------
SERVER-EPSILON, 01.03 2023 02:35:46
[EntityAI::OnStoreLoad] :: [WARNING] :: Scripted variables corrupted upon "Truck_01_Covered_Blue".
Entity will not be loaded correctly.
Function: 'main'
Stack trace:
$CurrentDir:mpmissions\dayzOffline.chernarusplus\init.c:6

Runtime mode
CLI params: ip 192.168.1.90 port 2302 mod @CF;@VPPAdminTools;@BasicSpawnSelect;@ZenNotes;@ZenLeftovers;@ZenOpenCansRock;@ZenGunMoveSounds;@Zen's Fire Fuel Mod;@Zen's Firewood Piles;@Zen's Immersive Login;@Zen's Persistent Trees;@ZenCatchRain;@ZenCauseOfDeath;@Trader;@TraderFixesAndFeatures;@EpsilonCommunity Armbands;@BaseBuildingItemStackandRepair;@BaseBuildingPlus;@Basic Map;@Basic Territories;@BBPItemPack;@BuildEverywhere;@BulletStacksPlusPlus;@Notifications;@SchanaModCompass;@SchanaModParty;@Barrel Fix-Carry Barrels Containing Items config serverdz.cfg bepath C:\TCAFiles\Users\admin\1\Battleye profiles C:\TCAFiles\Users\admin\1\instance autoinit  noFilePatching  


------------------------------------
SERVER-EPSILON, 01.03 2023 02:37:34

Action target not created.
Class:      'ActionBandageTarget'
Function: 'Error'
Stack trace:
scripts/1_Core/proto\endebug.c:92
scripts/4_World/classes\useractionscomponent\actionbase.c:529
scripts/4_World/classes\useractionscomponent\actionbase.c:161
scripts/4_World/classes\useractionscomponent\actionmanagerserver.c:230
scripts/4_World/entities\manbase\playerbase.c:2769

Runtime mode
CLI params: ip 192.168.1.90 port 2302 mod @CF;@VPPAdminTools;@BasicSpawnSelect;@ZenNotes;@ZenLeftovers;@ZenOpenCansRock;@ZenGunMoveSounds;@Zen's Fire Fuel Mod;@Zen's Firewood Piles;@Zen's Immersive Login;@Zen's Persistent Trees;@ZenCatchRain;@ZenCauseOfDeath;@Trader;@TraderFixesAndFeatures;@EpsilonCommunity Armbands;@BaseBuildingItemStackandRepair;@BaseBuildingPlus;@Basic Map;@Basic Territories;@BBPItemPack;@BuildEverywhere;@BulletStacksPlusPlus;@Notifications;@SchanaModCompass;@SchanaModParty;@Barrel Fix-Carry Barrels Containing Items config serverdz.cfg bepath C:\TCAFiles\Users\admin\1\Battleye profiles C:\TCAFiles\Users\admin\1\instance autoinit  noFilePatching  
