---------------------------------------------
Log C:\TCAFiles\Users\admin\1\instance\crash_2023-03-04_06-00-25.log started at 04.03. 21:39:52



------------------------------------
SERVER-EPSILON, 04.03 2023 21:39:52
[Object::GetMaxHealth] :: [Land_Wreck_sed01_aban2_police:0] :: No DamageSystemData or not initialized yet.

Runtime mode
CLI params: ip 192.168.1.90 port 2302 mod @Server_Information_Panel;@Autorun_mod;@CF;@VPPAdminTools;@BasicSpawnSelect;@ZenNotes;@ZenLeftovers;@ZenOpenCansRock;@ZenGunMoveSounds;@Zen's Fire Fuel Mod;@Zen's Firewood Piles;@Zen's Immersive Login;@Zen's Persistent Trees;@ZenCatchRain;@ZenCauseOfDeath;@EpsilonCommunity Armbands;@BaseBuildingItemStackandRepair;@BaseBuildingPlus;@Basic Map;@Basic Territories;@BBPItemPack;@BuildEverywhere;@BulletStacksPlusPlus;@Notifications;@SchanaModCompass;@SchanaModParty;@Barrel Fix-Carry Barrels Containing Items config serverdz.cfg bepath C:\TCAFiles\Users\admin\1\Battleye storage C:\TCAFiles\Users\admin\1\storage profiles C:\TCAFiles\Users\admin\1\instance autoinit  noFilePatching  


------------------------------------
SERVER-EPSILON, 04.03 2023 21:40:19
[Object::GetMaxHealth] :: [Land_Wreck_sed01_aban1_police:0] :: No DamageSystemData or not initialized yet.

Runtime mode
CLI params: ip 192.168.1.90 port 2302 mod @Server_Information_Panel;@Autorun_mod;@CF;@VPPAdminTools;@BasicSpawnSelect;@ZenNotes;@ZenLeftovers;@ZenOpenCansRock;@ZenGunMoveSounds;@Zen's Fire Fuel Mod;@Zen's Firewood Piles;@Zen's Immersive Login;@Zen's Persistent Trees;@ZenCatchRain;@ZenCauseOfDeath;@EpsilonCommunity Armbands;@BaseBuildingItemStackandRepair;@BaseBuildingPlus;@Basic Map;@Basic Territories;@BBPItemPack;@BuildEverywhere;@BulletStacksPlusPlus;@Notifications;@SchanaModCompass;@SchanaModParty;@Barrel Fix-Carry Barrels Containing Items config serverdz.cfg bepath C:\TCAFiles\Users\admin\1\Battleye storage C:\TCAFiles\Users\admin\1\storage profiles C:\TCAFiles\Users\admin\1\instance autoinit  noFilePatching  


------------------------------------
SERVER-EPSILON, 04.03 2023 21:40:46
[Object::GetMaxHealth] :: [Land_Wreck_hb01_aban2_police:0] :: No DamageSystemData or not initialized yet.

Runtime mode
CLI params: ip 192.168.1.90 port 2302 mod @Server_Information_Panel;@Autorun_mod;@CF;@VPPAdminTools;@BasicSpawnSelect;@ZenNotes;@ZenLeftovers;@ZenOpenCansRock;@ZenGunMoveSounds;@Zen's Fire Fuel Mod;@Zen's Firewood Piles;@Zen's Immersive Login;@Zen's Persistent Trees;@ZenCatchRain;@ZenCauseOfDeath;@EpsilonCommunity Armbands;@BaseBuildingItemStackandRepair;@BaseBuildingPlus;@Basic Map;@Basic Territories;@BBPItemPack;@BuildEverywhere;@BulletStacksPlusPlus;@Notifications;@SchanaModCompass;@SchanaModParty;@Barrel Fix-Carry Barrels Containing Items config serverdz.cfg bepath C:\TCAFiles\Users\admin\1\Battleye storage C:\TCAFiles\Users\admin\1\storage profiles C:\TCAFiles\Users\admin\1\instance autoinit  noFilePatching  


------------------------------------
SERVER-EPSILON, 04.03 2023 21:40:47
[Object::GetMaxHealth] :: [Land_Wreck_hb01_aban1_police:0] :: No DamageSystemData or not initialized yet.

Runtime mode
CLI params: ip 192.168.1.90 port 2302 mod @Server_Information_Panel;@Autorun_mod;@CF;@VPPAdminTools;@BasicSpawnSelect;@ZenNotes;@ZenLeftovers;@ZenOpenCansRock;@ZenGunMoveSounds;@Zen's Fire Fuel Mod;@Zen's Firewood Piles;@Zen's Immersive Login;@Zen's Persistent Trees;@ZenCatchRain;@ZenCauseOfDeath;@EpsilonCommunity Armbands;@BaseBuildingItemStackandRepair;@BaseBuildingPlus;@Basic Map;@Basic Territories;@BBPItemPack;@BuildEverywhere;@BulletStacksPlusPlus;@Notifications;@SchanaModCompass;@SchanaModParty;@Barrel Fix-Carry Barrels Containing Items config serverdz.cfg bepath C:\TCAFiles\Users\admin\1\Battleye storage C:\TCAFiles\Users\admin\1\storage profiles C:\TCAFiles\Users\admin\1\instance autoinit  noFilePatching  


------------------------------------
SERVER-EPSILON, 04.03 2023 21:41:41
[Object::GetMaxHealth] :: [Land_Wreck_Volha_Police:0] :: No DamageSystemData or not initialized yet.

Runtime mode
CLI params: ip 192.168.1.90 port 2302 mod @Server_Information_Panel;@Autorun_mod;@CF;@VPPAdminTools;@BasicSpawnSelect;@ZenNotes;@ZenLeftovers;@ZenOpenCansRock;@ZenGunMoveSounds;@Zen's Fire Fuel Mod;@Zen's Firewood Piles;@Zen's Immersive Login;@Zen's Persistent Trees;@ZenCatchRain;@ZenCauseOfDeath;@EpsilonCommunity Armbands;@BaseBuildingItemStackandRepair;@BaseBuildingPlus;@Basic Map;@Basic Territories;@BBPItemPack;@BuildEverywhere;@BulletStacksPlusPlus;@Notifications;@SchanaModCompass;@SchanaModParty;@Barrel Fix-Carry Barrels Containing Items config serverdz.cfg bepath C:\TCAFiles\Users\admin\1\Battleye storage C:\TCAFiles\Users\admin\1\storage profiles C:\TCAFiles\Users\admin\1\instance autoinit  noFilePatching  
