---------------------------------------------
Log C:\TCAFiles\Users\admin\1\instance\crash_2023-03-06_02-16-25.log started at 06.03. 02:16:44



------------------------------------
SERVER-EPSILON, 06.03 2023 02:16:44
[EntityAI::OnStoreLoad] :: [WARNING] :: Scripted variables corrupted upon "ChernarusMap".
Entity will not be loaded correctly.
Function: 'main'
Stack trace:
$CurrentDir:mpmissions\dayzOffline.chernarusplus\init.c:6

Runtime mode
CLI params: ip 192.168.1.90 port 2302 mod @Notifications;@TraderPlus;@Server_Information_Panel;@Autorun_Mod;@VPPAdminTools;@CF; config serverdz.cfg bepath C:\TCAFiles\Users\admin\1\Battleye profiles C:\TCAFiles\Users\admin\1\instance autoinit  noFilePatching  


------------------------------------
SERVER-EPSILON, 06.03 2023 02:16:44
[EntityAI::OnStoreLoad] :: [WARNING] :: Scripted variables corrupted upon "ChernarusMap".
Entity will not be loaded correctly.
Function: 'main'
Stack trace:
$CurrentDir:mpmissions\dayzOffline.chernarusplus\init.c:6

Runtime mode
CLI params: ip 192.168.1.90 port 2302 mod @Notifications;@TraderPlus;@Server_Information_Panel;@Autorun_Mod;@VPPAdminTools;@CF; config serverdz.cfg bepath C:\TCAFiles\Users\admin\1\Battleye profiles C:\TCAFiles\Users\admin\1\instance autoinit  noFilePatching  


------------------------------------
SERVER-EPSILON, 06.03 2023 02:16:44
[EntityAI::OnStoreLoad] :: [WARNING] :: Scripted variables corrupted upon "ChernarusMap".
Entity will not be loaded correctly.
Function: 'main'
Stack trace:
$CurrentDir:mpmissions\dayzOffline.chernarusplus\init.c:6

Runtime mode
CLI params: ip 192.168.1.90 port 2302 mod @Notifications;@TraderPlus;@Server_Information_Panel;@Autorun_Mod;@VPPAdminTools;@CF; config serverdz.cfg bepath C:\TCAFiles\Users\admin\1\Battleye profiles C:\TCAFiles\Users\admin\1\instance autoinit  noFilePatching  


------------------------------------
SERVER-EPSILON, 06.03 2023 02:16:44
[EntityAI::OnStoreLoad] :: [WARNING] :: Scripted variables corrupted upon "ChernarusMap".
Entity will not be loaded correctly.
Function: 'main'
Stack trace:
$CurrentDir:mpmissions\dayzOffline.chernarusplus\init.c:6

Runtime mode
CLI params: ip 192.168.1.90 port 2302 mod @Notifications;@TraderPlus;@Server_Information_Panel;@Autorun_Mod;@VPPAdminTools;@CF; config serverdz.cfg bepath C:\TCAFiles\Users\admin\1\Battleye profiles C:\TCAFiles\Users\admin\1\instance autoinit  noFilePatching  


------------------------------------
SERVER-EPSILON, 06.03 2023 02:16:44
[EntityAI::OnStoreLoad] :: [WARNING] :: Scripted variables corrupted upon "ChernarusMap".
Entity will not be loaded correctly.
Function: 'main'
Stack trace:
$CurrentDir:mpmissions\dayzOffline.chernarusplus\init.c:6

Runtime mode
CLI params: ip 192.168.1.90 port 2302 mod @Notifications;@TraderPlus;@Server_Information_Panel;@Autorun_Mod;@VPPAdminTools;@CF; config serverdz.cfg bepath C:\TCAFiles\Users\admin\1\Battleye profiles C:\TCAFiles\Users\admin\1\instance autoinit  noFilePatching  


------------------------------------
SERVER-EPSILON, 06.03 2023 02:16:44
[EntityAI::OnStoreLoad] :: [WARNING] :: Scripted variables corrupted upon "ChernarusMap".
Entity will not be loaded correctly.
Function: 'main'
Stack trace:
$CurrentDir:mpmissions\dayzOffline.chernarusplus\init.c:6

Runtime mode
CLI params: ip 192.168.1.90 port 2302 mod @Notifications;@TraderPlus;@Server_Information_Panel;@Autorun_Mod;@VPPAdminTools;@CF; config serverdz.cfg bepath C:\TCAFiles\Users\admin\1\Battleye profiles C:\TCAFiles\Users\admin\1\instance autoinit  noFilePatching  


------------------------------------
SERVER-EPSILON, 06.03 2023 02:16:44
[EntityAI::OnStoreLoad] :: [WARNING] :: Scripted variables corrupted upon "ChernarusMap".
Entity will not be loaded correctly.
Function: 'main'
Stack trace:
$CurrentDir:mpmissions\dayzOffline.chernarusplus\init.c:6

Runtime mode
CLI params: ip 192.168.1.90 port 2302 mod @Notifications;@TraderPlus;@Server_Information_Panel;@Autorun_Mod;@VPPAdminTools;@CF; config serverdz.cfg bepath C:\TCAFiles\Users\admin\1\Battleye profiles C:\TCAFiles\Users\admin\1\instance autoinit  noFilePatching  


------------------------------------
SERVER-EPSILON, 06.03 2023 02:16:44
[EntityAI::OnStoreLoad] :: [WARNING] :: Scripted variables corrupted upon "ChernarusMap".
Entity will not be loaded correctly.
Function: 'main'
Stack trace:
$CurrentDir:mpmissions\dayzOffline.chernarusplus\init.c:6

Runtime mode
CLI params: ip 192.168.1.90 port 2302 mod @Notifications;@TraderPlus;@Server_Information_Panel;@Autorun_Mod;@VPPAdminTools;@CF; config serverdz.cfg bepath C:\TCAFiles\Users\admin\1\Battleye profiles C:\TCAFiles\Users\admin\1\instance autoinit  noFilePatching  


------------------------------------
SERVER-EPSILON, 06.03 2023 02:16:44
[EntityAI::OnStoreLoad] :: [WARNING] :: Scripted variables corrupted upon "ChernarusMap".
Entity will not be loaded correctly.
Function: 'main'
Stack trace:
$CurrentDir:mpmissions\dayzOffline.chernarusplus\init.c:6

Runtime mode
CLI params: ip 192.168.1.90 port 2302 mod @Notifications;@TraderPlus;@Server_Information_Panel;@Autorun_Mod;@VPPAdminTools;@CF; config serverdz.cfg bepath C:\TCAFiles\Users\admin\1\Battleye profiles C:\TCAFiles\Users\admin\1\instance autoinit  noFilePatching  


------------------------------------
SERVER-EPSILON, 06.03 2023 02:16:45
[EntityAI::OnStoreLoad] :: [WARNING] :: Scripted variables corrupted upon "ChernarusMap".
Entity will not be loaded correctly.
Function: 'main'
Stack trace:
$CurrentDir:mpmissions\dayzOffline.chernarusplus\init.c:6

Runtime mode
CLI params: ip 192.168.1.90 port 2302 mod @Notifications;@TraderPlus;@Server_Information_Panel;@Autorun_Mod;@VPPAdminTools;@CF; config serverdz.cfg bepath C:\TCAFiles\Users\admin\1\Battleye profiles C:\TCAFiles\Users\admin\1\instance autoinit  noFilePatching  


------------------------------------
SERVER-EPSILON, 06.03 2023 02:16:45
[EntityAI::OnStoreLoad] :: [WARNING] :: Scripted variables corrupted upon "ChernarusMap".
Entity will not be loaded correctly.
Function: 'main'
Stack trace:
$CurrentDir:mpmissions\dayzOffline.chernarusplus\init.c:6

Runtime mode
CLI params: ip 192.168.1.90 port 2302 mod @Notifications;@TraderPlus;@Server_Information_Panel;@Autorun_Mod;@VPPAdminTools;@CF; config serverdz.cfg bepath C:\TCAFiles\Users\admin\1\Battleye profiles C:\TCAFiles\Users\admin\1\instance autoinit  noFilePatching  


------------------------------------
SERVER-EPSILON, 06.03 2023 02:16:45
[EntityAI::OnStoreLoad] :: [WARNING] :: Scripted variables corrupted upon "ChernarusMap".
Entity will not be loaded correctly.
Function: 'main'
Stack trace:
$CurrentDir:mpmissions\dayzOffline.chernarusplus\init.c:6

Runtime mode
CLI params: ip 192.168.1.90 port 2302 mod @Notifications;@TraderPlus;@Server_Information_Panel;@Autorun_Mod;@VPPAdminTools;@CF; config serverdz.cfg bepath C:\TCAFiles\Users\admin\1\Battleye profiles C:\TCAFiles\Users\admin\1\instance autoinit  noFilePatching  


------------------------------------
SERVER-EPSILON, 06.03 2023 02:16:45
[EntityAI::OnStoreLoad] :: [WARNING] :: Scripted variables corrupted upon "ChernarusMap".
Entity will not be loaded correctly.
Function: 'main'
Stack trace:
$CurrentDir:mpmissions\dayzOffline.chernarusplus\init.c:6

Runtime mode
CLI params: ip 192.168.1.90 port 2302 mod @Notifications;@TraderPlus;@Server_Information_Panel;@Autorun_Mod;@VPPAdminTools;@CF; config serverdz.cfg bepath C:\TCAFiles\Users\admin\1\Battleye profiles C:\TCAFiles\Users\admin\1\instance autoinit  noFilePatching  


------------------------------------
SERVER-EPSILON, 06.03 2023 02:16:45
[EntityAI::OnStoreLoad] :: [WARNING] :: Scripted variables corrupted upon "ChernarusMap".
Entity will not be loaded correctly.
Function: 'main'
Stack trace:
$CurrentDir:mpmissions\dayzOffline.chernarusplus\init.c:6

Runtime mode
CLI params: ip 192.168.1.90 port 2302 mod @Notifications;@TraderPlus;@Server_Information_Panel;@Autorun_Mod;@VPPAdminTools;@CF; config serverdz.cfg bepath C:\TCAFiles\Users\admin\1\Battleye profiles C:\TCAFiles\Users\admin\1\instance autoinit  noFilePatching  


------------------------------------
SERVER-EPSILON, 06.03 2023 02:16:46
[EntityAI::OnStoreLoad] :: [WARNING] :: Scripted variables corrupted upon "ChernarusMap".
Entity will not be loaded correctly.
Function: 'main'
Stack trace:
$CurrentDir:mpmissions\dayzOffline.chernarusplus\init.c:6

Runtime mode
CLI params: ip 192.168.1.90 port 2302 mod @Notifications;@TraderPlus;@Server_Information_Panel;@Autorun_Mod;@VPPAdminTools;@CF; config serverdz.cfg bepath C:\TCAFiles\Users\admin\1\Battleye profiles C:\TCAFiles\Users\admin\1\instance autoinit  noFilePatching  


------------------------------------
SERVER-EPSILON, 06.03 2023 02:16:46
[EntityAI::OnStoreLoad] :: [WARNING] :: Scripted variables corrupted upon "ChernarusMap".
Entity will not be loaded correctly.
Function: 'main'
Stack trace:
$CurrentDir:mpmissions\dayzOffline.chernarusplus\init.c:6

Runtime mode
CLI params: ip 192.168.1.90 port 2302 mod @Notifications;@TraderPlus;@Server_Information_Panel;@Autorun_Mod;@VPPAdminTools;@CF; config serverdz.cfg bepath C:\TCAFiles\Users\admin\1\Battleye profiles C:\TCAFiles\Users\admin\1\instance autoinit  noFilePatching  


------------------------------------
SERVER-EPSILON, 06.03 2023 02:16:46
[EntityAI::OnStoreLoad] :: [WARNING] :: Scripted variables corrupted upon "ChernarusMap".
Entity will not be loaded correctly.
Function: 'main'
Stack trace:
$CurrentDir:mpmissions\dayzOffline.chernarusplus\init.c:6

Runtime mode
CLI params: ip 192.168.1.90 port 2302 mod @Notifications;@TraderPlus;@Server_Information_Panel;@Autorun_Mod;@VPPAdminTools;@CF; config serverdz.cfg bepath C:\TCAFiles\Users\admin\1\Battleye profiles C:\TCAFiles\Users\admin\1\instance autoinit  noFilePatching  


------------------------------------
SERVER-EPSILON, 06.03 2023 02:16:46
[EntityAI::OnStoreLoad] :: [WARNING] :: Scripted variables corrupted upon "ChernarusMap".
Entity will not be loaded correctly.
Function: 'main'
Stack trace:
$CurrentDir:mpmissions\dayzOffline.chernarusplus\init.c:6

Runtime mode
CLI params: ip 192.168.1.90 port 2302 mod @Notifications;@TraderPlus;@Server_Information_Panel;@Autorun_Mod;@VPPAdminTools;@CF; config serverdz.cfg bepath C:\TCAFiles\Users\admin\1\Battleye profiles C:\TCAFiles\Users\admin\1\instance autoinit  noFilePatching  


------------------------------------
SERVER-EPSILON, 06.03 2023 02:16:46
[EntityAI::OnStoreLoad] :: [WARNING] :: Scripted variables corrupted upon "ChernarusMap".
Entity will not be loaded correctly.
Function: 'main'
Stack trace:
$CurrentDir:mpmissions\dayzOffline.chernarusplus\init.c:6

Runtime mode
CLI params: ip 192.168.1.90 port 2302 mod @Notifications;@TraderPlus;@Server_Information_Panel;@Autorun_Mod;@VPPAdminTools;@CF; config serverdz.cfg bepath C:\TCAFiles\Users\admin\1\Battleye profiles C:\TCAFiles\Users\admin\1\instance autoinit  noFilePatching  


------------------------------------
SERVER-EPSILON, 06.03 2023 02:16:46
[EntityAI::OnStoreLoad] :: [WARNING] :: Scripted variables corrupted upon "ChernarusMap".
Entity will not be loaded correctly.
Function: 'main'
Stack trace:
$CurrentDir:mpmissions\dayzOffline.chernarusplus\init.c:6

Runtime mode
CLI params: ip 192.168.1.90 port 2302 mod @Notifications;@TraderPlus;@Server_Information_Panel;@Autorun_Mod;@VPPAdminTools;@CF; config serverdz.cfg bepath C:\TCAFiles\Users\admin\1\Battleye profiles C:\TCAFiles\Users\admin\1\instance autoinit  noFilePatching  


------------------------------------
SERVER-EPSILON, 06.03 2023 02:16:46
[EntityAI::OnStoreLoad] :: [WARNING] :: Scripted variables corrupted upon "ChernarusMap".
Entity will not be loaded correctly.
Function: 'main'
Stack trace:
$CurrentDir:mpmissions\dayzOffline.chernarusplus\init.c:6

Runtime mode
CLI params: ip 192.168.1.90 port 2302 mod @Notifications;@TraderPlus;@Server_Information_Panel;@Autorun_Mod;@VPPAdminTools;@CF; config serverdz.cfg bepath C:\TCAFiles\Users\admin\1\Battleye profiles C:\TCAFiles\Users\admin\1\instance autoinit  noFilePatching  


------------------------------------
SERVER-EPSILON, 06.03 2023 02:16:46
[EntityAI::OnStoreLoad] :: [WARNING] :: Scripted variables corrupted upon "ChernarusMap".
Entity will not be loaded correctly.
Function: 'main'
Stack trace:
$CurrentDir:mpmissions\dayzOffline.chernarusplus\init.c:6

Runtime mode
CLI params: ip 192.168.1.90 port 2302 mod @Notifications;@TraderPlus;@Server_Information_Panel;@Autorun_Mod;@VPPAdminTools;@CF; config serverdz.cfg bepath C:\TCAFiles\Users\admin\1\Battleye profiles C:\TCAFiles\Users\admin\1\instance autoinit  noFilePatching  


------------------------------------
SERVER-EPSILON, 06.03 2023 02:16:46
[EntityAI::OnStoreLoad] :: [WARNING] :: Scripted variables corrupted upon "ChernarusMap".
Entity will not be loaded correctly.
Function: 'main'
Stack trace:
$CurrentDir:mpmissions\dayzOffline.chernarusplus\init.c:6

Runtime mode
CLI params: ip 192.168.1.90 port 2302 mod @Notifications;@TraderPlus;@Server_Information_Panel;@Autorun_Mod;@VPPAdminTools;@CF; config serverdz.cfg bepath C:\TCAFiles\Users\admin\1\Battleye profiles C:\TCAFiles\Users\admin\1\instance autoinit  noFilePatching  


------------------------------------
SERVER-EPSILON, 06.03 2023 02:16:47
[EntityAI::OnStoreLoad] :: [WARNING] :: Scripted variables corrupted upon "ChernarusMap".
Entity will not be loaded correctly.
Function: 'main'
Stack trace:
$CurrentDir:mpmissions\dayzOffline.chernarusplus\init.c:6

Runtime mode
CLI params: ip 192.168.1.90 port 2302 mod @Notifications;@TraderPlus;@Server_Information_Panel;@Autorun_Mod;@VPPAdminTools;@CF; config serverdz.cfg bepath C:\TCAFiles\Users\admin\1\Battleye profiles C:\TCAFiles\Users\admin\1\instance autoinit  noFilePatching  


------------------------------------
SERVER-EPSILON, 06.03 2023 02:16:47
[EntityAI::OnStoreLoad] :: [WARNING] :: Scripted variables corrupted upon "ChernarusMap".
Entity will not be loaded correctly.
Function: 'main'
Stack trace:
$CurrentDir:mpmissions\dayzOffline.chernarusplus\init.c:6

Runtime mode
CLI params: ip 192.168.1.90 port 2302 mod @Notifications;@TraderPlus;@Server_Information_Panel;@Autorun_Mod;@VPPAdminTools;@CF; config serverdz.cfg bepath C:\TCAFiles\Users\admin\1\Battleye profiles C:\TCAFiles\Users\admin\1\instance autoinit  noFilePatching  


------------------------------------
SERVER-EPSILON, 06.03 2023 02:16:47
[EntityAI::OnStoreLoad] :: [WARNING] :: Scripted variables corrupted upon "ChernarusMap".
Entity will not be loaded correctly.
Function: 'main'
Stack trace:
$CurrentDir:mpmissions\dayzOffline.chernarusplus\init.c:6

Runtime mode
CLI params: ip 192.168.1.90 port 2302 mod @Notifications;@TraderPlus;@Server_Information_Panel;@Autorun_Mod;@VPPAdminTools;@CF; config serverdz.cfg bepath C:\TCAFiles\Users\admin\1\Battleye profiles C:\TCAFiles\Users\admin\1\instance autoinit  noFilePatching  


------------------------------------
SERVER-EPSILON, 06.03 2023 02:16:47
[EntityAI::OnStoreLoad] :: [WARNING] :: Scripted variables corrupted upon "ChernarusMap".
Entity will not be loaded correctly.
Function: 'main'
Stack trace:
$CurrentDir:mpmissions\dayzOffline.chernarusplus\init.c:6

Runtime mode
CLI params: ip 192.168.1.90 port 2302 mod @Notifications;@TraderPlus;@Server_Information_Panel;@Autorun_Mod;@VPPAdminTools;@CF; config serverdz.cfg bepath C:\TCAFiles\Users\admin\1\Battleye profiles C:\TCAFiles\Users\admin\1\instance autoinit  noFilePatching  


------------------------------------
SERVER-EPSILON, 06.03 2023 02:16:47
[EntityAI::OnStoreLoad] :: [WARNING] :: Scripted variables corrupted upon "ChernarusMap".
Entity will not be loaded correctly.
Function: 'main'
Stack trace:
$CurrentDir:mpmissions\dayzOffline.chernarusplus\init.c:6

Runtime mode
CLI params: ip 192.168.1.90 port 2302 mod @Notifications;@TraderPlus;@Server_Information_Panel;@Autorun_Mod;@VPPAdminTools;@CF; config serverdz.cfg bepath C:\TCAFiles\Users\admin\1\Battleye profiles C:\TCAFiles\Users\admin\1\instance autoinit  noFilePatching  


------------------------------------
SERVER-EPSILON, 06.03 2023 02:16:47
[EntityAI::OnStoreLoad] :: [WARNING] :: Scripted variables corrupted upon "ChernarusMap".
Entity will not be loaded correctly.
Function: 'main'
Stack trace:
$CurrentDir:mpmissions\dayzOffline.chernarusplus\init.c:6

Runtime mode
CLI params: ip 192.168.1.90 port 2302 mod @Notifications;@TraderPlus;@Server_Information_Panel;@Autorun_Mod;@VPPAdminTools;@CF; config serverdz.cfg bepath C:\TCAFiles\Users\admin\1\Battleye profiles C:\TCAFiles\Users\admin\1\instance autoinit  noFilePatching  


------------------------------------
SERVER-EPSILON, 06.03 2023 02:16:47
[EntityAI::OnStoreLoad] :: [WARNING] :: Scripted variables corrupted upon "ChernarusMap".
Entity will not be loaded correctly.
Function: 'main'
Stack trace:
$CurrentDir:mpmissions\dayzOffline.chernarusplus\init.c:6

Runtime mode
CLI params: ip 192.168.1.90 port 2302 mod @Notifications;@TraderPlus;@Server_Information_Panel;@Autorun_Mod;@VPPAdminTools;@CF; config serverdz.cfg bepath C:\TCAFiles\Users\admin\1\Battleye profiles C:\TCAFiles\Users\admin\1\instance autoinit  noFilePatching  


------------------------------------
SERVER-EPSILON, 06.03 2023 02:16:48
[EntityAI::OnStoreLoad] :: [WARNING] :: Scripted variables corrupted upon "ChernarusMap".
Entity will not be loaded correctly.
Function: 'main'
Stack trace:
$CurrentDir:mpmissions\dayzOffline.chernarusplus\init.c:6

Runtime mode
CLI params: ip 192.168.1.90 port 2302 mod @Notifications;@TraderPlus;@Server_Information_Panel;@Autorun_Mod;@VPPAdminTools;@CF; config serverdz.cfg bepath C:\TCAFiles\Users\admin\1\Battleye profiles C:\TCAFiles\Users\admin\1\instance autoinit  noFilePatching  


------------------------------------
SERVER-EPSILON, 06.03 2023 02:16:48
[EntityAI::OnStoreLoad] :: [WARNING] :: Scripted variables corrupted upon "ChernarusMap".
Entity will not be loaded correctly.
Function: 'main'
Stack trace:
$CurrentDir:mpmissions\dayzOffline.chernarusplus\init.c:6

Runtime mode
CLI params: ip 192.168.1.90 port 2302 mod @Notifications;@TraderPlus;@Server_Information_Panel;@Autorun_Mod;@VPPAdminTools;@CF; config serverdz.cfg bepath C:\TCAFiles\Users\admin\1\Battleye profiles C:\TCAFiles\Users\admin\1\instance autoinit  noFilePatching  


------------------------------------
SERVER-EPSILON, 06.03 2023 02:16:48
[EntityAI::OnStoreLoad] :: [WARNING] :: Scripted variables corrupted upon "ChernarusMap".
Entity will not be loaded correctly.
Function: 'main'
Stack trace:
$CurrentDir:mpmissions\dayzOffline.chernarusplus\init.c:6

Runtime mode
CLI params: ip 192.168.1.90 port 2302 mod @Notifications;@TraderPlus;@Server_Information_Panel;@Autorun_Mod;@VPPAdminTools;@CF; config serverdz.cfg bepath C:\TCAFiles\Users\admin\1\Battleye profiles C:\TCAFiles\Users\admin\1\instance autoinit  noFilePatching  


------------------------------------
SERVER-EPSILON, 06.03 2023 02:16:48
[EntityAI::OnStoreLoad] :: [WARNING] :: Scripted variables corrupted upon "ChernarusMap".
Entity will not be loaded correctly.
Function: 'main'
Stack trace:
$CurrentDir:mpmissions\dayzOffline.chernarusplus\init.c:6

Runtime mode
CLI params: ip 192.168.1.90 port 2302 mod @Notifications;@TraderPlus;@Server_Information_Panel;@Autorun_Mod;@VPPAdminTools;@CF; config serverdz.cfg bepath C:\TCAFiles\Users\admin\1\Battleye profiles C:\TCAFiles\Users\admin\1\instance autoinit  noFilePatching  


------------------------------------
SERVER-EPSILON, 06.03 2023 02:16:48
[EntityAI::OnStoreLoad] :: [WARNING] :: Scripted variables corrupted upon "ChernarusMap".
Entity will not be loaded correctly.
Function: 'main'
Stack trace:
$CurrentDir:mpmissions\dayzOffline.chernarusplus\init.c:6

Runtime mode
CLI params: ip 192.168.1.90 port 2302 mod @Notifications;@TraderPlus;@Server_Information_Panel;@Autorun_Mod;@VPPAdminTools;@CF; config serverdz.cfg bepath C:\TCAFiles\Users\admin\1\Battleye profiles C:\TCAFiles\Users\admin\1\instance autoinit  noFilePatching  


------------------------------------
SERVER-EPSILON, 06.03 2023 02:16:48
[EntityAI::OnStoreLoad] :: [WARNING] :: Scripted variables corrupted upon "ChernarusMap".
Entity will not be loaded correctly.
Function: 'main'
Stack trace:
$CurrentDir:mpmissions\dayzOffline.chernarusplus\init.c:6

Runtime mode
CLI params: ip 192.168.1.90 port 2302 mod @Notifications;@TraderPlus;@Server_Information_Panel;@Autorun_Mod;@VPPAdminTools;@CF; config serverdz.cfg bepath C:\TCAFiles\Users\admin\1\Battleye profiles C:\TCAFiles\Users\admin\1\instance autoinit  noFilePatching  


------------------------------------
SERVER-EPSILON, 06.03 2023 02:16:48
[EntityAI::OnStoreLoad] :: [WARNING] :: Scripted variables corrupted upon "ChernarusMap".
Entity will not be loaded correctly.
Function: 'main'
Stack trace:
$CurrentDir:mpmissions\dayzOffline.chernarusplus\init.c:6

Runtime mode
CLI params: ip 192.168.1.90 port 2302 mod @Notifications;@TraderPlus;@Server_Information_Panel;@Autorun_Mod;@VPPAdminTools;@CF; config serverdz.cfg bepath C:\TCAFiles\Users\admin\1\Battleye profiles C:\TCAFiles\Users\admin\1\instance autoinit  noFilePatching  


------------------------------------
SERVER-EPSILON, 06.03 2023 02:16:48
[EntityAI::OnStoreLoad] :: [WARNING] :: Scripted variables corrupted upon "ChernarusMap".
Entity will not be loaded correctly.
Function: 'main'
Stack trace:
$CurrentDir:mpmissions\dayzOffline.chernarusplus\init.c:6

Runtime mode
CLI params: ip 192.168.1.90 port 2302 mod @Notifications;@TraderPlus;@Server_Information_Panel;@Autorun_Mod;@VPPAdminTools;@CF; config serverdz.cfg bepath C:\TCAFiles\Users\admin\1\Battleye profiles C:\TCAFiles\Users\admin\1\instance autoinit  noFilePatching  


------------------------------------
SERVER-EPSILON, 06.03 2023 02:16:49
[EntityAI::OnStoreLoad] :: [WARNING] :: Scripted variables corrupted upon "ChernarusMap".
Entity will not be loaded correctly.
Function: 'main'
Stack trace:
$CurrentDir:mpmissions\dayzOffline.chernarusplus\init.c:6

Runtime mode
CLI params: ip 192.168.1.90 port 2302 mod @Notifications;@TraderPlus;@Server_Information_Panel;@Autorun_Mod;@VPPAdminTools;@CF; config serverdz.cfg bepath C:\TCAFiles\Users\admin\1\Battleye profiles C:\TCAFiles\Users\admin\1\instance autoinit  noFilePatching  


------------------------------------
SERVER-EPSILON, 06.03 2023 02:16:49
[EntityAI::OnStoreLoad] :: [WARNING] :: Scripted variables corrupted upon "ChernarusMap".
Entity will not be loaded correctly.
Function: 'main'
Stack trace:
$CurrentDir:mpmissions\dayzOffline.chernarusplus\init.c:6

Runtime mode
CLI params: ip 192.168.1.90 port 2302 mod @Notifications;@TraderPlus;@Server_Information_Panel;@Autorun_Mod;@VPPAdminTools;@CF; config serverdz.cfg bepath C:\TCAFiles\Users\admin\1\Battleye profiles C:\TCAFiles\Users\admin\1\instance autoinit  noFilePatching  
