---------------------------------------------
Log C:\TCAFiles\Users\admin\1\instance\script_2023-03-04_06-00-25.log started at 04.03. 06:00:26

SCRIPT       : Registered 353 temporary action enum(s), UAN==353
SCRIPT    (W): @"Notifications/scripts/3_Game/client\notifications\notificationui.c,13": FIX-ME: Overriding function 'AddNotification' but not marked as 'override'
SCRIPT    (W): @"Notifications/scripts/3_Game/client\notifications\notificationui.c,46": FIX-ME: Overriding function 'UpdateTargetHeight' but not marked as 'override'
SCRIPT    (W): @"Notifications/scripts/3_Game/client\notifications\notificationui.c,81": FIX-ME: Overriding function 'RemoveNotification' but not marked as 'override'
SCRIPT    (W): @"BasicMap/scripts/3_Game/gui\basicmapmenu.c,556": FIX-ME: Overriding function 'LockControls' but not marked as 'override'
SCRIPT       : ... Backlit Effects Enabled
SCRIPT       : VPPNotificationManager()
SCRIPT       : [VPPAT] Internal VPPNotifications module loaded!
SCRIPT       : [DayZ Game]:: DayZGame(): Initializing V++ Admin Tools.
SCRIPT       : Default Mission: $saves:VPPDebugMissions/Debug.chernarusplus exists!
SCRIPT       : Default Mission: $saves:VPPDebugMissions/Debug.enoch exists!
SCRIPT    (W): @"BaseBuildingItemStackandRepair/scripts/4_World/classes\recipes\repair_basebuildingtoolstape.c,44": Missing ';' at the end of line
SCRIPT    (W): @"BaseBuildingPlus/scripts/4_World/items\bbp_base.c,321": FIX-ME: Overriding function 'IsRaidable' but not marked as 'override'
SCRIPT    (W): @"BaseBuildingPlus/scripts/4_World/items\bbp_base.c,326": FIX-ME: Overriding function 'IsFancyBBPItem' but not marked as 'override'
SCRIPT    (W): @"BaseBuildingPlus/scripts/4_World/items\bbp_base.c,399": FIX-ME: Overriding function 'CreateConstructionKit' but not marked as 'override'
SCRIPT    (W): @"BaseBuildingPlus/scripts/4_World/items\bbp_base.c,404": FIX-ME: Overriding function 'GetKitSpawnPosition' but not marked as 'override'
SCRIPT    (W): @"BaseBuildingPlus/scripts/4_World/items\bbp_base.c,416": FIX-ME: Overriding function 'GetConstructionKitType' but not marked as 'override'
SCRIPT    (W): @"BaseBuildingPlus/scripts/4_World/items\bbp_base.c,827": FIX-ME: Overriding function 'OnSetSlotLock' but not marked as 'override'
SCRIPT    (W): @"BaseBuildingPlus/scripts/4_World/bbp_building\bbp_floor\bbp_bfloor\bbp_bfloor.c,14": FIX-ME: Overriding function 'isFloor' but not marked as 'override'
SCRIPT    (W): @"BaseBuildingPlus/scripts/4_World/bbp_building\bbp_stair\mstair\bbp_bstair.c,24": FIX-ME: Overriding function 'isDismantle' but not marked as 'override'
SCRIPT    (W): @"BBPItemPack/Scripts/4_World/items\bbpa_base.c,49": FIX-ME: Overriding function 'IsFancyBBPAItem' but not marked as 'override'
SCRIPT    (W): @"BBPItemPack/Scripts/4_World/items\bbpa_base.c,103": FIX-ME: Overriding function 'FoldBaseBuildingObject' but not marked as 'override'
SCRIPT    (W): @"BBPItemPack/Scripts/4_World/items\bbpa_base.c,111": FIX-ME: Overriding function 'CreateConstructionKit' but not marked as 'override'
SCRIPT    (W): @"BBPItemPack/Scripts/4_World/items\bbpa_base.c,122": FIX-ME: Overriding function 'GetKitSpawnPosition' but not marked as 'override'
SCRIPT    (W): @"BBPItemPack/Scripts/4_World/items\bbpa_base.c,127": FIX-ME: Overriding function 'GetConstructionKitType' but not marked as 'override'
SCRIPT    (W): @"BBPItemPack/Scripts/4_World/items\bbpa_base.c,428": FIX-ME: Overriding function 'OnSetSlotLock' but not marked as 'override'
SCRIPT    (W): @"BBPItemPack/Scripts/4_World/items\well\bbp_well.c,13": FIX-ME: Overriding function 'IsWell' but not marked as 'override'
SCRIPT    (W): @"BBPItemPack/Scripts/4_World/items\well\bbp_well.c,236": FIX-ME: Overriding function 'OnPartDestroyedServer' but not marked as 'override'
SCRIPT    (W): @"VPPAdminTools/4_World/vppadmintools\plugins\pluginbase\webhooksmanager\classes\webhookmessagebase.c,53": Possible variable name conflict 'title'
SCRIPT    (W): @"VPPAdminTools/4_World/vppadmintools\plugins\pluginbase\webhooksmanager\classes\webhookmessagebase.c,53": Possible variable name conflict 'color'
SCRIPT    (W): @"BBPItemPack/Scripts/4_World/items\admintool\hammer.c,16": FIX-ME: Overriding function 'isBBPAAdminTool' but not marked as 'override'
SCRIPT    (W): @"ZenCatchRain/scripts/4_world/entities\manbase\playerbase.c,3": FIX-ME: Overriding function 'SetActions' but not marked as 'override'
SCRIPT    (W): @"BaseBuildingPlus/scripts/4_World/bbp_building\bbp_barb_fence\bbp_barb.c,28": FIX-ME: Overriding function 'CreateAreaDamage' but not marked as 'override'
SCRIPT    (W): @"BaseBuildingPlus/scripts/4_World/bbp_building\bbp_barb_fence\bbp_barb.c,78": FIX-ME: Overriding function 'UpdateBarbedWireAreaDamagePos' but not marked as 'override'
SCRIPT    (W): @"BaseBuildingPlus/scripts/4_World/bbp_building\bbp_pillar\bpillar\bbp_bpillar.c,9": FIX-ME: Overriding function 'isDismantle' but not marked as 'override'
SCRIPT    (W): @"BaseBuildingPlus/scripts/4_World/overrides\construction.c,72": FIX-ME: Overriding function 'DropNonUsableMaterialsServer' but not marked as 'override'
SCRIPT    (W): @"BaseBuildingPlus/scripts/4_World/bbp_building\bbp_floor\bbp_sfloor\bbp_sfloor.c,14": FIX-ME: Overriding function 'isFloor' but not marked as 'override'
SCRIPT    (W): @"BaseBuildingPlus/scripts/4_World/overrides\construction.c,189": FIX-ME: Overriding function 'SpawnConstructionMaterialPiles' but not marked as 'override'
SCRIPT    (W): @"BaseBuildingPlus/scripts/4_World/bbp_building\bbp_mesh_fence\bbp_barb.c,28": FIX-ME: Overriding function 'CreateAreaDamage' but not marked as 'override'
SCRIPT    (W): @"BaseBuildingPlus/scripts/4_World/bbp_building\bbp_mesh_fence\bbp_barb.c,78": FIX-ME: Overriding function 'UpdateBarbedWireAreaDamagePos' but not marked as 'override'
SCRIPT    (W): @"BBPItemPack/Scripts/4_World/items\land_claim_flags\bbp_admin_land_claim_flag.c,28": FIX-ME: Overriding function 'BBP_Destroy' but not marked as 'override'
SCRIPT    (W): @"BaseBuildingPlus/scripts/4_World/bbp_building\bbp_floor_hatch\bbp_floor_hatch.c,49": FIX-ME: Overriding function 'isFloor' but not marked as 'override'
SCRIPT    (W): @"BaseBuildingPlus/scripts/4_World/bbp_building\bbp_half_wall\bbp_half_swall\bbp_swall.c,14": FIX-ME: Overriding function 'isSmall' but not marked as 'override'
SCRIPT    (W): @"BBPItemPack/Scripts/4_World/items\xmas_lights\bbp_xmaslights_solar.c,20": FIX-ME: Overriding function 'TurnOnItem' but not marked as 'override'
SCRIPT    (W): @"BBPItemPack/Scripts/4_World/items\bed\bbp_bed.c,76": FIX-ME: Overriding function 'OpenFence' but not marked as 'override'
SCRIPT    (W): @"BBPItemPack/Scripts/4_World/items\bed\bbp_bed.c,98": FIX-ME: Overriding function 'CloseFence' but not marked as 'override'
SCRIPT    (W): @"BBPItemPack/Scripts/4_World/items\bed\bbp_bed.c,123": FIX-ME: Overriding function 'CheckFenceClosed' but not marked as 'override'
SCRIPT    (W): @"BaseBuildingPlus/scripts/4_World/bbp_building\bbp_stair\bstair\bbp_bstair.c,15": FIX-ME: Overriding function 'isDismantle' but not marked as 'override'
SCRIPT    (W): @"BBPItemPack/Scripts/4_World/overrides\construction.c,24": FIX-ME: Overriding function 'AdminBuildPartServer' but not marked as 'override'
SCRIPT    (W): @"BBPItemPack/Scripts/4_World/overrides\hologram.c,81": FIX-ME: Overriding function 'EvaluateCollision' but not marked as 'override'
SCRIPT    (W): @"BaseBuildingPlus/scripts/4_World/bbp_building\bbp_floor\bbp_floor_mesh\bbp_mesh.c,14": FIX-ME: Overriding function 'isFloor' but not marked as 'override'
SCRIPT    (W): @"VPPAdminTools/4_World/vppadmintools\plugins\pluginbase\webhooksmanager\classes\messagetypes\joinleavemessage.c,7": Possible variable name conflict 'guid'
SCRIPT    (W): @"VPPAdminTools/4_World/vppadmintools\plugins\pluginbase\webhooksmanager\classes\messagetypes\joinleavemessage.c,7": Possible variable name conflict 'details'
SCRIPT    (W): @"BBPItemPack/Scripts/4_World/items\bbpa_kit_base.c,86": FIX-ME: Overriding function 'NeededHologramBBPA' but not marked as 'override'
SCRIPT    (W): @"BaseBuildingPlus/scripts/4_World/bbp_building\bbp_slope_roof\bbp_slope_roof.c,14": FIX-ME: Overriding function 'isflat' but not marked as 'override'
SCRIPT    (W): @"BBPItemPack/Scripts/4_World/items\bed\bbp_bedkit.c,7": FIX-ME: Overriding function 'NeededHologramBBPA' but not marked as 'override'
SCRIPT    (W): @"BaseBuildingPlus/scripts/4_World/bbp_building\bbp_ramp\bramp\bbp_bramp.c,24": FIX-ME: Overriding function 'isDismantle' but not marked as 'override'
SCRIPT    (W): @"BBPItemPack/Scripts/4_World/items\gang_plug\bbp_gang_plug.c,3": FIX-ME: Overriding function 'EEInit' but not marked as 'override'
SCRIPT    (W): @"BBPItemPack/Scripts/4_World/items\gang_plug\bbp_gang_plug.c,89": FIX-ME: Overriding function 'OnOwnSocketTaken' but not marked as 'override'
SCRIPT    (W): @"BBPItemPack/Scripts/4_World/items\gang_plug\bbp_gang_plug.c,122": FIX-ME: Overriding function 'OnOwnSocketReleased' but not marked as 'override'
SCRIPT    (W): @"BaseBuildingPlus/scripts/4_World/bbp_building\bbp_stair\sstair\bbp_sstair.c,24": FIX-ME: Overriding function 'isDismantle' but not marked as 'override'
SCRIPT    (W): @"BBPItemPack/Scripts/4_World/items\sofa\bbp_sofakit.c,7": FIX-ME: Overriding function 'NeededHologramBBPA' but not marked as 'override'
SCRIPT    (W): @"BaseBuildingPlus/scripts/4_World/bbp_building\bbp_mesh_gate\bbp_mesh_gate.c,63": FIX-ME: Overriding function 'CreateAreaDamage' but not marked as 'override'
SCRIPT    (W): @"BaseBuildingPlus/scripts/4_World/bbp_building\bbp_mesh_gate\bbp_mesh_gate.c,113": FIX-ME: Overriding function 'UpdateBarbedWireAreaDamagePos' but not marked as 'override'
SCRIPT    (W): @"BBPItemPack/Scripts/4_World/items\sofa\bbp_sofa.c,76": FIX-ME: Overriding function 'OpenFence' but not marked as 'override'
SCRIPT    (W): @"BBPItemPack/Scripts/4_World/items\sofa\bbp_sofa.c,98": FIX-ME: Overriding function 'CloseFence' but not marked as 'override'
SCRIPT    (W): @"BBPItemPack/Scripts/4_World/items\sofa\bbp_sofa.c,123": FIX-ME: Overriding function 'CheckFenceClosed' but not marked as 'override'
SCRIPT    (W): @"BaseBuildingPlus/scripts/4_World/bbp_building\bbp_pillar\spillar\bbp_spillar.c,9": FIX-ME: Overriding function 'isDismantle' but not marked as 'override'
SCRIPT    (W): @"BBPItemPack/Scripts/4_World/items\xmas_lights\bbp_xmaslights_9v.c,28": FIX-ME: Overriding function 'TurnOnItem' but not marked as 'override'
SCRIPT    (W): @"BaseBuildingPlus/scripts/4_World/items\admintool\admin.c,16": FIX-ME: Overriding function 'isBBPAdminTool' but not marked as 'override'
SCRIPT    (W): @"BBPItemPack/Scripts/4_World/items\land_claim_flags\bbp_land_claim_pole.c,19": FIX-ME: Overriding function 'BBP_Destroy' but not marked as 'override'
SCRIPT    (W): @"VPPAdminTools/4_World/vppadmintools\plugins\pluginbase\admintools\admintools.c,60": No need to use 'Cast' for up-casting
SCRIPT    (W): @"ZenImmersiveLogin/scripts/4_world/entities\manbase\playerbase.c,118": Unsafe down-casting, use 'PPERequester_ZenSpawnEffects.Cast' for safe down-casting
SCRIPT    (W): @"ZenImmersiveLogin/scripts/4_world/entities\manbase\playerbase.c,147": Unsafe down-casting, use 'PPERequester_ZenSpawnEffects.Cast' for safe down-casting
SCRIPT    (W): @"BBPItemPack/Scripts/4_World/items\solar\bbp_solarplus.c,146": Unsafe down-casting, use 'ItemBase.Cast' for safe down-casting
SCRIPT    (W): @"VPPAdminTools/5_Mission/vppadmintools\gui\submenus\menuobjectmanager\menuobjectmanager.c,203": Missing ';' at the end of line
SCRIPT    (W): @"VPPAdminTools/5_Mission/vppadmintools\gui\vppadminhud.c,126": Unsafe down-casting, use 'MenuObjectManager.Cast' for safe down-casting
SCRIPT    (W): @"VPPAdminTools/5_Mission/vppadmintools\gui\submenus\menuesptools\esptoolsmenu.c,580": Unsafe down-casting, use 'EntityAI.Cast' for safe down-casting
SCRIPT    (W): @"VPPAdminTools/5_Mission/vppadmintools\gui\submenus\menuplayermanager\menuplayermanager.c,71": FIX-ME: Callbacks do not properly support overloaded methods 'OnUpdate'
SCRIPT    (W): @"VPPAdminTools/5_Mission/vppadmintools\missiondebug.c,38": Unsafe down-casting, use 'PlayerBase.Cast' for safe down-casting
SCRIPT    (W): @"ZenPersistentTrees/scripts/5_mission/mission\missionserver.c,44": Unsafe down-casting, use 'EntityAI.Cast' for safe down-casting
SCRIPT    (W): @"BBPItemPack/scripts/5_Mission/missiongameplay.c,47": Unsafe down-casting, use 'PlayerBase.Cast' for safe down-casting
SCRIPT       : Vanilla++ AdminTools Plugins Registering..
SCRIPT       : [ZenLeftovers] Init
SCRIPT       : [WebHooksManager] Loading Saved Webhooks configuration
SCRIPT       : [BasicMap] Init Server
SCRIPT       : 04.03.2023 06:00:37 [ServerPanelLogger]: INFO: Switching to logfile: $profile:ServerPanel_04-03-2023_06-00-37.log
SCRIPT       : [BBP] 'BBP_Settings' found, loading...
SCRIPT       : [BBPA] 'BBPItemPack_Settings' found, loading...
SCRIPT       : [SchanaParty] BasicMap Register RPCs
SCRIPT       : [SchanaParty] BasicMap Server Init
SCRIPT       : [MissionServer] OnInit - Server
SCRIPT       : [ZenCOD] OnInit
SCRIPT       : [ZenCOD] Init
SCRIPT       : [ZenFirewoodConfig] Init
SCRIPT       : [ZenGunMoveSounds] OnInit
SCRIPT       : [ZenGunMoveSoundsConfig] Init
SCRIPT       : [ZenPersistentTrees] OnInit
SCRIPT       : [ZenTreesConfig] Init
SCRIPT       : [Notifications] OnInit
SCRIPT       : [Notifications] Loading Config
SCRIPT       : [SchanaParty] OnInit
SCRIPT       : [SchanaParty] Server Init 1.4.0
SCRIPT       : [SchanaParty] PartyMarker Server Init
SCRIPT       : [ZenLeftovers] OnInit
SCRIPT       : [ZenNotes] OnInit
SCRIPT       : [ZenNotesConfig] Init
SCRIPT       : [MissionServer] OnMissionStart - Server
SCRIPT       : string dirtyName = 'EpsilonCommunity|ItemsRequired|ManyZombies|PvPKOSAllowed'
SCRIPT       : [BASICTERRITORIES] m_TerritoryOwner: o5HWVdrZGjRLVWCRLeFPjlS7Bd5U2Iln-bmmqP_I_-I= Pos: <3394.625977, 221.955887, 13772.437500>
SCRIPT       : = = = = = = = = = = = = = = =
SCRIPT       : =  Territory Members Debug  =
SCRIPT       : = - - - - - - - - - - - - - =
SCRIPT       : Array count: 1
SCRIPT       : [0] => LzOLSM35tEk65hv7vEBmJ0AtF4UnrPAB6euQoKarWFQ=
SCRIPT       : = = = = = = = = = = = = = = =
SCRIPT       : [BASICTERRITORIES] m_TerritoryOwner: LzOLSM35tEk65hv7vEBmJ0AtF4UnrPAB6euQoKarWFQ= Pos: <6479.211426, 287.188324, 7413.159180>
SCRIPT       : = = = = = = = = = = = = = = =
SCRIPT       : =  Territory Members Debug  =
SCRIPT       : = - - - - - - - - - - - - - =
SCRIPT       : Array count: 1
SCRIPT       : [0] => o5HWVdrZGjRLVWCRLeFPjlS7Bd5U2Iln-bmmqP_I_-I=
SCRIPT       : = = = = = = = = = = = = = = =
SCRIPT       : [BasicTerritories] OnInit
SCRIPT       : [BasicTerritories] Loading Config
SCRIPT       : [BasicTerritories] BaseDamage [Enabled]
SCRIPT       : File Opened from$profile:BasicTerritories\RaidHandlers.json
SCRIPT       : m_LoginTimeMs: 6200
SCRIPT       : ---- PlayerBase OnStoreLoad SUCCESS ----
SCRIPT       : [VPPAT] Player "RagnarokHaze" (steamId=76561198120496196) connected to server!
SCRIPT       : [PlayerListManager] AddReceiver ► added: PlayerIdentity<77d751c0>
SCRIPT    (E): [Object::GetMaxHealth] :: [Land_Wreck_sed01_aban2_police:0] :: No DamageSystemData or not initialized yet.
SCRIPT    (E): [Object::GetMaxHealth] :: [Land_Wreck_sed01_aban1_police:0] :: No DamageSystemData or not initialized yet.
SCRIPT    (E): [Object::GetMaxHealth] :: [Land_Wreck_hb01_aban2_police:0] :: No DamageSystemData or not initialized yet.
SCRIPT    (E): [Object::GetMaxHealth] :: [Land_Wreck_hb01_aban1_police:0] :: No DamageSystemData or not initialized yet.
SCRIPT    (E): [Object::GetMaxHealth] :: [Land_Wreck_Volha_Police:0] :: No DamageSystemData or not initialized yet.
SCRIPT       : [Permissions Manager] Admin (RagnarokHaze) (76561198120496196) Successfully Logged in!
SCRIPT       : ---- PlayerBase OnStoreLoad SUCCESS ----
SCRIPT       : [VPPAT] Player "Demon" (steamId=76561198103590483) connected to server!
SCRIPT       : [PlayerListManager] AddReceiver ► added: PlayerIdentity<f5831df0>
SCRIPT       : [emote] SurvivorM_Francis:02 play emote id=5 IH=null
SCRIPT       : string log =  '2023/3/4 |  [VPPAdminTools] Player 76561198103590483 attempted login, and failed! Total Attempts: 1'
SCRIPT       : string log =  '2023/3/4 |  [VPPAdminTools] Player 76561198103590483 attempted login, and failed! Total Attempts: 2'
SCRIPT       : [Permissions Manager] Admin (Demon) (76561198103590483) Successfully Logged in!
SCRIPT       : [BASICTERRITORIES] SyncTerritory Request From Client (AJk5kcQZDTuaz-cCbZ8GTKf_iBHCJgMbVw46_vFILMI=) Demon
SCRIPT       : [inv] ReplaceItemWithNewLambdaBase Step B) remove OK, loc={ type=HANDS item=AmmoBox_12gaSlug_10Rnd:04368 parent=SurvivorM_Francis:02 }
SCRIPT       : UnboxLambda::SetupNewMagazine new_item=Ammo_12gaSlug<f7b0f380> count=10
SCRIPT       : [inv] ReplaceItemWithNewLambdaBase Step B) remove OK, loc={ type=HANDS item=AmmoBox_12gaSlug_10Rnd:04287 parent=SurvivorM_Francis:02 }
SCRIPT       : UnboxLambda::SetupNewMagazine new_item=Ammo_12gaSlug<f7b14000> count=10
SCRIPT       : [inv] ReplaceItemWithNewLambdaBase Step B) remove OK, loc={ type=HANDS item=AmmoBox_12gaSlug_10Rnd:019095 parent=SurvivorM_Francis:02 }
SCRIPT       : UnboxLambda::SetupNewMagazine new_item=Ammo_12gaSlug<f7add9d0> count=10
SCRIPT       : [wpnfsm] Save occured in fsm transition! current state=WeaponChambering<111813b0> closes stable state=RSSLoaded<f9936910> id=3
SCRIPT       : [inv] ReplaceItemWithNewLambdaBase Step B) remove OK, loc={ type=HANDS item=AmmoBox_556x45_20Rnd:018806 parent=SurvivorM_Francis:02 }
SCRIPT       : UnboxLambda::SetupNewMagazine new_item=Ammo_556x45<f816dde0> count=20
SCRIPT       : [emote] SurvivorM_Oliver:03 play emote id=5 IH=null
SCRIPT       : [Logout]: New player AJk5kcQZDTuaz-cCbZ8GTKf_iBHCJgMbVw46_vFILMI= with logout time 2
SCRIPT       : Player "Demon" (steamid=76561198103590483) initiated disconnect process...
SCRIPT       : [Logout]: Player AJk5kcQZDTuaz-cCbZ8GTKf_iBHCJgMbVw46_vFILMI= finished
SCRIPT       : Player "Demon" (steamid=76561198103590483) disconnected from server.
SCRIPT       : [PlayerListManager] SyncEntryToReceivers ► uid: AJk5kcQZDTuaz-cCbZ8GTKf_iBHCJgMbVw46_vFILMI= isn't in the players list! sending a remove.
SCRIPT       : HandleOnPlayerDisconnected -> PlayerListManager.RemoveEntry ► AJk5kcQZDTuaz-cCbZ8GTKf_iBHCJgMbVw46_vFILMI=
SCRIPT       : [BASICTERRITORIES] SyncTerritory Request From Client (LzOLSM35tEk65hv7vEBmJ0AtF4UnrPAB6euQoKarWFQ=) RagnarokHaze
SCRIPT       : [Logout]: New player LzOLSM35tEk65hv7vEBmJ0AtF4UnrPAB6euQoKarWFQ= with logout time 2
SCRIPT       : Player "RagnarokHaze" (steamid=76561198120496196) initiated disconnect process...
SCRIPT       : Player "RagnarokHaze" (steamid=76561198120496196) disconnected early from server (EXIT NOW).
SCRIPT       : [Logout]: Player LzOLSM35tEk65hv7vEBmJ0AtF4UnrPAB6euQoKarWFQ= finished
SCRIPT       : Player "RagnarokHaze" (steamid=76561198120496196) disconnected from server.
SCRIPT       : [PlayerListManager] SyncEntryToReceivers ► uid: LzOLSM35tEk65hv7vEBmJ0AtF4UnrPAB6euQoKarWFQ= isn't in the players list! sending a remove.
SCRIPT       : HandleOnPlayerDisconnected -> PlayerListManager.RemoveEntry ► LzOLSM35tEk65hv7vEBmJ0AtF4UnrPAB6euQoKarWFQ=
