---------------------------------------------
Log C:\TCAFiles\Users\admin\1\instance\script_2023-03-02_06-31-26.log started at 02.03. 06:31:26

SCRIPT       : Registered 353 temporary action enum(s), UAN==353
SCRIPT    (W): @"Notifications/scripts/3_Game/client\notifications\notificationui.c,13": FIX-ME: Overriding function 'AddNotification' but not marked as 'override'
SCRIPT    (W): @"Notifications/scripts/3_Game/client\notifications\notificationui.c,46": FIX-ME: Overriding function 'UpdateTargetHeight' but not marked as 'override'
SCRIPT    (W): @"Notifications/scripts/3_Game/client\notifications\notificationui.c,81": FIX-ME: Overriding function 'RemoveNotification' but not marked as 'override'
SCRIPT    (W): @"BasicMap/scripts/3_Game/gui\basicmapmenu.c,556": FIX-ME: Overriding function 'LockControls' but not marked as 'override'
SCRIPT       : ... Backlit Effects Enabled
SCRIPT       : VPPNotificationManager()
SCRIPT       : [VPPAT] Internal VPPNotifications module loaded!
SCRIPT       : [DayZ Game]:: DayZGame(): Initializing V++ Admin Tools.
SCRIPT       : Default Mission: $saves:VPPDebugMissions/Debug.chernarusplus exists!
SCRIPT       : Default Mission: $saves:VPPDebugMissions/Debug.enoch exists!
SCRIPT    (W): @"BaseBuildingItemStackandRepair/scripts/4_World/classes\recipes\repair_basebuildingtoolstape.c,44": Missing ';' at the end of line
SCRIPT    (W): @"BaseBuildingPlus/scripts/4_World/items\bbp_base.c,321": FIX-ME: Overriding function 'IsRaidable' but not marked as 'override'
SCRIPT    (W): @"BaseBuildingPlus/scripts/4_World/items\bbp_base.c,326": FIX-ME: Overriding function 'IsFancyBBPItem' but not marked as 'override'
SCRIPT    (W): @"BaseBuildingPlus/scripts/4_World/items\bbp_base.c,399": FIX-ME: Overriding function 'CreateConstructionKit' but not marked as 'override'
SCRIPT    (W): @"BaseBuildingPlus/scripts/4_World/items\bbp_base.c,404": FIX-ME: Overriding function 'GetKitSpawnPosition' but not marked as 'override'
SCRIPT    (W): @"BaseBuildingPlus/scripts/4_World/items\bbp_base.c,416": FIX-ME: Overriding function 'GetConstructionKitType' but not marked as 'override'
SCRIPT    (W): @"BaseBuildingPlus/scripts/4_World/items\bbp_base.c,827": FIX-ME: Overriding function 'OnSetSlotLock' but not marked as 'override'
SCRIPT    (W): @"BaseBuildingPlus/scripts/4_World/bbp_building\bbp_floor\bbp_bfloor\bbp_bfloor.c,14": FIX-ME: Overriding function 'isFloor' but not marked as 'override'
SCRIPT    (W): @"BaseBuildingPlus/scripts/4_World/bbp_building\bbp_stair\mstair\bbp_bstair.c,24": FIX-ME: Overriding function 'isDismantle' but not marked as 'override'
SCRIPT    (W): @"BBPItemPack/Scripts/4_World/items\bbpa_base.c,49": FIX-ME: Overriding function 'IsFancyBBPAItem' but not marked as 'override'
SCRIPT    (W): @"BBPItemPack/Scripts/4_World/items\bbpa_base.c,103": FIX-ME: Overriding function 'FoldBaseBuildingObject' but not marked as 'override'
SCRIPT    (W): @"BBPItemPack/Scripts/4_World/items\bbpa_base.c,111": FIX-ME: Overriding function 'CreateConstructionKit' but not marked as 'override'
SCRIPT    (W): @"BBPItemPack/Scripts/4_World/items\bbpa_base.c,122": FIX-ME: Overriding function 'GetKitSpawnPosition' but not marked as 'override'
SCRIPT    (W): @"BBPItemPack/Scripts/4_World/items\bbpa_base.c,127": FIX-ME: Overriding function 'GetConstructionKitType' but not marked as 'override'
SCRIPT    (W): @"BBPItemPack/Scripts/4_World/items\bbpa_base.c,428": FIX-ME: Overriding function 'OnSetSlotLock' but not marked as 'override'
SCRIPT    (W): @"BBPItemPack/Scripts/4_World/items\well\bbp_well.c,13": FIX-ME: Overriding function 'IsWell' but not marked as 'override'
SCRIPT    (W): @"BBPItemPack/Scripts/4_World/items\well\bbp_well.c,236": FIX-ME: Overriding function 'OnPartDestroyedServer' but not marked as 'override'
SCRIPT    (W): @"VPPAdminTools/4_World/vppadmintools\plugins\pluginbase\webhooksmanager\classes\webhookmessagebase.c,53": Possible variable name conflict 'title'
SCRIPT    (W): @"VPPAdminTools/4_World/vppadmintools\plugins\pluginbase\webhooksmanager\classes\webhookmessagebase.c,53": Possible variable name conflict 'color'
SCRIPT    (W): @"BBPItemPack/Scripts/4_World/items\admintool\hammer.c,16": FIX-ME: Overriding function 'isBBPAAdminTool' but not marked as 'override'
SCRIPT    (W): @"ZenCatchRain/scripts/4_world/entities\manbase\playerbase.c,3": FIX-ME: Overriding function 'SetActions' but not marked as 'override'
SCRIPT    (W): @"BaseBuildingPlus/scripts/4_World/bbp_building\bbp_barb_fence\bbp_barb.c,28": FIX-ME: Overriding function 'CreateAreaDamage' but not marked as 'override'
SCRIPT    (W): @"BaseBuildingPlus/scripts/4_World/bbp_building\bbp_barb_fence\bbp_barb.c,78": FIX-ME: Overriding function 'UpdateBarbedWireAreaDamagePos' but not marked as 'override'
SCRIPT    (W): @"BaseBuildingPlus/scripts/4_World/bbp_building\bbp_pillar\bpillar\bbp_bpillar.c,9": FIX-ME: Overriding function 'isDismantle' but not marked as 'override'
SCRIPT    (W): @"BaseBuildingPlus/scripts/4_World/overrides\construction.c,72": FIX-ME: Overriding function 'DropNonUsableMaterialsServer' but not marked as 'override'
SCRIPT    (W): @"BaseBuildingPlus/scripts/4_World/bbp_building\bbp_floor\bbp_sfloor\bbp_sfloor.c,14": FIX-ME: Overriding function 'isFloor' but not marked as 'override'
SCRIPT    (W): @"BaseBuildingPlus/scripts/4_World/overrides\construction.c,189": FIX-ME: Overriding function 'SpawnConstructionMaterialPiles' but not marked as 'override'
SCRIPT    (W): @"BaseBuildingPlus/scripts/4_World/bbp_building\bbp_mesh_fence\bbp_barb.c,28": FIX-ME: Overriding function 'CreateAreaDamage' but not marked as 'override'
SCRIPT    (W): @"BaseBuildingPlus/scripts/4_World/bbp_building\bbp_mesh_fence\bbp_barb.c,78": FIX-ME: Overriding function 'UpdateBarbedWireAreaDamagePos' but not marked as 'override'
SCRIPT    (W): @"BBPItemPack/Scripts/4_World/items\land_claim_flags\bbp_admin_land_claim_flag.c,28": FIX-ME: Overriding function 'BBP_Destroy' but not marked as 'override'
SCRIPT    (W): @"BaseBuildingPlus/scripts/4_World/bbp_building\bbp_floor_hatch\bbp_floor_hatch.c,49": FIX-ME: Overriding function 'isFloor' but not marked as 'override'
SCRIPT    (W): @"BaseBuildingPlus/scripts/4_World/bbp_building\bbp_half_wall\bbp_half_swall\bbp_swall.c,14": FIX-ME: Overriding function 'isSmall' but not marked as 'override'
SCRIPT    (W): @"BBPItemPack/Scripts/4_World/items\xmas_lights\bbp_xmaslights_solar.c,20": FIX-ME: Overriding function 'TurnOnItem' but not marked as 'override'
SCRIPT    (W): @"BBPItemPack/Scripts/4_World/items\bed\bbp_bed.c,76": FIX-ME: Overriding function 'OpenFence' but not marked as 'override'
SCRIPT    (W): @"BBPItemPack/Scripts/4_World/items\bed\bbp_bed.c,98": FIX-ME: Overriding function 'CloseFence' but not marked as 'override'
SCRIPT    (W): @"BBPItemPack/Scripts/4_World/items\bed\bbp_bed.c,123": FIX-ME: Overriding function 'CheckFenceClosed' but not marked as 'override'
SCRIPT    (W): @"BaseBuildingPlus/scripts/4_World/bbp_building\bbp_stair\bstair\bbp_bstair.c,15": FIX-ME: Overriding function 'isDismantle' but not marked as 'override'
SCRIPT    (W): @"BBPItemPack/Scripts/4_World/overrides\construction.c,24": FIX-ME: Overriding function 'AdminBuildPartServer' but not marked as 'override'
SCRIPT    (W): @"BBPItemPack/Scripts/4_World/overrides\hologram.c,81": FIX-ME: Overriding function 'EvaluateCollision' but not marked as 'override'
SCRIPT    (W): @"BaseBuildingPlus/scripts/4_World/bbp_building\bbp_floor\bbp_floor_mesh\bbp_mesh.c,14": FIX-ME: Overriding function 'isFloor' but not marked as 'override'
SCRIPT    (W): @"VPPAdminTools/4_World/vppadmintools\plugins\pluginbase\webhooksmanager\classes\messagetypes\joinleavemessage.c,7": Possible variable name conflict 'guid'
SCRIPT    (W): @"VPPAdminTools/4_World/vppadmintools\plugins\pluginbase\webhooksmanager\classes\messagetypes\joinleavemessage.c,7": Possible variable name conflict 'details'
SCRIPT    (W): @"BBPItemPack/Scripts/4_World/items\bbpa_kit_base.c,86": FIX-ME: Overriding function 'NeededHologramBBPA' but not marked as 'override'
SCRIPT    (W): @"BaseBuildingPlus/scripts/4_World/bbp_building\bbp_slope_roof\bbp_slope_roof.c,14": FIX-ME: Overriding function 'isflat' but not marked as 'override'
SCRIPT    (W): @"BBPItemPack/Scripts/4_World/items\bed\bbp_bedkit.c,7": FIX-ME: Overriding function 'NeededHologramBBPA' but not marked as 'override'
SCRIPT    (W): @"BaseBuildingPlus/scripts/4_World/bbp_building\bbp_ramp\bramp\bbp_bramp.c,24": FIX-ME: Overriding function 'isDismantle' but not marked as 'override'
SCRIPT    (W): @"BBPItemPack/Scripts/4_World/items\gang_plug\bbp_gang_plug.c,3": FIX-ME: Overriding function 'EEInit' but not marked as 'override'
SCRIPT    (W): @"BBPItemPack/Scripts/4_World/items\gang_plug\bbp_gang_plug.c,89": FIX-ME: Overriding function 'OnOwnSocketTaken' but not marked as 'override'
SCRIPT    (W): @"BBPItemPack/Scripts/4_World/items\gang_plug\bbp_gang_plug.c,122": FIX-ME: Overriding function 'OnOwnSocketReleased' but not marked as 'override'
SCRIPT    (W): @"BaseBuildingPlus/scripts/4_World/bbp_building\bbp_stair\sstair\bbp_sstair.c,24": FIX-ME: Overriding function 'isDismantle' but not marked as 'override'
SCRIPT    (W): @"BBPItemPack/Scripts/4_World/items\sofa\bbp_sofakit.c,7": FIX-ME: Overriding function 'NeededHologramBBPA' but not marked as 'override'
SCRIPT    (W): @"BaseBuildingPlus/scripts/4_World/bbp_building\bbp_mesh_gate\bbp_mesh_gate.c,63": FIX-ME: Overriding function 'CreateAreaDamage' but not marked as 'override'
SCRIPT    (W): @"BaseBuildingPlus/scripts/4_World/bbp_building\bbp_mesh_gate\bbp_mesh_gate.c,113": FIX-ME: Overriding function 'UpdateBarbedWireAreaDamagePos' but not marked as 'override'
SCRIPT    (W): @"BBPItemPack/Scripts/4_World/items\sofa\bbp_sofa.c,76": FIX-ME: Overriding function 'OpenFence' but not marked as 'override'
SCRIPT    (W): @"BBPItemPack/Scripts/4_World/items\sofa\bbp_sofa.c,98": FIX-ME: Overriding function 'CloseFence' but not marked as 'override'
SCRIPT    (W): @"BBPItemPack/Scripts/4_World/items\sofa\bbp_sofa.c,123": FIX-ME: Overriding function 'CheckFenceClosed' but not marked as 'override'
SCRIPT    (W): @"BaseBuildingPlus/scripts/4_World/bbp_building\bbp_pillar\spillar\bbp_spillar.c,9": FIX-ME: Overriding function 'isDismantle' but not marked as 'override'
SCRIPT    (W): @"BBPItemPack/Scripts/4_World/items\xmas_lights\bbp_xmaslights_9v.c,28": FIX-ME: Overriding function 'TurnOnItem' but not marked as 'override'
SCRIPT    (W): @"BaseBuildingPlus/scripts/4_World/items\admintool\admin.c,16": FIX-ME: Overriding function 'isBBPAdminTool' but not marked as 'override'
SCRIPT    (W): @"BBPItemPack/Scripts/4_World/items\land_claim_flags\bbp_land_claim_pole.c,19": FIX-ME: Overriding function 'BBP_Destroy' but not marked as 'override'
SCRIPT    (W): @"VPPAdminTools/4_World/vppadmintools\plugins\pluginbase\admintools\admintools.c,60": No need to use 'Cast' for up-casting
SCRIPT    (W): @"ZenImmersiveLogin/scripts/4_world/entities\manbase\playerbase.c,118": Unsafe down-casting, use 'PPERequester_ZenSpawnEffects.Cast' for safe down-casting
SCRIPT    (W): @"ZenImmersiveLogin/scripts/4_world/entities\manbase\playerbase.c,147": Unsafe down-casting, use 'PPERequester_ZenSpawnEffects.Cast' for safe down-casting
SCRIPT    (W): @"BBPItemPack/Scripts/4_World/items\solar\bbp_solarplus.c,146": Unsafe down-casting, use 'ItemBase.Cast' for safe down-casting
SCRIPT    (W): @"VPPAdminTools/5_Mission/vppadmintools\gui\submenus\menuobjectmanager\menuobjectmanager.c,203": Missing ';' at the end of line
SCRIPT    (W): @"VPPAdminTools/5_Mission/vppadmintools\gui\vppadminhud.c,126": Unsafe down-casting, use 'MenuObjectManager.Cast' for safe down-casting
SCRIPT    (W): @"VPPAdminTools/5_Mission/vppadmintools\gui\submenus\menuesptools\esptoolsmenu.c,580": Unsafe down-casting, use 'EntityAI.Cast' for safe down-casting
SCRIPT    (W): @"VPPAdminTools/5_Mission/vppadmintools\gui\submenus\menuplayermanager\menuplayermanager.c,71": FIX-ME: Callbacks do not properly support overloaded methods 'OnUpdate'
SCRIPT    (W): @"VPPAdminTools/5_Mission/vppadmintools\missiondebug.c,38": Unsafe down-casting, use 'PlayerBase.Cast' for safe down-casting
SCRIPT    (W): @"ZenPersistentTrees/scripts/5_mission/mission\missionserver.c,44": Unsafe down-casting, use 'EntityAI.Cast' for safe down-casting
SCRIPT    (W): @"BBPItemPack/scripts/5_Mission/missiongameplay.c,47": Unsafe down-casting, use 'PlayerBase.Cast' for safe down-casting
SCRIPT       : Vanilla++ AdminTools Plugins Registering..
SCRIPT       : [ZenLeftovers] Init
SCRIPT       : [WebHooksManager] Loading Saved Webhooks configuration
SCRIPT       : [BasicMap] Init Server
SCRIPT       : 02.03.2023 06:31:40 [ServerPanelLogger]: INFO: Switching to logfile: $profile:ServerPanel_02-03-2023_06-31-40.log
SCRIPT       : [BBP] 'BBP_Settings' found, loading...
SCRIPT       : [BBPA] 'BBPItemPack_Settings' found, loading...
SCRIPT       : [SchanaParty] BasicMap Register RPCs
SCRIPT       : [SchanaParty] BasicMap Server Init
SCRIPT       : [MissionServer] OnInit - Server
SCRIPT       : [ZenCOD] OnInit
SCRIPT       : [ZenCOD] Init
SCRIPT       : [ZenFirewoodConfig] Init
SCRIPT       : [ZenGunMoveSounds] OnInit
SCRIPT       : [ZenGunMoveSoundsConfig] Init
SCRIPT       : [ZenPersistentTrees] OnInit
SCRIPT       : [ZenTreesConfig] Init
SCRIPT       : [Notifications] OnInit
SCRIPT       : [Notifications] Loading Config
SCRIPT       : [SchanaParty] OnInit
SCRIPT       : [SchanaParty] Server Init 1.4.0
SCRIPT       : [SchanaParty] PartyMarker Server Init
SCRIPT       : [ZenLeftovers] OnInit
SCRIPT       : [ZenNotes] OnInit
SCRIPT       : [ZenNotesConfig] Init
SCRIPT       : [MissionServer] OnMissionStart - Server
SCRIPT       : string dirtyName = 'EpsilonCommunity|VANILLA+|MANYZOMBIES|SURVIVALTOOLS'
SCRIPT       : [BASICTERRITORIES] m_TerritoryOwner: o5HWVdrZGjRLVWCRLeFPjlS7Bd5U2Iln-bmmqP_I_-I= Pos: <3394.625977, 221.955887, 13772.437500>
SCRIPT       : = = = = = = = = = = = = = = =
SCRIPT       : =  Territory Members Debug  =
SCRIPT       : = - - - - - - - - - - - - - =
SCRIPT       : Array count: 1
SCRIPT       : [0] => LzOLSM35tEk65hv7vEBmJ0AtF4UnrPAB6euQoKarWFQ=
SCRIPT       : = = = = = = = = = = = = = = =
SCRIPT       : [BASICTERRITORIES] m_TerritoryOwner: LzOLSM35tEk65hv7vEBmJ0AtF4UnrPAB6euQoKarWFQ= Pos: <6479.211426, 287.188324, 7413.159180>
SCRIPT       : = = = = = = = = = = = = = = =
SCRIPT       : =  Territory Members Debug  =
SCRIPT       : = - - - - - - - - - - - - - =
SCRIPT       : Array count: 1
SCRIPT       : [0] => o5HWVdrZGjRLVWCRLeFPjlS7Bd5U2Iln-bmmqP_I_-I=
SCRIPT       : = = = = = = = = = = = = = = =
SCRIPT    (E): [EntityAI::OnStoreLoad] :: [WARNING] :: Scripted variables corrupted upon "CivilianSedan".
Entity will not be loaded correctly.
Function: 'main'
Stack trace:
$CurrentDir:mpmissions\dayzOffline.chernarusplus\init.c:6
SCRIPT    (E): [EntityAI::OnStoreLoad] :: [WARNING] :: Scripted variables corrupted upon "CivilianSedan".
Entity will not be loaded correctly.
Function: 'main'
Stack trace:
$CurrentDir:mpmissions\dayzOffline.chernarusplus\init.c:6
SCRIPT    (E): [EntityAI::OnStoreLoad] :: [WARNING] :: Scripted variables corrupted upon "Hatchback_02".
Entity will not be loaded correctly.
Function: 'main'
Stack trace:
$CurrentDir:mpmissions\dayzOffline.chernarusplus\init.c:6
SCRIPT    (E): [EntityAI::OnStoreLoad] :: [WARNING] :: Scripted variables corrupted upon "Hatchback_02".
Entity will not be loaded correctly.
Function: 'main'
Stack trace:
$CurrentDir:mpmissions\dayzOffline.chernarusplus\init.c:6
SCRIPT    (E): [EntityAI::OnStoreLoad] :: [WARNING] :: Scripted variables corrupted upon "Hatchback_02_Black".
Entity will not be loaded correctly.
Function: 'main'
Stack trace:
$CurrentDir:mpmissions\dayzOffline.chernarusplus\init.c:6
SCRIPT    (E): [EntityAI::OnStoreLoad] :: [WARNING] :: Scripted variables corrupted upon "OffroadHatchback".
Entity will not be loaded correctly.
Function: 'main'
Stack trace:
$CurrentDir:mpmissions\dayzOffline.chernarusplus\init.c:6
SCRIPT    (E): [EntityAI::OnStoreLoad] :: [WARNING] :: Scripted variables corrupted upon "OffroadHatchback_Blue".
Entity will not be loaded correctly.
Function: 'main'
Stack trace:
$CurrentDir:mpmissions\dayzOffline.chernarusplus\init.c:6
SCRIPT    (E): [EntityAI::OnStoreLoad] :: [WARNING] :: Scripted variables corrupted upon "OffroadHatchback_White".
Entity will not be loaded correctly.
Function: 'main'
Stack trace:
$CurrentDir:mpmissions\dayzOffline.chernarusplus\init.c:6
SCRIPT    (E): [EntityAI::OnStoreLoad] :: [WARNING] :: Scripted variables corrupted upon "OffroadHatchback_Blue".
Entity will not be loaded correctly.
Function: 'main'
Stack trace:
$CurrentDir:mpmissions\dayzOffline.chernarusplus\init.c:6
SCRIPT    (E): [EntityAI::OnStoreLoad] :: [WARNING] :: Scripted variables corrupted upon "Sedan_02_Red".
Entity will not be loaded correctly.
Function: 'main'
Stack trace:
$CurrentDir:mpmissions\dayzOffline.chernarusplus\init.c:6
SCRIPT    (E): [EntityAI::OnStoreLoad] :: [WARNING] :: Scripted variables corrupted upon "Sedan_02".
Entity will not be loaded correctly.
Function: 'main'
Stack trace:
$CurrentDir:mpmissions\dayzOffline.chernarusplus\init.c:6
SCRIPT    (E): [EntityAI::OnStoreLoad] :: [WARNING] :: Scripted variables corrupted upon "Sedan_02_Grey".
Entity will not be loaded correctly.
Function: 'main'
Stack trace:
$CurrentDir:mpmissions\dayzOffline.chernarusplus\init.c:6
SCRIPT    (E): [EntityAI::OnStoreLoad] :: [WARNING] :: Scripted variables corrupted upon "Truck_01_Covered_Orange".
Entity will not be loaded correctly.
Function: 'main'
Stack trace:
$CurrentDir:mpmissions\dayzOffline.chernarusplus\init.c:6
SCRIPT    (E): [EntityAI::OnStoreLoad] :: [WARNING] :: Scripted variables corrupted upon "Truck_01_Covered_Blue".
Entity will not be loaded correctly.
Function: 'main'
Stack trace:
$CurrentDir:mpmissions\dayzOffline.chernarusplus\init.c:6
SCRIPT    (E): [EntityAI::OnStoreLoad] :: [WARNING] :: Scripted variables corrupted upon "Truck_01_Covered_Orange".
Entity will not be loaded correctly.
Function: 'main'
Stack trace:
$CurrentDir:mpmissions\dayzOffline.chernarusplus\init.c:6
SCRIPT    (E): [EntityAI::OnStoreLoad] :: [WARNING] :: Scripted variables corrupted upon "Truck_01_Covered".
Entity will not be loaded correctly.
Function: 'main'
Stack trace:
$CurrentDir:mpmissions\dayzOffline.chernarusplus\init.c:6
SCRIPT    (E): [EntityAI::OnStoreLoad] :: [WARNING] :: Scripted variables corrupted upon "Truck_01_Covered".
Entity will not be loaded correctly.
Function: 'main'
Stack trace:
$CurrentDir:mpmissions\dayzOffline.chernarusplus\init.c:6
SCRIPT    (E): [EntityAI::OnStoreLoad] :: [WARNING] :: Scripted variables corrupted upon "CivilianSedan_Black".
Entity will not be loaded correctly.
Function: 'main'
Stack trace:
$CurrentDir:mpmissions\dayzOffline.chernarusplus\init.c:6
SCRIPT    (E): [EntityAI::OnStoreLoad] :: [WARNING] :: Scripted variables corrupted upon "CivilianSedan_Black".
Entity will not be loaded correctly.
Function: 'main'
Stack trace:
$CurrentDir:mpmissions\dayzOffline.chernarusplus\init.c:6
SCRIPT    (E): [EntityAI::OnStoreLoad] :: [WARNING] :: Scripted variables corrupted upon "CivilianSedan_Wine".
Entity will not be loaded correctly.
Function: 'main'
Stack trace:
$CurrentDir:mpmissions\dayzOffline.chernarusplus\init.c:6
SCRIPT    (E): [EntityAI::OnStoreLoad] :: [WARNING] :: Scripted variables corrupted upon "Truck_01_Covered_Orange".
Entity will not be loaded correctly.
Function: 'main'
Stack trace:
$CurrentDir:mpmissions\dayzOffline.chernarusplus\init.c:6
SCRIPT    (E): [EntityAI::OnStoreLoad] :: [WARNING] :: Scripted variables corrupted upon "Sedan_02_Grey".
Entity will not be loaded correctly.
Function: 'main'
Stack trace:
$CurrentDir:mpmissions\dayzOffline.chernarusplus\init.c:6
SCRIPT    (E): [EntityAI::OnStoreLoad] :: [WARNING] :: Scripted variables corrupted upon "Sedan_02_Red".
Entity will not be loaded correctly.
Function: 'main'
Stack trace:
$CurrentDir:mpmissions\dayzOffline.chernarusplus\init.c:6
SCRIPT    (E): [EntityAI::OnStoreLoad] :: [WARNING] :: Scripted variables corrupted upon "Hatchback_02".
Entity will not be loaded correctly.
Function: 'main'
Stack trace:
$CurrentDir:mpmissions\dayzOffline.chernarusplus\init.c:6
SCRIPT    (E): [EntityAI::OnStoreLoad] :: [WARNING] :: Scripted variables corrupted upon "Truck_01_Covered_Blue".
Entity will not be loaded correctly.
Function: 'main'
Stack trace:
$CurrentDir:mpmissions\dayzOffline.chernarusplus\init.c:6
SCRIPT    (E): [EntityAI::OnStoreLoad] :: [WARNING] :: Scripted variables corrupted upon "Offroad_02".
Entity will not be loaded correctly.
Function: 'main'
Stack trace:
$CurrentDir:mpmissions\dayzOffline.chernarusplus\init.c:6
SCRIPT    (E): [EntityAI::OnStoreLoad] :: [WARNING] :: Scripted variables corrupted upon "Hatchback_02".
Entity will not be loaded correctly.
Function: 'main'
Stack trace:
$CurrentDir:mpmissions\dayzOffline.chernarusplus\init.c:6
SCRIPT    (E): [EntityAI::OnStoreLoad] :: [WARNING] :: Scripted variables corrupted upon "Truck_01_Covered_Orange".
Entity will not be loaded correctly.
Function: 'main'
Stack trace:
$CurrentDir:mpmissions\dayzOffline.chernarusplus\init.c:6
SCRIPT    (E): [EntityAI::OnStoreLoad] :: [WARNING] :: Scripted variables corrupted upon "Truck_01_Covered_Blue".
Entity will not be loaded correctly.
Function: 'main'
Stack trace:
$CurrentDir:mpmissions\dayzOffline.chernarusplus\init.c:6
SCRIPT    (E): [EntityAI::OnStoreLoad] :: [WARNING] :: Scripted variables corrupted upon "Offroad_02".
Entity will not be loaded correctly.
Function: 'main'
Stack trace:
$CurrentDir:mpmissions\dayzOffline.chernarusplus\init.c:6
SCRIPT    (E): [EntityAI::OnStoreLoad] :: [WARNING] :: Scripted variables corrupted upon "Sedan_02_Grey".
Entity will not be loaded correctly.
Function: 'main'
Stack trace:
$CurrentDir:mpmissions\dayzOffline.chernarusplus\init.c:6
SCRIPT    (E): [EntityAI::OnStoreLoad] :: [WARNING] :: Scripted variables corrupted upon "CivilianSedan".
Entity will not be loaded correctly.
Function: 'main'
Stack trace:
$CurrentDir:mpmissions\dayzOffline.chernarusplus\init.c:6
SCRIPT    (E): [EntityAI::OnStoreLoad] :: [WARNING] :: Scripted variables corrupted upon "Hatchback_02_Blue".
Entity will not be loaded correctly.
Function: 'main'
Stack trace:
$CurrentDir:mpmissions\dayzOffline.chernarusplus\init.c:6
SCRIPT    (E): [EntityAI::OnStoreLoad] :: [WARNING] :: Scripted variables corrupted upon "CivilianSedan_Black".
Entity will not be loaded correctly.
Function: 'main'
Stack trace:
$CurrentDir:mpmissions\dayzOffline.chernarusplus\init.c:6
SCRIPT    (E): [EntityAI::OnStoreLoad] :: [WARNING] :: Scripted variables corrupted upon "Sedan_02".
Entity will not be loaded correctly.
Function: 'main'
Stack trace:
$CurrentDir:mpmissions\dayzOffline.chernarusplus\init.c:6
SCRIPT    (E): [EntityAI::OnStoreLoad] :: [WARNING] :: Scripted variables corrupted upon "OffroadHatchback".
Entity will not be loaded correctly.
Function: 'main'
Stack trace:
$CurrentDir:mpmissions\dayzOffline.chernarusplus\init.c:6
SCRIPT    (E): [EntityAI::OnStoreLoad] :: [WARNING] :: Scripted variables corrupted upon "CivilianSedan_Wine".
Entity will not be loaded correctly.
Function: 'main'
Stack trace:
$CurrentDir:mpmissions\dayzOffline.chernarusplus\init.c:6
SCRIPT    (E): [EntityAI::OnStoreLoad] :: [WARNING] :: Scripted variables corrupted upon "OffroadHatchback".
Entity will not be loaded correctly.
Function: 'main'
Stack trace:
$CurrentDir:mpmissions\dayzOffline.chernarusplus\init.c:6
SCRIPT    (E): [EntityAI::OnStoreLoad] :: [WARNING] :: Scripted variables corrupted upon "OffroadHatchback_White".
Entity will not be loaded correctly.
Function: 'main'
Stack trace:
$CurrentDir:mpmissions\dayzOffline.chernarusplus\init.c:6
SCRIPT    (E): [EntityAI::OnStoreLoad] :: [WARNING] :: Scripted variables corrupted upon "Hatchback_02_Black".
Entity will not be loaded correctly.
Function: 'main'
Stack trace:
$CurrentDir:mpmissions\dayzOffline.chernarusplus\init.c:6
SCRIPT    (E): [EntityAI::OnStoreLoad] :: [WARNING] :: Scripted variables corrupted upon "Hatchback_02_Black".
Entity will not be loaded correctly.
Function: 'main'
Stack trace:
$CurrentDir:mpmissions\dayzOffline.chernarusplus\init.c:6
SCRIPT    (E): [EntityAI::OnStoreLoad] :: [WARNING] :: Scripted variables corrupted upon "OffroadHatchback".
Entity will not be loaded correctly.
Function: 'main'
Stack trace:
$CurrentDir:mpmissions\dayzOffline.chernarusplus\init.c:6
SCRIPT    (E): [EntityAI::OnStoreLoad] :: [WARNING] :: Scripted variables corrupted upon "Offroad_02".
Entity will not be loaded correctly.
Function: 'main'
Stack trace:
$CurrentDir:mpmissions\dayzOffline.chernarusplus\init.c:6
SCRIPT    (E): [EntityAI::OnStoreLoad] :: [WARNING] :: Scripted variables corrupted upon "Sedan_02_Grey".
Entity will not be loaded correctly.
Function: 'main'
Stack trace:
$CurrentDir:mpmissions\dayzOffline.chernarusplus\init.c:6
SCRIPT    (E): [EntityAI::OnStoreLoad] :: [WARNING] :: Scripted variables corrupted upon "Truck_01_Covered".
Entity will not be loaded correctly.
Function: 'main'
Stack trace:
$CurrentDir:mpmissions\dayzOffline.chernarusplus\init.c:6
SCRIPT    (E): [EntityAI::OnStoreLoad] :: [WARNING] :: Scripted variables corrupted upon "Truck_01_Covered_Orange".
Entity will not be loaded correctly.
Function: 'main'
Stack trace:
$CurrentDir:mpmissions\dayzOffline.chernarusplus\init.c:6
SCRIPT       : [BasicTerritories] OnInit
SCRIPT       : [BasicTerritories] Loading Config
SCRIPT       : [BasicTerritories] BaseDamage [Enabled]
SCRIPT       : File Opened from$profile:BasicTerritories\RaidHandlers.json
SCRIPT       : m_LoginTimeMs: 6200
SCRIPT       : ---- PlayerBase OnStoreLoad SUCCESS ----
SCRIPT       : [VPPAT] Player "RagnarokHaze" (steamId=76561198120496196) connected to server!
SCRIPT       : [PlayerListManager] AddReceiver ► added: PlayerIdentity<76305df0>
SCRIPT    (E): [Object::GetMaxHealth] :: [Land_Wreck_sed01_aban2_police:0] :: No DamageSystemData or not initialized yet.
SCRIPT    (E): [Object::GetMaxHealth] :: [Land_Wreck_sed01_aban1_police:0] :: No DamageSystemData or not initialized yet.
SCRIPT    (E): [Object::GetMaxHealth] :: [Land_Wreck_hb01_aban2_police:0] :: No DamageSystemData or not initialized yet.
SCRIPT    (E): [Object::GetMaxHealth] :: [Land_Wreck_hb01_aban1_police:0] :: No DamageSystemData or not initialized yet.
SCRIPT    (E): [Object::GetMaxHealth] :: [Land_Wreck_Volha_Police:0] :: No DamageSystemData or not initialized yet.
SCRIPT       : [wpnfsm] Save occured in fsm transition! current state=WeaponDryFire<e1eeec20> closes stable state=SKS_OPN_BU0<e1eee440> id=3
SCRIPT       : [Logout]: New player LzOLSM35tEk65hv7vEBmJ0AtF4UnrPAB6euQoKarWFQ= with logout time 2
SCRIPT       : Player "RagnarokHaze" (steamid=76561198120496196) initiated disconnect process...
SCRIPT       : [emote] SurvivorM_Cyril:01 play emote id=14 IH=WaterBottle:028154
SCRIPT       : [Logout]: Player LzOLSM35tEk65hv7vEBmJ0AtF4UnrPAB6euQoKarWFQ= finished
SCRIPT       : Player "RagnarokHaze" (steamid=76561198120496196) disconnected from server.
SCRIPT       : [PlayerListManager] SyncEntryToReceivers ► uid: LzOLSM35tEk65hv7vEBmJ0AtF4UnrPAB6euQoKarWFQ= isn't in the players list! sending a remove.
SCRIPT       : HandleOnPlayerDisconnected -> PlayerListManager.RemoveEntry ► LzOLSM35tEk65hv7vEBmJ0AtF4UnrPAB6euQoKarWFQ=
SCRIPT       : ---- PlayerBase OnStoreLoad SUCCESS ----
SCRIPT       : [VPPAT] Player "Cappy" (steamId=76561198079984427) connected to server!
SCRIPT       : [PlayerListManager] AddReceiver ► added: PlayerIdentity<e20eca30>
SCRIPT       : ---- PlayerBase OnStoreLoad SUCCESS ----
SCRIPT       : [VPPAT] Player "RagnarokHaze" (steamId=76561198120496196) connected to server!
SCRIPT       : [PlayerListManager] AddReceiver ► added: PlayerIdentity<e20f3490>
SCRIPT       : [emote] SurvivorM_Cyril:02 play emote id=5 IH=WaterBottle:012457
SCRIPT       : [Logout]: New player o5HWVdrZGjRLVWCRLeFPjlS7Bd5U2Iln-bmmqP_I_-I= with logout time 2
SCRIPT       : Player "Cappy" (steamid=76561198079984427) initiated disconnect process...
SCRIPT       : [emote] SurvivorF_Maria:01 play emote id=14 IH=null
SCRIPT       : Player "Cappy" (steamid=76561198079984427) disconnected early from server (EXIT NOW).
SCRIPT       : [Logout]: Player o5HWVdrZGjRLVWCRLeFPjlS7Bd5U2Iln-bmmqP_I_-I= finished
SCRIPT       : [PlayerListManager] SyncEntryToReceivers ► uid: o5HWVdrZGjRLVWCRLeFPjlS7Bd5U2Iln-bmmqP_I_-I= isn't in the players list! sending a remove.
SCRIPT       : PlayerDisconnected -> PlayerListManager.RemoveEntry ► o5HWVdrZGjRLVWCRLeFPjlS7Bd5U2Iln-bmmqP_I_-I=
SCRIPT       : ---- PlayerBase OnStoreLoad SUCCESS ----
SCRIPT       : [VPPAT] Player "Cappy" (steamId=76561198079984427) connected to server!
SCRIPT       : [PlayerListManager] AddReceiver ► added: PlayerIdentity<e20ea920>
SCRIPT       : [emote] SurvivorF_Maria:01 play emote id=5 IH=null
SCRIPT       : [BASICTERRITORIES] SyncTerritory Request From Client (LzOLSM35tEk65hv7vEBmJ0AtF4UnrPAB6euQoKarWFQ=) RagnarokHaze
SCRIPT       : [BASICTERRITORIES] SyncTerritory Request From Client (LzOLSM35tEk65hv7vEBmJ0AtF4UnrPAB6euQoKarWFQ=) RagnarokHaze
SCRIPT       : [BASICTERRITORIES] SyncTerritory Request From Client (o5HWVdrZGjRLVWCRLeFPjlS7Bd5U2Iln-bmmqP_I_-I=) Cappy
SCRIPT       : [Permissions Manager] Admin (Cappy) (76561198079984427) Successfully Logged in!
SCRIPT       : [BASICTERRITORIES] SyncTerritory Request From Client (o5HWVdrZGjRLVWCRLeFPjlS7Bd5U2Iln-bmmqP_I_-I=) Cappy
SCRIPT       : [BASICTERRITORIES] SyncTerritory Request From Client (o5HWVdrZGjRLVWCRLeFPjlS7Bd5U2Iln-bmmqP_I_-I=) Cappy
SCRIPT       : [BASICTERRITORIES] SyncTerritory Request From Client (o5HWVdrZGjRLVWCRLeFPjlS7Bd5U2Iln-bmmqP_I_-I=) Cappy
SCRIPT       : [BASICTERRITORIES] SyncTerritory Request From Client (o5HWVdrZGjRLVWCRLeFPjlS7Bd5U2Iln-bmmqP_I_-I=) Cappy
SCRIPT       : [Permissions Manager] Admin (RagnarokHaze) (76561198120496196) Successfully Logged in!
SCRIPT       : [BASICTERRITORIES] SyncTerritory Request From Client (o5HWVdrZGjRLVWCRLeFPjlS7Bd5U2Iln-bmmqP_I_-I=) Cappy
SCRIPT       : [BASICTERRITORIES] SyncTerritory Request From Client (o5HWVdrZGjRLVWCRLeFPjlS7Bd5U2Iln-bmmqP_I_-I=) Cappy
SCRIPT       : [BASICTERRITORIES] SyncTerritory Request From Client (LzOLSM35tEk65hv7vEBmJ0AtF4UnrPAB6euQoKarWFQ=) RagnarokHaze
SCRIPT       : [inv] ReplaceItemWithNewLambdaBase Step B) remove OK, loc={ type=HANDS item=BakedBeansCan:022910 parent=SurvivorM_Cyril:02 }
SCRIPT       : [inv] ReplaceItemWithNewLambdaBase Step B) remove OK, loc={ type=HANDS item=BakedBeansCan_Opened:022609 parent=SurvivorM_Cyril:02 }
SCRIPT       : [BASICTERRITORIES] SyncTerritory Request From Client (o5HWVdrZGjRLVWCRLeFPjlS7Bd5U2Iln-bmmqP_I_-I=) Cappy
SCRIPT       : [BASICTERRITORIES] SyncTerritory Request From Client (LzOLSM35tEk65hv7vEBmJ0AtF4UnrPAB6euQoKarWFQ=) RagnarokHaze
SCRIPT       : [BASICTERRITORIES] SyncTerritory Request From Client (o5HWVdrZGjRLVWCRLeFPjlS7Bd5U2Iln-bmmqP_I_-I=) Cappy
SCRIPT       : [BASICTERRITORIES] SyncTerritory Request From Client (o5HWVdrZGjRLVWCRLeFPjlS7Bd5U2Iln-bmmqP_I_-I=) Cappy
SCRIPT       : [BASICTERRITORIES] SyncTerritory Request From Client (LzOLSM35tEk65hv7vEBmJ0AtF4UnrPAB6euQoKarWFQ=) RagnarokHaze
SCRIPT       : [BASICTERRITORIES] SyncTerritory Request From Client (o5HWVdrZGjRLVWCRLeFPjlS7Bd5U2Iln-bmmqP_I_-I=) Cappy
SCRIPT       : [BASICTERRITORIES] SyncTerritory Request From Client (LzOLSM35tEk65hv7vEBmJ0AtF4UnrPAB6euQoKarWFQ=) RagnarokHaze
SCRIPT       : [BASICTERRITORIES] SyncTerritory Request From Client (o5HWVdrZGjRLVWCRLeFPjlS7Bd5U2Iln-bmmqP_I_-I=) Cappy
SCRIPT       : [BASICTERRITORIES] SyncTerritory Request From Client (o5HWVdrZGjRLVWCRLeFPjlS7Bd5U2Iln-bmmqP_I_-I=) Cappy
SCRIPT       : [BASICTERRITORIES] SyncTerritory Request From Client (LzOLSM35tEk65hv7vEBmJ0AtF4UnrPAB6euQoKarWFQ=) RagnarokHaze
SCRIPT       : [BASICTERRITORIES] SyncTerritory Request From Client (o5HWVdrZGjRLVWCRLeFPjlS7Bd5U2Iln-bmmqP_I_-I=) Cappy
SCRIPT       : [BASICTERRITORIES] SyncTerritory Request From Client (o5HWVdrZGjRLVWCRLeFPjlS7Bd5U2Iln-bmmqP_I_-I=) Cappy
SCRIPT       : [BASICTERRITORIES] SyncTerritory Request From Client (LzOLSM35tEk65hv7vEBmJ0AtF4UnrPAB6euQoKarWFQ=) RagnarokHaze
SCRIPT       : [BASICTERRITORIES] SyncTerritory Request From Client (LzOLSM35tEk65hv7vEBmJ0AtF4UnrPAB6euQoKarWFQ=) RagnarokHaze
SCRIPT       : [BASICTERRITORIES] SyncTerritory Request From Client (o5HWVdrZGjRLVWCRLeFPjlS7Bd5U2Iln-bmmqP_I_-I=) Cappy
SCRIPT       : [BASICTERRITORIES] SyncTerritory Request From Client (o5HWVdrZGjRLVWCRLeFPjlS7Bd5U2Iln-bmmqP_I_-I=) Cappy
SCRIPT       : [BASICTERRITORIES] SyncTerritory Request From Client (LzOLSM35tEk65hv7vEBmJ0AtF4UnrPAB6euQoKarWFQ=) RagnarokHaze
SCRIPT       : [BASICTERRITORIES] SyncTerritory Request From Client (o5HWVdrZGjRLVWCRLeFPjlS7Bd5U2Iln-bmmqP_I_-I=) Cappy
SCRIPT       : [BASICTERRITORIES] SyncTerritory Request From Client (LzOLSM35tEk65hv7vEBmJ0AtF4UnrPAB6euQoKarWFQ=) RagnarokHaze
SCRIPT       : [BASICTERRITORIES] SyncTerritory Request From Client (o5HWVdrZGjRLVWCRLeFPjlS7Bd5U2Iln-bmmqP_I_-I=) Cappy
SCRIPT       : [BASICTERRITORIES] SyncTerritory Request From Client (LzOLSM35tEk65hv7vEBmJ0AtF4UnrPAB6euQoKarWFQ=) RagnarokHaze
SCRIPT       : [BASICTERRITORIES] SyncTerritory Request From Client (o5HWVdrZGjRLVWCRLeFPjlS7Bd5U2Iln-bmmqP_I_-I=) Cappy
SCRIPT       : [BASICTERRITORIES] SyncTerritory Request From Client (LzOLSM35tEk65hv7vEBmJ0AtF4UnrPAB6euQoKarWFQ=) RagnarokHaze
SCRIPT       : [BASICTERRITORIES] SyncTerritory Request From Client (LzOLSM35tEk65hv7vEBmJ0AtF4UnrPAB6euQoKarWFQ=) RagnarokHaze
SCRIPT       : [BASICTERRITORIES] SyncTerritory Request From Client (o5HWVdrZGjRLVWCRLeFPjlS7Bd5U2Iln-bmmqP_I_-I=) Cappy
SCRIPT       : [BASICTERRITORIES] SyncTerritory Request From Client (LzOLSM35tEk65hv7vEBmJ0AtF4UnrPAB6euQoKarWFQ=) RagnarokHaze
SCRIPT       : [BASICTERRITORIES] SyncTerritory Request From Client (o5HWVdrZGjRLVWCRLeFPjlS7Bd5U2Iln-bmmqP_I_-I=) Cappy
SCRIPT       : [BASICTERRITORIES] SyncTerritory Request From Client (LzOLSM35tEk65hv7vEBmJ0AtF4UnrPAB6euQoKarWFQ=) RagnarokHaze
SCRIPT       : [BASICTERRITORIES] SyncTerritory Request From Client (o5HWVdrZGjRLVWCRLeFPjlS7Bd5U2Iln-bmmqP_I_-I=) Cappy
SCRIPT       : [BASICTERRITORIES] SyncTerritory Request From Client (o5HWVdrZGjRLVWCRLeFPjlS7Bd5U2Iln-bmmqP_I_-I=) Cappy
SCRIPT       : [BASICTERRITORIES] SyncTerritory Request From Client (o5HWVdrZGjRLVWCRLeFPjlS7Bd5U2Iln-bmmqP_I_-I=) Cappy
SCRIPT       : [BASICTERRITORIES] SyncTerritory Request From Client (o5HWVdrZGjRLVWCRLeFPjlS7Bd5U2Iln-bmmqP_I_-I=) Cappy
SCRIPT       : ---- PlayerBase OnStoreLoad SUCCESS ----
SCRIPT       : [VPPAT] Player "goof" (steamId=76561198103590483) connected to server!
SCRIPT       : [PlayerListManager] AddReceiver ► added: PlayerIdentity<e20fc000>
SCRIPT       : [emote] SurvivorM_Taiki:03 play emote id=5 IH=Shovel:022043
SCRIPT       : [emote] SurvivorM_Taiki:03 play emote id=11 IH=SKS:020688
SCRIPT       : [emote] SurvivorM_Francis:04 play emote id=5 IH=null
SCRIPT       : [BASICTERRITORIES] SyncTerritory Request From Client (LzOLSM35tEk65hv7vEBmJ0AtF4UnrPAB6euQoKarWFQ=) RagnarokHaze
SCRIPT       : [Logout]: New player AJk5kcQZDTuaz-cCbZ8GTKf_iBHCJgMbVw46_vFILMI= with logout time 2
SCRIPT       : Player "goof" (steamid=76561198103590483) initiated disconnect process...
SCRIPT       : [emote] SurvivorM_Francis:04 play emote id=14 IH=Mp133Shotgun:018612
SCRIPT       : [Logout]: Player AJk5kcQZDTuaz-cCbZ8GTKf_iBHCJgMbVw46_vFILMI= finished
SCRIPT       : Player "goof" (steamid=76561198103590483) disconnected from server.
SCRIPT       : [PlayerListManager] SyncEntryToReceivers ► uid: AJk5kcQZDTuaz-cCbZ8GTKf_iBHCJgMbVw46_vFILMI= isn't in the players list! sending a remove.
SCRIPT       : HandleOnPlayerDisconnected -> PlayerListManager.RemoveEntry ► AJk5kcQZDTuaz-cCbZ8GTKf_iBHCJgMbVw46_vFILMI=
SCRIPT       : [BASICTERRITORIES] SyncTerritory Request From Client (LzOLSM35tEk65hv7vEBmJ0AtF4UnrPAB6euQoKarWFQ=) RagnarokHaze
SCRIPT       : [BASICTERRITORIES] SyncTerritory Request From Client (LzOLSM35tEk65hv7vEBmJ0AtF4UnrPAB6euQoKarWFQ=) RagnarokHaze
SCRIPT       : [BASICTERRITORIES] SyncTerritory Request From Client (o5HWVdrZGjRLVWCRLeFPjlS7Bd5U2Iln-bmmqP_I_-I=) Cappy
SCRIPT       : [BASICTERRITORIES] SyncTerritory Request From Client (o5HWVdrZGjRLVWCRLeFPjlS7Bd5U2Iln-bmmqP_I_-I=) Cappy
SCRIPT       : [BASICTERRITORIES] SyncTerritory Request From Client (o5HWVdrZGjRLVWCRLeFPjlS7Bd5U2Iln-bmmqP_I_-I=) Cappy
SCRIPT       : [BASICTERRITORIES] SyncTerritory Request From Client (o5HWVdrZGjRLVWCRLeFPjlS7Bd5U2Iln-bmmqP_I_-I=) Cappy
SCRIPT       : [BASICTERRITORIES] SyncTerritory Request From Client (o5HWVdrZGjRLVWCRLeFPjlS7Bd5U2Iln-bmmqP_I_-I=) Cappy
SCRIPT       : [BASICTERRITORIES] SyncTerritory Request From Client (o5HWVdrZGjRLVWCRLeFPjlS7Bd5U2Iln-bmmqP_I_-I=) Cappy
SCRIPT       : [BASICTERRITORIES] SyncTerritory Request From Client (o5HWVdrZGjRLVWCRLeFPjlS7Bd5U2Iln-bmmqP_I_-I=) Cappy
SCRIPT       : [BASICTERRITORIES] SyncTerritory Request From Client (o5HWVdrZGjRLVWCRLeFPjlS7Bd5U2Iln-bmmqP_I_-I=) Cappy
SCRIPT       : [BASICTERRITORIES] SyncTerritory Request From Client (LzOLSM35tEk65hv7vEBmJ0AtF4UnrPAB6euQoKarWFQ=) RagnarokHaze
SCRIPT       : [BASICTERRITORIES] SyncTerritory Request From Client (LzOLSM35tEk65hv7vEBmJ0AtF4UnrPAB6euQoKarWFQ=) RagnarokHaze
SCRIPT       : [BASICTERRITORIES] SyncTerritory Request From Client (LzOLSM35tEk65hv7vEBmJ0AtF4UnrPAB6euQoKarWFQ=) RagnarokHaze
SCRIPT       : [BASICTERRITORIES] SyncTerritory Request From Client (o5HWVdrZGjRLVWCRLeFPjlS7Bd5U2Iln-bmmqP_I_-I=) Cappy
SCRIPT       : [BASICTERRITORIES] SyncTerritory Request From Client (o5HWVdrZGjRLVWCRLeFPjlS7Bd5U2Iln-bmmqP_I_-I=) Cappy
SCRIPT       : [BASICTERRITORIES] SyncTerritory Request From Client (o5HWVdrZGjRLVWCRLeFPjlS7Bd5U2Iln-bmmqP_I_-I=) Cappy
SCRIPT       : [BASICTERRITORIES] SyncTerritory Request From Client (o5HWVdrZGjRLVWCRLeFPjlS7Bd5U2Iln-bmmqP_I_-I=) Cappy
SCRIPT       : [BASICTERRITORIES] SyncTerritory Request From Client (o5HWVdrZGjRLVWCRLeFPjlS7Bd5U2Iln-bmmqP_I_-I=) Cappy
SCRIPT       : [BASICTERRITORIES] SyncTerritory Request From Client (o5HWVdrZGjRLVWCRLeFPjlS7Bd5U2Iln-bmmqP_I_-I=) Cappy
SCRIPT       : [BASICTERRITORIES] SyncTerritory Request From Client (o5HWVdrZGjRLVWCRLeFPjlS7Bd5U2Iln-bmmqP_I_-I=) Cappy
SCRIPT       : [BASICTERRITORIES] SyncTerritory Request From Client (LzOLSM35tEk65hv7vEBmJ0AtF4UnrPAB6euQoKarWFQ=) RagnarokHaze
SCRIPT       : [BASICTERRITORIES] SyncTerritory Request From Client (o5HWVdrZGjRLVWCRLeFPjlS7Bd5U2Iln-bmmqP_I_-I=) Cappy
SCRIPT       : [BASICTERRITORIES] SyncTerritory Request From Client (o5HWVdrZGjRLVWCRLeFPjlS7Bd5U2Iln-bmmqP_I_-I=) Cappy
SCRIPT       : [BASICTERRITORIES] SyncTerritory Request From Client (o5HWVdrZGjRLVWCRLeFPjlS7Bd5U2Iln-bmmqP_I_-I=) Cappy
SCRIPT       : [BASICTERRITORIES] SyncTerritory Request From Client (LzOLSM35tEk65hv7vEBmJ0AtF4UnrPAB6euQoKarWFQ=) RagnarokHaze
SCRIPT       : [BASICTERRITORIES] SyncTerritory Request From Client (o5HWVdrZGjRLVWCRLeFPjlS7Bd5U2Iln-bmmqP_I_-I=) Cappy
SCRIPT       : [BASICTERRITORIES] SyncTerritory Request From Client (o5HWVdrZGjRLVWCRLeFPjlS7Bd5U2Iln-bmmqP_I_-I=) Cappy
SCRIPT       : [BASICTERRITORIES] SyncTerritory Request From Client (o5HWVdrZGjRLVWCRLeFPjlS7Bd5U2Iln-bmmqP_I_-I=) Cappy
SCRIPT       : [inv] ReplaceItemWithNewLambdaBase Step B) remove OK, loc={ type=HANDS item=AmmoBox_762x39Tracer_20Rnd:028171 parent=SurvivorM_Cyril:02 }
SCRIPT       : UnboxLambda::SetupNewMagazine new_item=Ammo_762x39Tracer<1c1b3220> count=20
SCRIPT       : [inv] ReplaceItemWithNewLambdaBase Step B) remove OK, loc={ type=HANDS item=Pate:018844 parent=SurvivorM_Cyril:02 }
SCRIPT       : [inv] ReplaceItemWithNewLambdaBase Step B) remove OK, loc={ type=HANDS item=Pate_Opened:09001 parent=SurvivorM_Cyril:02 }
SCRIPT       : [inv] ReplaceItemWithNewLambdaBase Step B) remove OK, loc={ type=HANDS item=Rice:013523 parent=SurvivorM_Cyril:02 }
SCRIPT       : ---- PlayerBase OnStoreLoad SUCCESS ----
SCRIPT       : [VPPAT] Player "goof" (steamId=76561198103590483) connected to server!
SCRIPT       : [PlayerListManager] AddReceiver ► added: PlayerIdentity<e2105b40>
SCRIPT       : [emote] SurvivorM_Francis:04 play emote id=5 IH=Mp133Shotgun:015860
SCRIPT       : [inv] ReplaceItemWithNewLambdaBase Step B) remove OK, loc={ type=HANDS item=SodaCan_Fronta:023232 parent=SurvivorM_Cyril:02 }
SCRIPT    (E): [Object::GetMaxHealth] :: [Land_Wreck_sed01_aban2_police:0] :: No DamageSystemData or not initialized yet.
SCRIPT       : [inv] ReplaceItemWithNewLambdaBase Step B) remove OK, loc={ type=HANDS item=SodaCan_Kvass:022532 parent=SurvivorM_Francis:04 }
SCRIPT       : [inv] ReplaceItemWithNewLambdaBase Step B) remove OK, loc={ type=HANDS item=AmmoBox_380_35rnd:018950 parent=SurvivorM_Francis:04 }
SCRIPT       : UnboxLambda::SetupNewMagazine new_item=Ammo_380<11322300> count=35
SCRIPT       : [inv] ReplaceItemWithNewLambdaBase Step B) remove OK, loc={ type=HANDS item=Pajka:010460 parent=SurvivorM_Francis:04 }
SCRIPT       : [inv] ReplaceItemWithNewLambdaBase Step B) remove OK, loc={ type=HANDS item=Pajka_Opened:021975 parent=SurvivorM_Francis:04 }
SCRIPT       : [inv] ReplaceItemWithNewLambdaBase Step B) remove OK, loc={ type=HANDS item=BrisketSpread:014836 parent=SurvivorM_Francis:04 }
SCRIPT       : [inv] ReplaceItemWithNewLambdaBase Step B) remove OK, loc={ type=HANDS item=BrisketSpread_Opened:020470 parent=SurvivorM_Francis:04 }
SCRIPT       : [inv] ReplaceItemWithNewLambdaBase Step B) remove OK, loc={ type=HANDS item=SardinesCan:018872 parent=SurvivorM_Francis:04 }
SCRIPT       : [inv] ReplaceItemWithNewLambdaBase Step B) remove OK, loc={ type=HANDS item=SardinesCan_Opened:014825 parent=SurvivorM_Francis:04 }
SCRIPT       : [inv] ReplaceItemWithNewLambdaBase Step B) remove OK, loc={ type=HANDS item=AmmoBox_545x39_20Rnd:028128 parent=SurvivorF_Maria:01 }
SCRIPT       : UnboxLambda::SetupNewMagazine new_item=Ammo_545x39<1f760c90> count=20
SCRIPT       : [inv] ReplaceItemWithNewLambdaBase Step B) remove OK, loc={ type=HANDS item=SpaghettiCan:017722 parent=SurvivorM_Francis:04 }
SCRIPT       : [inv] ReplaceItemWithNewLambdaBase Step B) remove OK, loc={ type=HANDS item=SpaghettiCan_Opened:017722 parent=SurvivorM_Francis:04 }
SCRIPT       : [BASICTERRITORIES] SyncTerritory Request From Client (AJk5kcQZDTuaz-cCbZ8GTKf_iBHCJgMbVw46_vFILMI=) goof
SCRIPT       : [BASICTERRITORIES] SyncTerritory Request From Client (LzOLSM35tEk65hv7vEBmJ0AtF4UnrPAB6euQoKarWFQ=) RagnarokHaze
SCRIPT       : [BASICTERRITORIES] SyncTerritory Request From Client (o5HWVdrZGjRLVWCRLeFPjlS7Bd5U2Iln-bmmqP_I_-I=) Cappy
SCRIPT    (E): NULL pointer to instance
Class:      'AdminTools'
Function: 'RepairVehicles'
Stack trace:
VPPAdminTools/4_World/vppadmintools\plugins\pluginbase\admintools\admintools.c:173
VPPAdminTools/3_Game/communityframework\rpc\rpcmanager.c:86
VPPAdminTools/3_Game/communityframework\rpc\dayzgame.c:7
SCRIPT       : [emote] SurvivorM_Oliver:03 play emote id=5 IH=null
SCRIPT       : [emote] SurvivorM_Mirek:05 play emote id=5 IH=null
SCRIPT       : [BASICTERRITORIES] SyncTerritory Request From Client (o5HWVdrZGjRLVWCRLeFPjlS7Bd5U2Iln-bmmqP_I_-I=) Cappy
SCRIPT       : [Logout]: New player AJk5kcQZDTuaz-cCbZ8GTKf_iBHCJgMbVw46_vFILMI= with logout time 2
SCRIPT       : Player "goof" (steamid=76561198103590483) initiated disconnect process...
SCRIPT       : [emote] SurvivorM_Francis:04 play emote id=14 IH=null
SCRIPT       : [Logout]: Player AJk5kcQZDTuaz-cCbZ8GTKf_iBHCJgMbVw46_vFILMI= cancelled
SCRIPT       : [VPPAT] Player "goof" (steamId=76561198103590483) aborted logout process [canceledLogout]
SCRIPT       : [Logout]: New player AJk5kcQZDTuaz-cCbZ8GTKf_iBHCJgMbVw46_vFILMI= with logout time 2
SCRIPT       : Player "goof" (steamid=76561198103590483) initiated disconnect process...
SCRIPT       : [emote] SurvivorM_Francis:04 play emote id=14 IH=null
SCRIPT       : Player "goof" (steamid=76561198103590483) disconnected early from server (EXIT NOW).
SCRIPT       : [Logout]: Player AJk5kcQZDTuaz-cCbZ8GTKf_iBHCJgMbVw46_vFILMI= finished
SCRIPT       : Player "goof" (steamid=76561198103590483) disconnected from server.
SCRIPT       : [PlayerListManager] SyncEntryToReceivers ► uid: AJk5kcQZDTuaz-cCbZ8GTKf_iBHCJgMbVw46_vFILMI= isn't in the players list! sending a remove.
SCRIPT       : HandleOnPlayerDisconnected -> PlayerListManager.RemoveEntry ► AJk5kcQZDTuaz-cCbZ8GTKf_iBHCJgMbVw46_vFILMI=
SCRIPT    (E): [Object::GetMaxHealth] :: [Land_Wreck_hb01_aban1_police:0] :: No DamageSystemData or not initialized yet.
SCRIPT       : ---- PlayerBase OnStoreLoad SUCCESS ----
SCRIPT       : [VPPAT] Player "goof" (steamId=76561198103590483) connected to server!
SCRIPT       : [PlayerListManager] AddReceiver ► added: PlayerIdentity<e2105410>
SCRIPT       : [emote] SurvivorM_Francis:04 play emote id=5 IH=null
SCRIPT       : [emote] SurvivorM_Oliver:06 play emote id=5 IH=null
SCRIPT       : [emote] SurvivorM_Francis:07 play emote id=5 IH=null
SCRIPT       : [BASICTERRITORIES] SyncTerritory Request From Client (LzOLSM35tEk65hv7vEBmJ0AtF4UnrPAB6euQoKarWFQ=) RagnarokHaze
SCRIPT       : [Logout]: New player AJk5kcQZDTuaz-cCbZ8GTKf_iBHCJgMbVw46_vFILMI= with logout time 2
SCRIPT       : Player "goof" (steamid=76561198103590483) initiated disconnect process...
SCRIPT       : [emote] SurvivorM_Francis:07 play emote id=14 IH=null
SCRIPT       : [Logout]: Player AJk5kcQZDTuaz-cCbZ8GTKf_iBHCJgMbVw46_vFILMI= cancelled
SCRIPT       : [VPPAT] Player "goof" (steamId=76561198103590483) aborted logout process [canceledLogout]
SCRIPT       : [BASICTERRITORIES] SyncTerritory Request From Client (AJk5kcQZDTuaz-cCbZ8GTKf_iBHCJgMbVw46_vFILMI=) goof
SCRIPT       : [inv] ReplaceItemWithNewLambdaBase Step B) remove OK, loc={ type=GROUND item=Sedan_02_Wheel:024133 pos=(6077.42, 301.118, 7766.81) dir=(0.693199, -0.693199, 0.139552, -0.139552) }
SCRIPT       : [Logout]: New player AJk5kcQZDTuaz-cCbZ8GTKf_iBHCJgMbVw46_vFILMI= with logout time 2
SCRIPT       : Player "goof" (steamid=76561198103590483) initiated disconnect process...
SCRIPT       : [Logout]: Player AJk5kcQZDTuaz-cCbZ8GTKf_iBHCJgMbVw46_vFILMI= finished
SCRIPT       : Player "goof" (steamid=76561198103590483) disconnected from server.
SCRIPT       : [PlayerListManager] SyncEntryToReceivers ► uid: AJk5kcQZDTuaz-cCbZ8GTKf_iBHCJgMbVw46_vFILMI= isn't in the players list! sending a remove.
SCRIPT       : HandleOnPlayerDisconnected -> PlayerListManager.RemoveEntry ► AJk5kcQZDTuaz-cCbZ8GTKf_iBHCJgMbVw46_vFILMI=
SCRIPT    (E): NULL pointer to instance
Class:      'AdminTools'
Function: 'RepairVehicles'
Stack trace:
VPPAdminTools/4_World/vppadmintools\plugins\pluginbase\admintools\admintools.c:173
VPPAdminTools/3_Game/communityframework\rpc\rpcmanager.c:86
VPPAdminTools/3_Game/communityframework\rpc\dayzgame.c:7
SCRIPT    (E): NULL pointer to instance
Class:      'AdminTools'
Function: 'RepairVehicles'
Stack trace:
VPPAdminTools/4_World/vppadmintools\plugins\pluginbase\admintools\admintools.c:173
VPPAdminTools/3_Game/communityframework\rpc\rpcmanager.c:86
VPPAdminTools/3_Game/communityframework\rpc\dayzgame.c:7
SCRIPT       : [BASICTERRITORIES] SyncTerritory Request From Client (o5HWVdrZGjRLVWCRLeFPjlS7Bd5U2Iln-bmmqP_I_-I=) Cappy
SCRIPT    (E): [Object::GetMaxHealth] :: [Land_Wreck_Volha_Police:0] :: No DamageSystemData or not initialized yet.
SCRIPT       : [BASICTERRITORIES] SyncTerritory Request From Client (o5HWVdrZGjRLVWCRLeFPjlS7Bd5U2Iln-bmmqP_I_-I=) Cappy
SCRIPT       : [BASICTERRITORIES] SyncTerritory Request From Client (LzOLSM35tEk65hv7vEBmJ0AtF4UnrPAB6euQoKarWFQ=) RagnarokHaze
SCRIPT       : [BASICTERRITORIES] SyncTerritory Request From Client (o5HWVdrZGjRLVWCRLeFPjlS7Bd5U2Iln-bmmqP_I_-I=) Cappy
SCRIPT       : [BASICTERRITORIES] SyncTerritory Request From Client (LzOLSM35tEk65hv7vEBmJ0AtF4UnrPAB6euQoKarWFQ=) RagnarokHaze
SCRIPT    (E): [Object::GetMaxHealth] :: [Land_Wreck_sed01_aban1_police:0] :: No DamageSystemData or not initialized yet.
SCRIPT       : [BASICTERRITORIES] SyncTerritory Request From Client (LzOLSM35tEk65hv7vEBmJ0AtF4UnrPAB6euQoKarWFQ=) RagnarokHaze
SCRIPT       : [Logout]: New player o5HWVdrZGjRLVWCRLeFPjlS7Bd5U2Iln-bmmqP_I_-I= with logout time 2
SCRIPT       : Player "Cappy" (steamid=76561198079984427) initiated disconnect process...
SCRIPT       : [emote] SurvivorM_Mirek:05 play emote id=14 IH=null
SCRIPT       : Player "Cappy" (steamid=76561198079984427) disconnected early from server (EXIT NOW).
SCRIPT       : [Logout]: Player o5HWVdrZGjRLVWCRLeFPjlS7Bd5U2Iln-bmmqP_I_-I= finished
SCRIPT       : Player "Cappy" (steamid=76561198079984427) disconnected from server.
SCRIPT       : [PlayerListManager] SyncEntryToReceivers ► uid: o5HWVdrZGjRLVWCRLeFPjlS7Bd5U2Iln-bmmqP_I_-I= isn't in the players list! sending a remove.
SCRIPT       : HandleOnPlayerDisconnected -> PlayerListManager.RemoveEntry ► o5HWVdrZGjRLVWCRLeFPjlS7Bd5U2Iln-bmmqP_I_-I=
SCRIPT       : [inv] ReplaceItemWithNewLambdaBase Step B) remove OK, loc={ type=HANDS item=SodaCan_Cola:012122 parent=SurvivorM_Oliver:06 }
SCRIPT       : [Logout]: New player LzOLSM35tEk65hv7vEBmJ0AtF4UnrPAB6euQoKarWFQ= with logout time 2
SCRIPT       : Player "RagnarokHaze" (steamid=76561198120496196) initiated disconnect process...
SCRIPT       : [emote] SurvivorM_Oliver:06 play emote id=14 IH=SSG82:013422
SCRIPT       : [Logout]: Player LzOLSM35tEk65hv7vEBmJ0AtF4UnrPAB6euQoKarWFQ= finished
SCRIPT       : Player "RagnarokHaze" (steamid=76561198120496196) disconnected from server.
SCRIPT       : [PlayerListManager] SyncEntryToReceivers ► uid: LzOLSM35tEk65hv7vEBmJ0AtF4UnrPAB6euQoKarWFQ= isn't in the players list! sending a remove.
SCRIPT       : HandleOnPlayerDisconnected -> PlayerListManager.RemoveEntry ► LzOLSM35tEk65hv7vEBmJ0AtF4UnrPAB6euQoKarWFQ=
