---------------------------------------------
Log C:\TCAFiles\Users\admin\1\instance\script_2023-03-06_02-19-39.log started at 06.03. 02:19:40

SCRIPT       : Registered 343 temporary action enum(s), UAN==343
SCRIPT    (W): @"Notifications/scripts/3_Game/client\notifications\notificationui.c,13": FIX-ME: Overriding function 'AddNotification' but not marked as 'override'
SCRIPT    (W): @"Notifications/scripts/3_Game/client\notifications\notificationui.c,46": FIX-ME: Overriding function 'UpdateTargetHeight' but not marked as 'override'
SCRIPT    (W): @"Notifications/scripts/3_Game/client\notifications\notificationui.c,81": FIX-ME: Overriding function 'RemoveNotification' but not marked as 'override'
SCRIPT    (W): @"BasicMap/scripts/3_Game/gui\basicmapmenu.c,556": FIX-ME: Overriding function 'LockControls' but not marked as 'override'
SCRIPT       : ... Backlit Effects Enabled
SCRIPT       : VPPNotificationManager()
SCRIPT       : [VPPAT] Internal VPPNotifications module loaded!
SCRIPT       : [DayZ Game]:: DayZGame(): Initializing V++ Admin Tools.
SCRIPT       : Default Mission: $saves:VPPDebugMissions/Debug.chernarusplus exists!
SCRIPT       : Default Mission: $saves:VPPDebugMissions/Debug.enoch exists!
SCRIPT    (W): @"VPPAdminTools/4_World/vppadmintools\plugins\pluginbase\webhooksmanager\classes\webhookmessagebase.c,53": Possible variable name conflict 'title'
SCRIPT    (W): @"VPPAdminTools/4_World/vppadmintools\plugins\pluginbase\webhooksmanager\classes\webhookmessagebase.c,53": Possible variable name conflict 'color'
SCRIPT    (W): @"TraderPlus/scripts/4_World/classes\tradersystemhandler\core\tradermenu.c,455": FIX-ME: Overriding function 'OnMouseButtonDown' but not marked as 'override'
SCRIPT    (W): @"TraderPlus/scripts/4_World/classes\tradersystemhandler\core\tradermenu.c,1031": FIX-ME: Overriding function 'OnDoubleClick' but not marked as 'override'
SCRIPT    (W): @"TraderPlusBanking/scripts/4_World/classes\tpbsystemhandler\core\traderplusbankingmenu.c,344": FIX-ME: Overriding function 'OnChange' but not marked as 'override'
SCRIPT    (W): @"VPPAdminTools/4_World/vppadmintools\plugins\pluginbase\webhooksmanager\classes\messagetypes\joinleavemessage.c,7": Possible variable name conflict 'guid'
SCRIPT    (W): @"VPPAdminTools/4_World/vppadmintools\plugins\pluginbase\webhooksmanager\classes\messagetypes\joinleavemessage.c,7": Possible variable name conflict 'details'
SCRIPT    (W): @"TraderPlus/scripts/4_World/classes\tradersystemhandler\core\traderpluscategorymenu.c,15": Possible variable name conflict 'layoutRoot'
SCRIPT    (W): @"TraderPlus/scripts/4_World/classes\tradersystemhandler\core\traderpluscategorymenu.c,25": Possible variable name conflict 'layoutRoot'
SCRIPT    (W): @"TraderPlus/scripts/4_World/classes\tradersystemhandler\core\traderpluscategorymenu.c,211": FIX-ME: Overriding function 'OnDoubleClick' but not marked as 'override'
SCRIPT    (W): @"TraderPlus/scripts/4_World/classes\tradersystemhandler\core\traderpluscategorymenu.c,243": FIX-ME: Overriding function 'OnClick' but not marked as 'override'
SCRIPT    (W): @"TraderPlus/scripts/4_World/entities\receipt\newreceipt.c,25": Unsafe down-casting, use 'NewReceipt.Cast' for safe down-casting
SCRIPT    (W): @"TraderPlus/scripts/4_World/classes\tradersystemhandler\core\traderplusserver.c,615": Unsafe down-casting, use 'NewReceipt.Cast' for safe down-casting
SCRIPT    (W): @"VPPAdminTools/4_World/vppadmintools\plugins\pluginbase\admintools\admintools.c,60": No need to use 'Cast' for up-casting
SCRIPT    (W): @"SafeZone/scripts/5_Mission/vicinityitemmanager.c,17": Missing ';' at the end of line
SCRIPT    (W): @"VPPAdminTools/5_Mission/vppadmintools\gui\submenus\menuobjectmanager\menuobjectmanager.c,203": Missing ';' at the end of line
SCRIPT    (W): @"VPPAdminTools/5_Mission/vppadmintools\gui\vppadminhud.c,126": Unsafe down-casting, use 'MenuObjectManager.Cast' for safe down-casting
SCRIPT    (W): @"VPPAdminTools/5_Mission/vppadmintools\gui\submenus\menuesptools\esptoolsmenu.c,580": Unsafe down-casting, use 'EntityAI.Cast' for safe down-casting
SCRIPT    (W): @"VPPAdminTools/5_Mission/vppadmintools\gui\submenus\menuplayermanager\menuplayermanager.c,71": FIX-ME: Callbacks do not properly support overloaded methods 'OnUpdate'
SCRIPT    (W): @"VPPAdminTools/5_Mission/vppadmintools\missiondebug.c,38": Unsafe down-casting, use 'PlayerBase.Cast' for safe down-casting
SCRIPT       : Vanilla++ AdminTools Plugins Registering..
SCRIPT       : [WebHooksManager] Loading Saved Webhooks configuration
SCRIPT       : [BasicMap] Init Server
SCRIPT       : 06.03.2023 02:19:51 [ServerPanelLogger]: INFO: Switching to logfile: $profile:ServerPanel_06-03-2023_02-19-51.log
SCRIPT       : [MissionServer] OnInit - Server
SCRIPT       : [Notifications] OnInit
SCRIPT       : [Notifications] Loading Config
SCRIPT       : [MissionServer] OnMissionStart - Server
SCRIPT       : string dirtyName = 'EpsilonCommunity|ItemsRequired|ManyZombies|PvPKOSAllowed'
SCRIPT       : [BasicTerritories] OnInit
SCRIPT       : [BasicTerritories] Loading Config
SCRIPT       : [BasicTerritories] BaseDamage [Enabled]
SCRIPT       : File Opened from$profile:BasicTerritories\RaidHandlers.json
SCRIPT       : m_LoginTimeMs: 6200
SCRIPT       : Stomach checksum fail
SCRIPT       : ---- PlayerBase OnStoreLoad SUCCESS ----
SCRIPT       : [VPPAT] Player "Cappy" (steamId=76561198079984427) connected to server!
SCRIPT       : [PlayerListManager] AddReceiver ► added: PlayerIdentity<32f470>
SCRIPT    (E): [Object::GetMaxHealth] :: [Land_Wreck_sed01_aban2_police:0] :: No DamageSystemData or not initialized yet.
SCRIPT    (E): [Object::GetMaxHealth] :: [Land_Wreck_sed01_aban1_police:0] :: No DamageSystemData or not initialized yet.
SCRIPT       : [Permissions Manager] Admin (Cappy) (76561198079984427) Successfully Logged in!
SCRIPT    (E): [Object::GetMaxHealth] :: [Land_Wreck_hb01_aban1_police:0] :: No DamageSystemData or not initialized yet.
SCRIPT    (E): [Object::GetMaxHealth] :: [Land_Wreck_hb01_aban2_police:0] :: No DamageSystemData or not initialized yet.
SCRIPT    (E): [Object::GetMaxHealth] :: [Land_Wreck_Volha_Police:0] :: No DamageSystemData or not initialized yet.
